Testing database connections...
  - Connected to node database: /Users/tadeatobatele/Documents/UniStuff/CS351 Project/code/PoSBlockchain/network_data/node_0/data/node.db
  - Connected to blockchain database: /Users/tadeatobatele/Documents/UniStuff/CS351 Project/code/PoSBlockchain/network_data/node_0/data/blockchain.db
  - Connected to account database: /Users/tadeatobatele/Documents/UniStuff/CS351 Project/code/PoSBlockchain/network_data/node_0/data/account.db
Starting node 0 on port 9000 with custom DB paths
Account details: {"public_addr": "1DPPqS7kQNQMcn28du4sYJe8YKLUH8Jrig", "privateKey": "96535626569238604192129746772702330856431841702880282095447645155889990991526", "public_key": "0248c103d04cc26840fa000d9614301fa5aee9d79b3a972e61c0712367658530b4"}
All accounts written to DB at: /Users/tadeatobatele/Documents/UniStuff/CS351 Project/code/PoSBlockchain/network_data/node_0/data/account.db
Account details: public_addr=1DPPqS7kQNQMcn28du4sYJe8YKLUH8Jrig, balance=None
Setting blockchain public address to: 1DPPqS7kQNQMcn28du4sYJe8YKLUH8Jrig
Blockchain initialized successfully through BlockchainManager
Testing database connections...
  - Connected to node database: /Users/tadeatobatele/Documents/UniStuff/CS351 Project/code/PoSBlockchain/network_data/node_0/data/node.db
  - Connected to blockchain database: /Users/tadeatobatele/Documents/UniStuff/CS351 Project/code/PoSBlockchain/network_data/node_0/data/blockchain.db
  - Connected to account database: /Users/tadeatobatele/Documents/UniStuff/CS351 Project/code/PoSBlockchain/network_data/node_0/data/account.db
Frontend starting on port 5900, node network port is 9000
 * Serving Flask app 'code_node2.Blockchain.Frontend.run' (lazy loading)
 * Environment: production
   WARNING: This is a development server. Do not use it in a production deployment.
   Use a production WSGI server instead.
 * Debug mode: on
Testing database connections...
  - Connected to node database: /Users/tadeatobatele/Documents/UniStuff/CS351 Project/code/PoSBlockchain/network_data/node_0/data/node.db
  - Connected to blockchain database: /Users/tadeatobatele/Documents/UniStuff/CS351 Project/code/PoSBlockchain/network_data/node_0/data/blockchain.db
  - Connected to account database: /Users/tadeatobatele/Documents/UniStuff/CS351 Project/code/PoSBlockchain/network_data/node_0/data/account.db
[DEBUG] AccountDB using path: data/account.db
[Node Setup] Last block height is: 6
DEBUG: Starting new UTXO set construction (with missing reference logging).
DEBUG: Added transaction 540c71325309c7ff41ec331ff5791c4b31b49fd389c9b73e3b6fe77a4cc3894d to allTxs.
DEBUG: Added transaction 2e9bdc773a5122a7d3418acb19f142558886a317cfc601feb04c684b1c206a46 to allTxs.
DEBUG: Added transaction c2f701b71dd9174ca532de356b09111213d05f93206585e252648ddb5a1e5251 to allTxs.
DEBUG: Added transaction f98ef4e6f312fc1c0cc6b0f0563c53b041814ca7681c513e07f4807e000263b1 to allTxs.
DEBUG: Added transaction 85d75e7dc7de1d2fd8641c7092facc4df67d9f4b13ad58c1e32ba81959c50afc to allTxs.
DEBUG: Added transaction 51e5e48ed49d8797da7d9e13cb7a328fbd981800eab79e2c35a8bd1cb6d871c2 to allTxs.
DEBUG: Added transaction 63837feecd758941ee1babbfb48822b1e2c9dca96abb5d40923875963cefaf25 to allTxs.
DEBUG: Added transaction c0bb12145ca2c69fc205f316fb4ce16297bbcf219025c6279f2dc4e501b893a0 to allTxs.
DEBUG: Added transaction 699e834d23cc5e62bbbd5089922dde8c255acf42f13495e9f7f2a3c1b10d936f to allTxs.
DEBUG: Marked spent outpoint (2e9bdc773a5122a7d3418acb19f142558886a317cfc601feb04c684b1c206a46, 0)
DEBUG: Marked spent outpoint (540c71325309c7ff41ec331ff5791c4b31b49fd389c9b73e3b6fe77a4cc3894d, 2)
DEBUG: UTXO added: (540c71325309c7ff41ec331ff5791c4b31b49fd389c9b73e3b6fe77a4cc3894d, 0) amount=10000000000
DEBUG: UTXO added: (540c71325309c7ff41ec331ff5791c4b31b49fd389c9b73e3b6fe77a4cc3894d, 1) amount=10000000000
DEBUG: Output (540c71325309c7ff41ec331ff5791c4b31b49fd389c9b73e3b6fe77a4cc3894d, 2) is spent, skipping.
DEBUG: Output (2e9bdc773a5122a7d3418acb19f142558886a317cfc601feb04c684b1c206a46, 0) is spent, skipping.
DEBUG: UTXO added: (c2f701b71dd9174ca532de356b09111213d05f93206585e252648ddb5a1e5251, 0) amount=5000000000
DEBUG: UTXO added: (f98ef4e6f312fc1c0cc6b0f0563c53b041814ca7681c513e07f4807e000263b1, 0) amount=5000000000
DEBUG: UTXO added: (85d75e7dc7de1d2fd8641c7092facc4df67d9f4b13ad58c1e32ba81959c50afc, 0) amount=5000000000
DEBUG: UTXO added: (51e5e48ed49d8797da7d9e13cb7a328fbd981800eab79e2c35a8bd1cb6d871c2, 0) amount=5000000000
DEBUG: UTXO added: (63837feecd758941ee1babbfb48822b1e2c9dca96abb5d40923875963cefaf25, 0) amount=10000000000
DEBUG: UTXO added: (c0bb12145ca2c69fc205f316fb4ce16297bbcf219025c6279f2dc4e501b893a0, 0) amount=5000000000
DEBUG: UTXO added: (699e834d23cc5e62bbbd5089922dde8c255acf42f13495e9f7f2a3c1b10d936f, 0) amount=5000000000
DEBUG: UTXO set construction complete. Final UTXO set:
  ('540c71325309c7ff41ec331ff5791c4b31b49fd389c9b73e3b6fe77a4cc3894d', 0): cmds=[b'\x00', b'+\xa2\x86\x98\x08U)\xf9\n\xfe*\\\xff\xc2M"hx\xa8#', b'\x00\x00\x00\x00\x00\x00\x00\x00'] amount=10000000000
  ('540c71325309c7ff41ec331ff5791c4b31b49fd389c9b73e3b6fe77a4cc3894d', 1): cmds=[b'\x00', b"\x87\xdd\xb8\xe9\x14m'r\xa4\xd0\xf0\x1d-m00u\x10\xb7\xd0", b'\x00\x00\x00\x00\x00\x00\x00\x00'] amount=10000000000
  ('c2f701b71dd9174ca532de356b09111213d05f93206585e252648ddb5a1e5251', 0): cmds=[118, 169, b'+\xa2\x86\x98\x08U)\xf9\n\xfe*\\\xff\xc2M"hx\xa8#', 136, 172] amount=5000000000
  ('f98ef4e6f312fc1c0cc6b0f0563c53b041814ca7681c513e07f4807e000263b1', 0): cmds=[118, 169, b'\xdaG\x12>\xfcQ7\x911\xbe\xf1\xbf+\xa8\xc9\x1f`\xddr\xa8', 136, 172] amount=5000000000
  ('85d75e7dc7de1d2fd8641c7092facc4df67d9f4b13ad58c1e32ba81959c50afc', 0): cmds=[b'\x00', b'\xdaG\x12>\xfcQ7\x911\xbe\xf1\xbf+\xa8\xc9\x1f`\xddr\xa8', b'\x00\x00\x00\x00h\x06(\x87'] amount=5000000000
  ('51e5e48ed49d8797da7d9e13cb7a328fbd981800eab79e2c35a8bd1cb6d871c2', 0): cmds=[118, 169, b'+\xa2\x86\x98\x08U)\xf9\n\xfe*\\\xff\xc2M"hx\xa8#', 136, 172] amount=5000000000
  ('63837feecd758941ee1babbfb48822b1e2c9dca96abb5d40923875963cefaf25', 0): cmds=[118, 169, b"\x87\xdd\xb8\xe9\x14m'r\xa4\xd0\xf0\x1d-m00u\x10\xb7\xd0", 136, 172] amount=10000000000
  ('c0bb12145ca2c69fc205f316fb4ce16297bbcf219025c6279f2dc4e501b893a0', 0): cmds=[118, 169, b'\xdaG\x12>\xfcQ7\x911\xbe\xf1\xbf+\xa8\xc9\x1f`\xddr\xa8', 136, 172] amount=5000000000
  ('699e834d23cc5e62bbbd5089922dde8c255acf42f13495e9f7f2a3c1b10d936f', 0): cmds=[118, 169, b'\xdaG\x12>\xfcQ7\x911\xbe\xf1\xbf+\xa8\xc9\x1f`\xddr\xa8', 136, 172] amount=5000000000
[Node Setup] UTXO set constructed.
DEBUG: Starting new UTXO set construction (with missing reference logging).
DEBUG: Added transaction 540c71325309c7ff41ec331ff5791c4b31b49fd389c9b73e3b6fe77a4cc3894d to allTxs.
DEBUG: Added transaction 2e9bdc773a5122a7d3418acb19f142558886a317cfc601feb04c684b1c206a46 to allTxs.
DEBUG: Added transaction c2f701b71dd9174ca532de356b09111213d05f93206585e252648ddb5a1e5251 to allTxs.
DEBUG: Added transaction f98ef4e6f312fc1c0cc6b0f0563c53b041814ca7681c513e07f4807e000263b1 to allTxs.
DEBUG: Added transaction 85d75e7dc7de1d2fd8641c7092facc4df67d9f4b13ad58c1e32ba81959c50afc to allTxs.
DEBUG: Added transaction 51e5e48ed49d8797da7d9e13cb7a328fbd981800eab79e2c35a8bd1cb6d871c2 to allTxs.
DEBUG: Added transaction 63837feecd758941ee1babbfb48822b1e2c9dca96abb5d40923875963cefaf25 to allTxs.
DEBUG: Added transaction c0bb12145ca2c69fc205f316fb4ce16297bbcf219025c6279f2dc4e501b893a0 to allTxs.
DEBUG: Added transaction 699e834d23cc5e62bbbd5089922dde8c255acf42f13495e9f7f2a3c1b10d936f to allTxs.
DEBUG: Added transaction 447ca2151e0e5f3885e475330a28ce68027a0e6acb712051e2719df7c16548fc to allTxs.
DEBUG: Marked spent outpoint (2e9bdc773a5122a7d3418acb19f142558886a317cfc601feb04c684b1c206a46, 0)
DEBUG: Marked spent outpoint (540c71325309c7ff41ec331ff5791c4b31b49fd389c9b73e3b6fe77a4cc3894d, 2)
DEBUG: UTXO added: (540c71325309c7ff41ec331ff5791c4b31b49fd389c9b73e3b6fe77a4cc3894d, 0) amount=10000000000
DEBUG: UTXO added: (540c71325309c7ff41ec331ff5791c4b31b49fd389c9b73e3b6fe77a4cc3894d, 1) amount=10000000000
DEBUG: Output (540c71325309c7ff41ec331ff5791c4b31b49fd389c9b73e3b6fe77a4cc3894d, 2) is spent, skipping.
DEBUG: Output (2e9bdc773a5122a7d3418acb19f142558886a317cfc601feb04c684b1c206a46, 0) is spent, skipping.
DEBUG: UTXO added: (c2f701b71dd9174ca532de356b09111213d05f93206585e252648ddb5a1e5251, 0) amount=5000000000
DEBUG: UTXO added: (f98ef4e6f312fc1c0cc6b0f0563c53b041814ca7681c513e07f4807e000263b1, 0) amount=5000000000
DEBUG: UTXO added: (85d75e7dc7de1d2fd8641c7092facc4df67d9f4b13ad58c1e32ba81959c50afc, 0) amount=5000000000
DEBUG: UTXO added: (51e5e48ed49d8797da7d9e13cb7a328fbd981800eab79e2c35a8bd1cb6d871c2, 0) amount=5000000000
DEBUG: UTXO added: (63837feecd758941ee1babbfb48822b1e2c9dca96abb5d40923875963cefaf25, 0) amount=10000000000
DEBUG: UTXO added: (c0bb12145ca2c69fc205f316fb4ce16297bbcf219025c6279f2dc4e501b893a0, 0) amount=5000000000
DEBUG: UTXO added: (699e834d23cc5e62bbbd5089922dde8c255acf42f13495e9f7f2a3c1b10d936f, 0) amount=5000000000
DEBUG: UTXO added: (447ca2151e0e5f3885e475330a28ce68027a0e6acb712051e2719df7c16548fc, 0) amount=5000000000
DEBUG: UTXO set construction complete. Final UTXO set:
  ('540c71325309c7ff41ec331ff5791c4b31b49fd389c9b73e3b6fe77a4cc3894d', 0): cmds=[b'\x00', b'+\xa2\x86\x98\x08U)\xf9\n\xfe*\\\xff\xc2M"hx\xa8#', b'\x00\x00\x00\x00\x00\x00\x00\x00'] amount=10000000000
  ('540c71325309c7ff41ec331ff5791c4b31b49fd389c9b73e3b6fe77a4cc3894d', 1): cmds=[b'\x00', b"\x87\xdd\xb8\xe9\x14m'r\xa4\xd0\xf0\x1d-m00u\x10\xb7\xd0", b'\x00\x00\x00\x00\x00\x00\x00\x00'] amount=10000000000
  ('c2f701b71dd9174ca532de356b09111213d05f93206585e252648ddb5a1e5251', 0): cmds=[118, 169, b'+\xa2\x86\x98\x08U)\xf9\n\xfe*\\\xff\xc2M"hx\xa8#', 136, 172] amount=5000000000
  ('f98ef4e6f312fc1c0cc6b0f0563c53b041814ca7681c513e07f4807e000263b1', 0): cmds=[118, 169, b'\xdaG\x12>\xfcQ7\x911\xbe\xf1\xbf+\xa8\xc9\x1f`\xddr\xa8', 136, 172] amount=5000000000
  ('85d75e7dc7de1d2fd8641c7092facc4df67d9f4b13ad58c1e32ba81959c50afc', 0): cmds=[b'\x00', b'\xdaG\x12>\xfcQ7\x911\xbe\xf1\xbf+\xa8\xc9\x1f`\xddr\xa8', b'\x00\x00\x00\x00h\x06(\x87'] amount=5000000000Testing database connections...
  - Connected to node database: /Users/tadeatobatele/Documents/UniStuff/CS351 Project/code/PoSBlockchain/network_data/node_0/data/node.db
  - Connected to blockchain database: /Users/tadeatobatele/Documents/UniStuff/CS351 Project/code/PoSBlockchain/network_data/node_0/data/blockchain.db
  - Connected to account database: /Users/tadeatobatele/Documents/UniStuff/CS351 Project/code/PoSBlockchain/network_data/node_0/data/account.db
[DEBUG] PID 14828 binding to ('127.0.0.1', 9000)
SERVER STARTED
LISTENING at 127.0.0.1:9000
[syncManager] Received port check magic, closing connection.
[DEBUG] NetworkEnvelope.parse: got magic bytes f9beb4d9
[syncManager] Received validator selection message.
[DEBUG] Selected validator: 1Lu9SwPPo7DJYrMVrZnkDXVw5y4aEeF1kz
[DEBUG] My public address: 1DPPqS7kQNQMcn28du4sYJe8YKLUH8Jrig
[DEBUG] AccountDB using path: data/account.db
[DEBUG] AccountDB using path: data/account.db
[DEBUG] AccountDB using path: data/account.db
Database path used: data/account.db
Account object created: address=1DPPqS7kQNQMcn28du4sYJe8YKLUH8Jrig, staked=10000000000 satoshis (100.0 coins), unspent=0 satoshis (0.0 coins), 
[syncManager] Not the selected validator: 1Lu9SwPPo7DJYrMVrZnkDXVw5y4aEeF1kz
[DEBUG] NetworkEnvelope.parse: got magic bytes f9beb4d9
Received account update from port 9002 for address: 1Lu9SwPPo7DJYrMVrZnkDXVw5y4aEeF1kz
[DEBUG] AccountDB using path: data/account.db
Successfully updated local account database for 1Lu9SwPPo7DJYrMVrZnkDXVw5y4aEeF1kz
[DEBUG] NetworkEnvelope.parse: got magic bytes f9beb4d9
[Receiver] Received envelope with command: b'block' and payload length: 272 bytes
Successfully parsed signature: Signature(36bdb196d28bac7956281d90801245231ff21105616566f8c97775fce9b765e9,6daa20316cfa579279d25dd7d0b94b4b4be0676792f698c1520e389d953b63ae)
[HANDLECONN_DEBUG] Reconstructed BlockHeader: <Blockchain.Backend.core.blockheader.BlockHeader object at 0x107a52210>
[HANDLECONN_DEBUG]Signature: Signature(36bdb196d28bac7956281d90801245231ff21105616566f8c97775fce9b765e9,6daa20316cfa579279d25dd7d0b94b4b4be0676792f698c1520e389d953b63ae) <class 'Blockchain.Backend.core.EllepticCurve.EllepticCurve.Signature'>
[DEBUG serialise_with_signature] BlockHeader fields before serialization:
  version: 1
  prevBlockHash: b'\xc2c\xfe>@ei\x9f\x9f\xedP\xf3R8\x97\xc7\xc2\x93L4?\xb08fcnS*n\xfb\xc9o' (<class 'bytes'>)
  merkleRoot: b'\xfcHe\xc1\xf7\x9dq\xe2Q q\xcbj\x0ez\x02h\xce(\n3u\xe4\x858_\x0e\x1e\x15\xa2|D' (<class 'bytes'>)
  timestamp: 1745235725
  validator_pubkey: b'\x03[`[\x12\x1b\x03\x82\xb3@\xddU\xbb\x96\x0b\xd7<\x19\xbb[HMa\x83{A\xbe\xb2\x9b\x1e\x83A\xb1' (<class 'bytes'>)
  signature: Signature(36bdb196d28bac7956281d90801245231ff21105616566f8c97775fce9b765e9,6daa20316cfa579279d25dd7d0b94b4b4be0676792f698c1520e389d953b63ae) (<class 'Blockchain.Backend.core.EllepticCurve.EllepticCurve.Signature'>)
  serialized header: 010000006fc9fb6e2a536e636638b03f344c93c2c7973852f350ed9f9f6965403efe63c2447ca2151e0e5f3885e475330a28ce68027a0e6acb712051e2719df7c16548fc0d2f0668035b605b121b0382b340dd55bb960bd73c19bb5b484d61837b41beb29b1e8341b1463044022036bdb196d28bac7956281d90801245231ff21105616566f8c97775fce9b765e902206daa20316cfa579279d25dd7d0b94b4b4be0676792f698c1520e389d953b63ae
[DEBUG] Signature type: <class 'Blockchain.Backend.core.EllepticCurve.EllepticCurve.Signature'>, value: Signature(36bdb196d28bac7956281d90801245231ff21105616566f8c97775fce9b765e9,6daa20316cfa579279d25dd7d0b94b4b4be0676792f698c1520e389d953b63ae)
[HANDLECONN_DEBUG]Serialized header: 010000006fc9fb6e2a536e636638b03f344c93c2c7973852f350ed9f9f6965403efe63c2447ca2151e0e5f3885e475330a28ce68027a0e6acb712051e2719df7c16548fc0d2f0668035b605b121b0382b340dd55bb960bd73c19bb5b484d61837b41beb29b1e8341b1463044022036bdb196d28bac7956281d90801245231ff21105616566f8c97775fce9b765e902206daa20316cfa579279d25dd7d0b94b4b4be0676792f698c1520e389d953b63ae
New Block Received : 7
Blocks to process: 1
Processing block with hash: 28d2b957...
[DEBUG/PRB] BlockHeader fields for block 28d2b95773d319ddd49045685251a59249fdf7daeb421b17c12ff9670bd3779a:
  version: 1
  prevBlockHash: b'\xc2c\xfe>@ei\x9f\x9f\xedP\xf3R8\x97\xc7\xc2\x93L4?\xb08fcnS*n\xfb\xc9o' (<class 'bytes'>)
  merkleRoot: b'\xfcHe\xc1\xf7\x9dq\xe2Q q\xcbj\x0ez\x02h\xce(\n3u\xe4\x858_\x0e\x1e\x15\xa2|D' (<class 'bytes'>)
  timestamp: 1745235725
  validator_pubkey: b'\x03[`[\x12\x1b\x03\x82\xb3@\xddU\xbb\x96\x0b\xd7<\x19\xbb[HMa\x83{A\xbe\xb2\x9b\x1e\x83A\xb1' (<class 'bytes'>)
  signature: Signature(36bdb196d28bac7956281d90801245231ff21105616566f8c97775fce9b765e9,6daa20316cfa579279d25dd7d0b94b4b4be0676792f698c1520e389d953b63ae) (<class 'Blockchain.Backend.core.EllepticCurve.EllepticCurve.Signature'>)
[DEBUG serialise_with_signature] BlockHeader fields before serialization:
  version: 1
  prevBlockHash: b'\xc2c\xfe>@ei\x9f\x9f\xedP\xf3R8\x97\xc7\xc2\x93L4?\xb08fcnS*n\xfb\xc9o' (<class 'bytes'>)
  merkleRoot: b'\xfcHe\xc1\xf7\x9dq\xe2Q q\xcbj\x0ez\x02h\xce(\n3u\xe4\x858_\x0e\x1e\x15\xa2|D' (<class 'bytes'>)
  timestamp: 1745235725
  validator_pubkey: b'\x03[`[\x12\x1b\x03\x82\xb3@\xddU\xbb\x96\x0b\xd7<\x19\xbb[HMa\x83{A\xbe\xb2\x9b\x1e\x83A\xb1' (<class 'bytes'>)
  signature: Signature(36bdb196d28bac7956281d90801245231ff21105616566f8c97775fce9b765e9,6daa20316cfa579279d25dd7d0b94b4b4be0676792f698c1520e389d953b63ae) (<class 'Blockchain.Backend.core.EllepticCurve.EllepticCurve.Signature'>)
  serialized header: 010000006fc9fb6e2a536e636638b03f344c93c2c7973852f350ed9f9f6965403efe63c2447ca2151e0e5f3885e475330a28ce68027a0e6acb712051e2719df7c16548fc0d2f0668035b605b121b0382b340dd55bb960bd73c19bb5b484d61837b41beb29b1e8341b1463044022036bdb196d28bac7956281d90801245231ff21105616566f8c97775fce9b765e902206daa20316cfa579279d25dd7d0b94b4b4be0676792f698c1520e389d953b63ae
[DEBUG] Signature type: <class 'Blockchain.Backend.core.EllepticCurve.EllepticCurve.Signature'>, value: Signature(36bdb196d28bac7956281d90801245231ff21105616566f8c97775fce9b765e9,6daa20316cfa579279d25dd7d0b94b4b4be0676792f698c1520e389d953b63ae)
  serialized header (with sig): 010000006fc9fb6e2a536e636638b03f344c93c2c7973852f350ed9f9f6965403efe63c2447ca2151e0e5f3885e475330a28ce68027a0e6acb712051e2719df7c16548fc0d2f0668035b605b121b0382b340dd55bb960bd73c19bb5b484d61837b41beb29b1e8341b1463044022036bdb196d28bac7956281d90801245231ff21105616566f8c97775fce9b765e902206daa20316cfa579279d25dd7d0b94b4b4be0676792f698c1520e389d953b63ae
  serialized header (no sig): 010000006fc9fb6e2a536e636638b03f344c93c2c7973852f350ed9f9f6965403efe63c2447ca2151e0e5f3885e475330a28ce68027a0e6acb712051e2719df7c16548fc0d2f0668035b605b121b0382b340dd55bb960bd73c19bb5b484d61837b41beb29b1e8341b1
  computed block hash: 28d2b95773d319ddd49045685251a59249fdf7daeb421b17c12ff9670bd3779a
[ValidateBlockDEBUG] signature: Signature(36bdb196d28bac7956281d90801245231ff21105616566f8c97775fce9b765e9,6daa20316cfa579279d25dd7d0b94b4b4be0676792f698c1520e389d953b63ae)
Processed transaction with ID: 447ca2151e0e5f3885e475330a28ce68027a0e6acb712051e2719df7c16548fc
Attempting atomic write of block to database file: /Users/tadeatobatele/Documents/UniStuff/CS351 Project/code/PoSBlockchain/network_data/node_0/data/blockchain.db
[LocalChain] Block 7 successfully integrated (atomic write).
[DEBUG] UTXO set rebuilt.
[Mempool Cleanup] No confirmed transactions found in mempool.
[DEBUG] Mempool cleaned against chain.
[DEBUG] NetworkEnvelope.parse: got magic bytes f9beb4d9
Received account update from port 9002 for address: 1Lu9SwPPo7DJYrMVrZnkDXVw5y4aEeF1kz
[DEBUG] AccountDB using path: data/account.db
Successfully updated local account database for 1Lu9SwPPo7DJYrMVrZnkDXVw5y4aEeF1kz
[DEBUG] NetworkEnvelope.parse: got magic bytes f9beb4d9
[DEBUG] Incoming TX serialized hex: 0100000001b16302007e80f4073e511c68a74c8141b0533c56f0b0c60c1cfc12f3e6f48ef9000000006b483045022100b5f105ef0db8b86513ccee10ab90d602bf14f30f34b96792d601c806031860e802207bee7afe5b45cb0b5071570ad9ca0e476fe95d115c2ae40c0f3ceee466899b500121035b605b121b0382b340dd55bb960bd73c19bb5b484d61837b41beb29b1e8341b1ffffffff02005ed0b20000000020010014da47123efc51379131bef1bf2ba8c91f60dd72a8080000000068062f1b00943577000000001976a914da47123efc51379131bef1bf2ba8c91f60dd72a888ac1b2f0668
[DEBUG] Incoming TX TxId: 40cb87421a58bd9ee86b73cfce28bd09a4e250f8a6d26f931cd4b037da511308
  ('51e5e48ed49d8797da7d9e13cb7a328fbd981800eab79e2c35a8bd1cb6d871c2', 0): cmds=[118, 169, b'+\xa2\x86\x98\x08U)\xf9\n\xfe*\\\xff\xc2M"hx\xa8#', 136, 172] amount=5000000000
  ('63837feecd758941ee1babbfb48822b1e2c9dca96abb5d40923875963cefaf25', 0): cmds=[118, 169, b"\x87\xdd\xb8\xe9\x14m'r\xa4\xd0\xf0\x1d-m00u\x10\xb7\xd0", 136, 172] amount=10000000000
  ('c0bb12145ca2c69fc205f316fb4ce16297bbcf219025c6279f2dc4e501b893a0', 0): cmds=[118, 169, b'\xdaG\x12>\xfcQ7\x911\xbe\xf1\xbf+\xa8\xc9\x1f`\xddr\xa8', 136, 172] amount=5000000000
  ('699e834d23cc5e62bbbd5089922dde8c255acf42f13495e9f7f2a3c1b10d936f', 0): cmds=[118, 169, b'\xdaG\x12>\xfcQ7\x911\xbe\xf1\xbf+\xa8\xc9\x1f`\xddr\xa8', 136, 172] amount=5000000000
  ('447ca2151e0e5f3885e475330a28ce68027a0e6acb712051e2719df7c16548fc', 0): cmds=[118, 169, b'\xdaG\x12>\xfcQ7\x911\xbe\xf1\xbf+\xa8\xc9\x1f`\xddr\xa8', 136, 172] amount=5000000000
DEBUG: Starting new UTXO set construction (with missing reference logging).
DEBUG: Added transaction 540c71325309c7ff41ec331ff5791c4b31b49fd389c9b73e3b6fe77a4cc3894d to allTxs.
DEBUG: Added transaction 2e9bdc773a5122a7d3418acb19f142558886a317cfc601feb04c684b1c206a46 to allTxs.
DEBUG: Added transaction c2f701b71dd9174ca532de356b09111213d05f93206585e252648ddb5a1e5251 to allTxs.
DEBUG: Added transaction f98ef4e6f312fc1c0cc6b0f0563c53b041814ca7681c513e07f4807e000263b1 to allTxs.
DEBUG: Added transaction 85d75e7dc7de1d2fd8641c7092facc4df67d9f4b13ad58c1e32ba81959c50afc to allTxs.
DEBUG: Added transaction 51e5e48ed49d8797da7d9e13cb7a328fbd981800eab79e2c35a8bd1cb6d871c2 to allTxs.
DEBUG: Added transaction 63837feecd758941ee1babbfb48822b1e2c9dca96abb5d40923875963cefaf25 to allTxs.
DEBUG: Added transaction c0bb12145ca2c69fc205f316fb4ce16297bbcf219025c6279f2dc4e501b893a0 to allTxs.
DEBUG: Added transaction 699e834d23cc5e62bbbd5089922dde8c255acf42f13495e9f7f2a3c1b10d936f to allTxs.
DEBUG: Added transaction 447ca2151e0e5f3885e475330a28ce68027a0e6acb712051e2719df7c16548fc to allTxs.
DEBUG: Marked spent outpoint (2e9bdc773a5122a7d3418acb19f142558886a317cfc601feb04c684b1c206a46, 0)
DEBUG: Marked spent outpoint (540c71325309c7ff41ec331ff5791c4b31b49fd389c9b73e3b6fe77a4cc3894d, 2)
DEBUG: UTXO added: (540c71325309c7ff41ec331ff5791c4b31b49fd389c9b73e3b6fe77a4cc3894d, 0) amount=10000000000
DEBUG: UTXO added: (540c71325309c7ff41ec331ff5791c4b31b49fd389c9b73e3b6fe77a4cc3894d, 1) amount=10000000000
DEBUG: Output (540c71325309c7ff41ec331ff5791c4b31b49fd389c9b73e3b6fe77a4cc3894d, 2) is spent, skipping.
DEBUG: Output (2e9bdc773a5122a7d3418acb19f142558886a317cfc601feb04c684b1c206a46, 0) is spent, skipping.
DEBUG: UTXO added: (c2f701b71dd9174ca532de356b09111213d05f93206585e252648ddb5a1e5251, 0) amount=5000000000
DEBUG: UTXO added: (f98ef4e6f312fc1c0cc6b0f0563c53b041814ca7681c513e07f4807e000263b1, 0) amount=5000000000
DEBUG: UTXO added: (85d75e7dc7de1d2fd8641c7092facc4df67d9f4b13ad58c1e32ba81959c50afc, 0) amount=5000000000
DEBUG: UTXO added: (51e5e48ed49d8797da7d9e13cb7a328fbd981800eab79e2c35a8bd1cb6d871c2, 0) amount=5000000000
DEBUG: UTXO added: (63837feecd758941ee1babbfb48822b1e2c9dca96abb5d40923875963cefaf25, 0) amount=10000000000
DEBUG: UTXO added: (c0bb12145ca2c69fc205f316fb4ce16297bbcf219025c6279f2dc4e501b893a0, 0) amount=5000000000
DEBUG: UTXO added: (699e834d23cc5e62bbbd5089922dde8c255acf42f13495e9f7f2a3c1b10d936f, 0) amount=5000000000
DEBUG: UTXO added: (447ca2151e0e5f3885e475330a28ce68027a0e6acb712051e2719df7c16548fc, 0) amount=5000000000
DEBUG: UTXO set construction complete. Final UTXO set:
  ('540c71325309c7ff41ec331ff5791c4b31b49fd389c9b73e3b6fe77a4cc3894d', 0): cmds=[b'\x00', b'+\xa2\x86\x98\x08U)\xf9\n\xfe*\\\xff\xc2M"hx\xa8#', b'\x00\x00\x00\x00\x00\x00\x00\x00'] amount=10000000000
  ('540c71325309c7ff41ec331ff5791c4b31b49fd389c9b73e3b6fe77a4cc3894d', 1): cmds=[b'\x00', b"\x87\xdd\xb8\xe9\x14m'r\xa4\xd0\xf0\x1d-m00u\x10\xb7\xd0", b'\x00\x00\x00\x00\x00\x00\x00\x00'] amount=10000000000
  ('c2f701b71dd9174ca532de356b09111213d05f93206585e252648ddb5a1e5251', 0): cmds=[118, 169, b'+\xa2\x86\x98\x08U)\xf9\n\xfe*\\\xff\xc2M"hx\xa8#', 136, 172] amount=5000000000
  ('f98ef4e6f312fc1c0cc6b0f0563c53b041814ca7681c513e07f4807e000263b1', 0): cmds=[118, 169, b'\xdaG\x12>\xfcQ7\x911\xbe\xf1\xbf+\xa8\xc9\x1f`\xddr\xa8', 136, 172] amount=5000000000
  ('85d75e7dc7de1d2fd8641c7092facc4df67d9f4b13ad58c1e32ba81959c50afc', 0): cmds=[b'\x00', b'\xdaG\x12>\xfcQ7\x911\xbe\xf1\xbf+\xa8\xc9\x1f`\xddr\xa8', b'\x00\x00\x00\x00h\x06(\x87'] amount=5000000000
  ('51e5e48ed49d8797da7d9e13cb7a328fbd981800eab79e2c35a8bd1cb6d871c2', 0): cmds=[118, 169, b'+\xa2\x86\x98\x08U)\xf9\n\xfe*\\\xff\xc2M"hx\xa8#', 136, 172] amount=5000000000
  ('63837feecd758941ee1babbfb48822b1e2c9dca96abb5d40923875963cefaf25', 0): cmds=[118, 169, b"\x87\xdd\xb8\xe9\x14m'r\xa4\xd0\xf0\x1d-m00u\x10\xb7\xd0", 136, 172] amount=10000000000
  ('c0bb12145ca2c69fc205f316fb4ce16297bbcf219025c6279f2dc4e501b893a0', 0): cmds=[118, 169, b'\xdaG\x12>\xfcQ7\x911\xbe\xf1\xbf+\xa8\xc9\x1f`\xddr\xa8', 136, 172] amount=5000000000
  ('699e834d23cc5e62bbbd5089922dde8c255acf42f13495e9f7f2a3c1b10d936f', 0): cmds=[118, 169, b'\xdaG\x12>\xfcQ7\x911\xbe\xf1\xbf+\xa8\xc9\x1f`\xddr\xa8', 136, 172] amount=5000000000
  ('447ca2151e0e5f3885e475330a28ce68027a0e6acb712051e2719df7c16548fc', 0): cmds=[118, 169, b'\xdaG\x12>\xfcQ7\x911\xbe\xf1\xbf+\xa8\xc9\x1f`\xddr\xa8', 136, 172] amount=5000000000
DEBUG: Starting new UTXO set construction (with missing reference logging).
DEBUG: Added transaction 540c71325309c7ff41ec331ff5791c4b31b49fd389c9b73e3b6fe77a4cc3894d to allTxs.
DEBUG: Added transaction 2e9bdc773a5122a7d3418acb19f142558886a317cfc601feb04c684b1c206a46 to allTxs.
DEBUG: Added transaction c2f701b71dd9174ca532de356b09111213d05f93206585e252648ddb5a1e5251 to allTxs.
DEBUG: Added transaction f98ef4e6f312fc1c0cc6b0f0563c53b041814ca7681c513e07f4807e000263b1 to allTxs.
DEBUG: Added transaction 85d75e7dc7de1d2fd8641c7092facc4df67d9f4b13ad58c1e32ba81959c50afc to allTxs.
DEBUG: Added transaction 51e5e48ed49d8797da7d9e13cb7a328fbd981800eab79e2c35a8bd1cb6d871c2 to allTxs.
DEBUG: Added transaction 63837feecd758941ee1babbfb48822b1e2c9dca96abb5d40923875963cefaf25 to allTxs.
DEBUG: Added transaction c0bb12145ca2c69fc205f316fb4ce16297bbcf219025c6279f2dc4e501b893a0 to allTxs.
DEBUG: Added transaction 699e834d23cc5e62bbbd5089922dde8c255acf42f13495e9f7f2a3c1b10d936f to allTxs.
DEBUG: Added transaction 447ca2151e0e5f3885e475330a28ce68027a0e6acb712051e2719df7c16548fc to allTxs.
DEBUG: Added transaction b54fe50e1b590bb3a61cb9a8f19abfdb260e36e392778962ccffafd163cc76d1 to allTxs.
DEBUG: Added transaction 40cb87421a58bd9ee86b73cfce28bd09a4e250f8a6d26f931cd4b037da511308 to allTxs.
DEBUG: Marked spent outpoint (2e9bdc773a5122a7d3418acb19f142558886a317cfc601feb04c684b1c206a46, 0)
DEBUG: Marked spent outpoint (540c71325309c7ff41ec331ff5791c4b31b49fd389c9b73e3b6fe77a4cc3894d, 2)
DEBUG: Marked spent outpoint (f98ef4e6f312fc1c0cc6b0f0563c53b041814ca7681c513e07f4807e000263b1, 0)
DEBUG: UTXO added: (540c71325309c7ff41ec331ff5791c4b31b49fd389c9b73e3b6fe77a4cc3894d, 0) amount=10000000000
DEBUG: UTXO added: (540c71325309c7ff41ec331ff5791c4b31b49fd389c9b73e3b6fe77a4cc3894d, 1) amount=10000000000
DEBUG: Output (540c71325309c7ff41ec331ff5791c4b31b49fd389c9b73e3b6fe77a4cc3894d, 2) is spent, skipping.
DEBUG: Output (2e9bdc773a5122a7d3418acb19f142558886a317cfc601feb04c684b1c206a46, 0) is spent, skipping.
DEBUG: UTXO added: (c2f701b71dd9174ca532de356b09111213d05f93206585e252648ddb5a1e5251, 0) amount=5000000000
DEBUG: Output (f98ef4e6f312fc1c0cc6b0f0563c53b041814ca7681c513e07f4807e000263b1, 0) is spent, skipping.
DEBUG: UTXO added: (85d75e7dc7de1d2fd8641c7092facc4df67d9f4b13ad58c1e32ba81959c50afc, 0) amount=5000000000
DEBUG: UTXO added: (51e5e48ed49d8797da7d9e13cb7a328fbd981800eab79e2c35a8bd1cb6d871c2, 0) amount=5000000000
DEBUG: UTXO added: (63837feecd758941ee1babbfb48822b1e2c9dca96abb5d40923875963cefaf25, 0) amount=10000000000
DEBUG: UTXO added: (c0bb12145ca2c69fc205f316fb4ce16297bbcf219025c6279f2dc4e501b893a0, 0) amount=5000000000
DEBUG: UTXO added: (699e834d23cc5e62bbbd5089922dde8c255acf42f13495e9f7f2a3c1b10d936f, 0) amount=5000000000
DEBUG: UTXO added: (447ca2151e0e5f3885e475330a28ce68027a0e6acb712051e2719df7c16548fc, 0) amount=5000000000
Transaction Received : 40cb87421a58bd9ee86b73cfce28bd09a4e250f8a6d26f931cd4b037da511308
[DEBUG] MemoryPool now has: ['40cb87421a58bd9ee86b73cfce28bd09a4e250f8a6d26f931cd4b037da511308']
[DEBUG] NetworkEnvelope.parse: got magic bytes f9beb4d9
[syncManager] Received validator selection message.
[DEBUG] Selected validator: 14yikjhubj1sepvqsvzpRv4H6LhMN43XGD
[DEBUG] My public address: 1DPPqS7kQNQMcn28du4sYJe8YKLUH8Jrig
[DEBUG] AccountDB using path: data/account.db
[DEBUG] AccountDB using path: data/account.db
[DEBUG] AccountDB using path: data/account.db
Database path used: data/account.db
Account object created: address=1DPPqS7kQNQMcn28du4sYJe8YKLUH8Jrig, staked=10000000000 satoshis (100.0 coins), unspent=0 satoshis (0.0 coins), 
[syncManager] Not the selected validator: 14yikjhubj1sepvqsvzpRv4H6LhMN43XGD
[DEBUG] NetworkEnvelope.parse: got magic bytes f9beb4d9
Received account update from port 9001 for address: 14yikjhubj1sepvqsvzpRv4H6LhMN43XGD
[DEBUG] AccountDB using path: data/account.db
Successfully updated local account database for 14yikjhubj1sepvqsvzpRv4H6LhMN43XGD
[DEBUG] NetworkEnvelope.parse: got magic bytes f9beb4d9
[Receiver] Received envelope with command: b'block' and payload length: 505 bytes
Successfully parsed signature: Signature(24205ccb06082e5906d7d0353a576e62085fd53851ba3b3f0e7b1aa82def90b5,31ee5de018a7af24ee58f61d6800deafb307b423df3a4088c052064c929e14fa)
[HANDLECONN_DEBUG] Reconstructed BlockHeader: <Blockchain.Backend.core.blockheader.BlockHeader object at 0x107a53fe0>
[HANDLECONN_DEBUG]Signature: Signature(24205ccb06082e5906d7d0353a576e62085fd53851ba3b3f0e7b1aa82def90b5,31ee5de018a7af24ee58f61d6800deafb307b423df3a4088c052064c929e14fa) <class 'Blockchain.Backend.core.EllepticCurve.EllepticCurve.Signature'>
[DEBUG serialise_with_signature] BlockHeader fields before serialization:
  version: 1
  prevBlockHash: b'(\xd2\xb9Ws\xd3\x19\xdd\xd4\x90EhRQ\xa5\x92I\xfd\xf7\xda\xebB\x1b\x17\xc1/\xf9g\x0b\xd3w\x9a' (<class 'bytes'>)
  merkleRoot: b'o\xd3r\x8b\x8e\xf4\x15\xc1T\x13B\xc5\xe7\x06\xd8C\xb5\x94$\xb5QX\xeaL\x06`\xe1\x9f\xe0(\xb9\xf2' (<class 'bytes'>)
  timestamp: 1745235785
  validator_pubkey: b'\x03\x87\xc9d\xaag\xe3?\x0b\x93\xd3"\x1b\x1b\xdf\xce8\'F\xccwr\xe7I|\xa2gx&\xf5\x8d\x90\x1d' (<class 'bytes'>)
  signature: Signature(24205ccb06082e5906d7d0353a576e62085fd53851ba3b3f0e7b1aa82def90b5,31ee5de018a7af24ee58f61d6800deafb307b423df3a4088c052064c929e14fa) (<class 'Blockchain.Backend.core.EllepticCurve.EllepticCurve.Signature'>)
  serialized header: 010000009a77d30b67f92fc1171b42ebdaf7fd4992a55152684590d4dd19d37357b9d228f2b928e09fe160064cea5851b52494b543d806e7c5421354c115f48e8b72d36f492f06680387c964aa67e33f0b93d3221b1bdfce382746cc7772e7497ca2677826f58d901d463044022024205ccb06082e5906d7d0353a576e62085fd53851ba3b3f0e7b1aa82def90b5022031ee5de018a7af24ee58f61d6800deafb307b423df3a4088c052064c929e14fa
[DEBUG] Signature type: <class 'Blockchain.Backend.core.EllepticCurve.EllepticCurve.Signature'>, value: Signature(24205ccb06082e5906d7d0353a576e62085fd53851ba3b3f0e7b1aa82def90b5,31ee5de018a7af24ee58f61d6800deafb307b423df3a4088c052064c929e14fa)
[HANDLECONN_DEBUG]Serialized header: 010000009a77d30b67f92fc1171b42ebdaf7fd4992a55152684590d4dd19d37357b9d228f2b928e09fe160064cea5851b52494b543d806e7c5421354c115f48e8b72d36f492f06680387c964aa67e33f0b93d3221b1bdfce382746cc7772e7497ca2677826f58d901d463044022024205ccb06082e5906d7d0353a576e62085fd53851ba3b3f0e7b1aa82def90b5022031ee5de018a7af24ee58f61d6800deafb307b423df3a4088c052064c929e14fa
New Block Received : 8
Blocks to process: 1
Processing block with hash: df834c81...
[DEBUG/PRB] BlockHeader fields for block df834c81e4a078a63c65dca86b9163fda25bc879adadf896653555529fe67122:
  version: 1
  prevBlockHash: b'(\xd2\xb9Ws\xd3\x19\xdd\xd4\x90EhRQ\xa5\x92I\xfd\xf7\xda\xebB\x1b\x17\xc1/\xf9g\x0b\xd3w\x9a' (<class 'bytes'>)
  merkleRoot: b'o\xd3r\x8b\x8e\xf4\x15\xc1T\x13B\xc5\xe7\x06\xd8C\xb5\x94$\xb5QX\xeaL\x06`\xe1\x9f\xe0(\xb9\xf2' (<class 'bytes'>)
  timestamp: 1745235785
  validator_pubkey: b'\x03\x87\xc9d\xaag\xe3?\x0b\x93\xd3"\x1b\x1b\xdf\xce8\'F\xccwr\xe7I|\xa2gx&\xf5\x8d\x90\x1d' (<class 'bytes'>)
  signature: Signature(24205ccb06082e5906d7d0353a576e62085fd53851ba3b3f0e7b1aa82def90b5,31ee5de018a7af24ee58f61d6800deafb307b423df3a4088c052064c929e14fa) (<class 'Blockchain.Backend.core.EllepticCurve.EllepticCurve.Signature'>)
[DEBUG serialise_with_signature] BlockHeader fields before serialization:
  version: 1
  prevBlockHash: b'(\xd2\xb9Ws\xd3\x19\xdd\xd4\x90EhRQ\xa5\x92I\xfd\xf7\xda\xebB\x1b\x17\xc1/\xf9g\x0b\xd3w\x9a' (<class 'bytes'>)
  merkleRoot: b'o\xd3r\x8b\x8e\xf4\x15\xc1T\x13B\xc5\xe7\x06\xd8C\xb5\x94$\xb5QX\xeaL\x06`\xe1\x9f\xe0(\xb9\xf2' (<class 'bytes'>)
  timestamp: 1745235785
  validator_pubkey: b'\x03\x87\xc9d\xaag\xe3?\x0b\x93\xd3"\x1b\x1b\xdf\xce8\'F\xccwr\xe7I|\xa2gx&\xf5\x8d\x90\x1d' (<class 'bytes'>)
  signature: Signature(24205ccb06082e5906d7d0353a576e62085fd53851ba3b3f0e7b1aa82def90b5,31ee5de018a7af24ee58f61d6800deafb307b423df3a4088c052064c929e14fa) (<class 'Blockchain.Backend.core.EllepticCurve.EllepticCurve.Signature'>)
  serialized header: 010000009a77d30b67f92fc1171b42ebdaf7fd4992a55152684590d4dd19d37357b9d228f2b928e09fe160064cea5851b52494b543d806e7c5421354c115f48e8b72d36f492f06680387c964aa67e33f0b93d3221b1bdfce382746cc7772e7497ca2677826f58d901d463044022024205ccb06082e5906d7d0353a576e62085fd53851ba3b3f0e7b1aa82def90b5022031ee5de018a7af24ee58f61d6800deafb307b423df3a4088c052064c929e14fa
[DEBUG] Signature type: <class 'Blockchain.Backend.core.EllepticCurve.EllepticCurve.Signature'>, value: Signature(24205ccb06082e5906d7d0353a576e62085fd53851ba3b3f0e7b1aa82def90b5,31ee5de018a7af24ee58f61d6800deafb307b423df3a4088c052064c929e14fa)
  serialized header (with sig): 010000009a77d30b67f92fc1171b42ebdaf7fd4992a55152684590d4dd19d37357b9d228f2b928e09fe160064cea5851b52494b543d806e7c5421354c115f48e8b72d36f492f06680387c964aa67e33f0b93d3221b1bdfce382746cc7772e7497ca2677826f58d901d463044022024205ccb06082e5906d7d0353a576e62085fd53851ba3b3f0e7b1aa82def90b5022031ee5de018a7af24ee58f61d6800deafb307b423df3a4088c052064c929e14fa
  serialized header (no sig): 010000009a77d30b67f92fc1171b42ebdaf7fd4992a55152684590d4dd19d37357b9d228f2b928e09fe160064cea5851b52494b543d806e7c5421354c115f48e8b72d36f492f06680387c964aa67e33f0b93d3221b1bdfce382746cc7772e7497ca2677826f58d901d
  computed block hash: df834c81e4a078a63c65dca86b9163fda25bc879adadf896653555529fe67122
[ValidateBlockDEBUG] signature: Signature(24205ccb06082e5906d7d0353a576e62085fd53851ba3b3f0e7b1aa82def90b5,31ee5de018a7af24ee58f61d6800deafb307b423df3a4088c052064c929e14fa)
Processed transaction with ID: b54fe50e1b590bb3a61cb9a8f19abfdb260e36e392778962ccffafd163cc76d1
Processed transaction with ID: 40cb87421a58bd9ee86b73cfce28bd09a4e250f8a6d26f931cd4b037da511308
Attempting atomic write of block to database file: /Users/tadeatobatele/Documents/UniStuff/CS351 Project/code/PoSBlockchain/network_data/node_0/data/blockchain.db
[LocalChain] Block 8 successfully integrated (atomic write).
[DEBUG] UTXO set rebuilt.
[Mempool Cleanup] Removed confirmed transactions from mempool: ['40cb87421a58bd9ee86b73cfce28bd09a4e250f8a6d26f931cd4b037da511308']
[DEBUG] Mempool cleaned against chain.
Testing database connections...
  - Connected to node database: /Users/tadeatobatele/Documents/UniStuff/CS351 Project/code/PoSBlockchain/network_data/node_0/data/node.db
  - Connected to blockchain database: /Users/tadeatobatele/Documents/UniStuff/CS351 Project/code/PoSBlockchain/network_data/node_0/data/blockchain.db
  - Connected to account database: /Users/tadeatobatele/Documents/UniStuff/CS351 Project/code/PoSBlockchain/network_data/node_0/data/account.db
Server started on port 9000
Waiting for web UI at http://localhost:5900…
Web UI up, starting simulation
[Sim] Transaction simulation is disabled for this node.
Node 0 active on port 9000, web: 5900
Node 0 active on port 9000, web: 5900
Node 0 active on port 9000, web: 5900
Node 0 active on port 9000, web: 5900
Node 0 active on port 9000, web: 5900
Node 0 active on port 9000, web: 5900
Node 0 active on port 9000, web: 5900
Node 0 active on port 9000, web: 5900
Node 0 active on port 9000, web: 5900
\nShutting down node 0 gracefully...

DEBUG: UTXO added: (b54fe50e1b590bb3a61cb9a8f19abfdb260e36e392778962ccffafd163cc76d1, 0) amount=5000000000
DEBUG: UTXO added: (40cb87421a58bd9ee86b73cfce28bd09a4e250f8a6d26f931cd4b037da511308, 0) amount=3000000000
DEBUG: UTXO added: (40cb87421a58bd9ee86b73cfce28bd09a4e250f8a6d26f931cd4b037da511308, 1) amount=2000000000
DEBUG: UTXO set construction complete. Final UTXO set:
  ('540c71325309c7ff41ec331ff5791c4b31b49fd389c9b73e3b6fe77a4cc3894d', 0): cmds=[b'\x00', b'+\xa2\x86\x98\x08U)\xf9\n\xfe*\\\xff\xc2M"hx\xa8#', b'\x00\x00\x00\x00\x00\x00\x00\x00'] amount=10000000000
  ('540c71325309c7ff41ec331ff5791c4b31b49fd389c9b73e3b6fe77a4cc3894d', 1): cmds=[b'\x00', b"\x87\xdd\xb8\xe9\x14m'r\xa4\xd0\xf0\x1d-m00u\x10\xb7\xd0", b'\x00\x00\x00\x00\x00\x00\x00\x00'] amount=10000000000
  ('c2f701b71dd9174ca532de356b09111213d05f93206585e252648ddb5a1e5251', 0): cmds=[118, 169, b'+\xa2\x86\x98\x08U)\xf9\n\xfe*\\\xff\xc2M"hx\xa8#', 136, 172] amount=5000000000
  ('85d75e7dc7de1d2fd8641c7092facc4df67d9f4b13ad58c1e32ba81959c50afc', 0): cmds=[b'\x00', b'\xdaG\x12>\xfcQ7\x911\xbe\xf1\xbf+\xa8\xc9\x1f`\xddr\xa8', b'\x00\x00\x00\x00h\x06(\x87'] amount=5000000000
  ('51e5e48ed49d8797da7d9e13cb7a328fbd981800eab79e2c35a8bd1cb6d871c2', 0): cmds=[118, 169, b'+\xa2\x86\x98\x08U)\xf9\n\xfe*\\\xff\xc2M"hx\xa8#', 136, 172] amount=5000000000
  ('63837feecd758941ee1babbfb48822b1e2c9dca96abb5d40923875963cefaf25', 0): cmds=[118, 169, b"\x87\xdd\xb8\xe9\x14m'r\xa4\xd0\xf0\x1d-m00u\x10\xb7\xd0", 136, 172] amount=10000000000
  ('c0bb12145ca2c69fc205f316fb4ce16297bbcf219025c6279f2dc4e501b893a0', 0): cmds=[118, 169, b'\xdaG\x12>\xfcQ7\x911\xbe\xf1\xbf+\xa8\xc9\x1f`\xddr\xa8', 136, 172] amount=5000000000
  ('699e834d23cc5e62bbbd5089922dde8c255acf42f13495e9f7f2a3c1b10d936f', 0): cmds=[118, 169, b'\xdaG\x12>\xfcQ7\x911\xbe\xf1\xbf+\xa8\xc9\x1f`\xddr\xa8', 136, 172] amount=5000000000
  ('447ca2151e0e5f3885e475330a28ce68027a0e6acb712051e2719df7c16548fc', 0): cmds=[118, 169, b'\xdaG\x12>\xfcQ7\x911\xbe\xf1\xbf+\xa8\xc9\x1f`\xddr\xa8', 136, 172] amount=5000000000
  ('b54fe50e1b590bb3a61cb9a8f19abfdb260e36e392778962ccffafd163cc76d1', 0): cmds=[118, 169, b'+\xa2\x86\x98\x08U)\xf9\n\xfe*\\\xff\xc2M"hx\xa8#', 136, 172] amount=5000000000
  ('40cb87421a58bd9ee86b73cfce28bd09a4e250f8a6d26f931cd4b037da511308', 0): cmds=[b'\x00', b'\xdaG\x12>\xfcQ7\x911\xbe\xf1\xbf+\xa8\xc9\x1f`\xddr\xa8', b'\x00\x00\x00\x00h\x06/\x1b'] amount=3000000000
  ('40cb87421a58bd9ee86b73cfce28bd09a4e250f8a6d26f931cd4b037da511308', 1): cmds=[118, 169, b'\xdaG\x12>\xfcQ7\x911\xbe\xf1\xbf+\xa8\xc9\x1f`\xddr\xa8', 136, 172] amount=2000000000
DEBUG: Starting new UTXO set construction (with missing reference logging).
DEBUG: Added transaction 540c71325309c7ff41ec331ff5791c4b31b49fd389c9b73e3b6fe77a4cc3894d to allTxs.
DEBUG: Added transaction 2e9bdc773a5122a7d3418acb19f142558886a317cfc601feb04c684b1c206a46 to allTxs.
DEBUG: Added transaction c2f701b71dd9174ca532de356b09111213d05f93206585e252648ddb5a1e5251 to allTxs.
DEBUG: Added transaction f98ef4e6f312fc1c0cc6b0f0563c53b041814ca7681c513e07f4807e000263b1 to allTxs.
DEBUG: Added transaction 85d75e7dc7de1d2fd8641c7092facc4df67d9f4b13ad58c1e32ba81959c50afc to allTxs.
DEBUG: Added transaction 51e5e48ed49d8797da7d9e13cb7a328fbd981800eab79e2c35a8bd1cb6d871c2 to allTxs.
DEBUG: Added transaction 63837feecd758941ee1babbfb48822b1e2c9dca96abb5d40923875963cefaf25 to allTxs.
DEBUG: Added transaction c0bb12145ca2c69fc205f316fb4ce16297bbcf219025c6279f2dc4e501b893a0 to allTxs.
DEBUG: Added transaction 699e834d23cc5e62bbbd5089922dde8c255acf42f13495e9f7f2a3c1b10d936f to allTxs.
DEBUG: Added transaction 447ca2151e0e5f3885e475330a28ce68027a0e6acb712051e2719df7c16548fc to allTxs.
DEBUG: Added transaction b54fe50e1b590bb3a61cb9a8f19abfdb260e36e392778962ccffafd163cc76d1 to allTxs.
DEBUG: Added transaction 40cb87421a58bd9ee86b73cfce28bd09a4e250f8a6d26f931cd4b037da511308 to allTxs.
DEBUG: Marked spent outpoint (2e9bdc773a5122a7d3418acb19f142558886a317cfc601feb04c684b1c206a46, 0)
DEBUG: Marked spent outpoint (540c71325309c7ff41ec331ff5791c4b31b49fd389c9b73e3b6fe77a4cc3894d, 2)
DEBUG: Marked spent outpoint (f98ef4e6f312fc1c0cc6b0f0563c53b041814ca7681c513e07f4807e000263b1, 0)
DEBUG: UTXO added: (540c71325309c7ff41ec331ff5791c4b31b49fd389c9b73e3b6fe77a4cc3894d, 0) amount=10000000000
DEBUG: UTXO added: (540c71325309c7ff41ec331ff5791c4b31b49fd389c9b73e3b6fe77a4cc3894d, 1) amount=10000000000
DEBUG: Output (540c71325309c7ff41ec331ff5791c4b31b49fd389c9b73e3b6fe77a4cc3894d, 2) is spent, skipping.
DEBUG: Output (2e9bdc773a5122a7d3418acb19f142558886a317cfc601feb04c684b1c206a46, 0) is spent, skipping.
DEBUG: UTXO added: (c2f701b71dd9174ca532de356b09111213d05f93206585e252648ddb5a1e5251, 0) amount=5000000000
DEBUG: Output (f98ef4e6f312fc1c0cc6b0f0563c53b041814ca7681c513e07f4807e000263b1, 0) is spent, skipping.
DEBUG: UTXO added: (85d75e7dc7de1d2fd8641c7092facc4df67d9f4b13ad58c1e32ba81959c50afc, 0) amount=5000000000
DEBUG: UTXO added: (51e5e48ed49d8797da7d9e13cb7a328fbd981800eab79e2c35a8bd1cb6d871c2, 0) amount=5000000000
DEBUG: UTXO added: (63837feecd758941ee1babbfb48822b1e2c9dca96abb5d40923875963cefaf25, 0) amount=10000000000
DEBUG: UTXO added: (c0bb12145ca2c69fc205f316fb4ce16297bbcf219025c6279f2dc4e501b893a0, 0) amount=5000000000
DEBUG: UTXO added: (699e834d23cc5e62bbbd5089922dde8c255acf42f13495e9f7f2a3c1b10d936f, 0) amount=5000000000
DEBUG: UTXO added: (447ca2151e0e5f3885e475330a28ce68027a0e6acb712051e2719df7c16548fc, 0) amount=5000000000
DEBUG: UTXO added: (b54fe50e1b590bb3a61cb9a8f19abfdb260e36e392778962ccffafd163cc76d1, 0) amount=5000000000
DEBUG: UTXO added: (40cb87421a58bd9ee86b73cfce28bd09a4e250f8a6d26f931cd4b037da511308, 0) amount=3000000000
DEBUG: UTXO added: (40cb87421a58bd9ee86b73cfce28bd09a4e250f8a6d26f931cd4b037da511308, 1) amount=2000000000
DEBUG: UTXO set construction complete. Final UTXO set:
  ('540c71325309c7ff41ec331ff5791c4b31b49fd389c9b73e3b6fe77a4cc3894d', 0): cmds=[b'\x00', b'+\xa2\x86\x98\x08U)\xf9\n\xfe*\\\xff\xc2M"hx\xa8#', b'\x00\x00\x00\x00\x00\x00\x00\x00'] amount=10000000000
  ('540c71325309c7ff41ec331ff5791c4b31b49fd389c9b73e3b6fe77a4cc3894d', 1): cmds=[b'\x00', b"\x87\xdd\xb8\xe9\x14m'r\xa4\xd0\xf0\x1d-m00u\x10\xb7\xd0", b'\x00\x00\x00\x00\x00\x00\x00\x00'] amount=10000000000
  ('c2f701b71dd9174ca532de356b09111213d05f93206585e252648ddb5a1e5251', 0): cmds=[118, 169, b'+\xa2\x86\x98\x08U)\xf9\n\xfe*\\\xff\xc2M"hx\xa8#', 136, 172] amount=5000000000
  ('85d75e7dc7de1d2fd8641c7092facc4df67d9f4b13ad58c1e32ba81959c50afc', 0): cmds=[b'\x00', b'\xdaG\x12>\xfcQ7\x911\xbe\xf1\xbf+\xa8\xc9\x1f`\xddr\xa8', b'\x00\x00\x00\x00h\x06(\x87'] amount=5000000000
  ('51e5e48ed49d8797da7d9e13cb7a328fbd981800eab79e2c35a8bd1cb6d871c2', 0): cmds=[118, 169, b'+\xa2\x86\x98\x08U)\xf9\n\xfe*\\\xff\xc2M"hx\xa8#', 136, 172] amount=5000000000
  ('63837feecd758941ee1babbfb48822b1e2c9dca96abb5d40923875963cefaf25', 0): cmds=[118, 169, b"\x87\xdd\xb8\xe9\x14m'r\xa4\xd0\xf0\x1d-m00u\x10\xb7\xd0", 136, 172] amount=10000000000
  ('c0bb12145ca2c69fc205f316fb4ce16297bbcf219025c6279f2dc4e501b893a0', 0): cmds=[118, 169, b'\xdaG\x12>\xfcQ7\x911\xbe\xf1\xbf+\xa8\xc9\x1f`\xddr\xa8', 136, 172] amount=5000000000
  ('699e834d23cc5e62bbbd5089922dde8c255acf42f13495e9f7f2a3c1b10d936f', 0): cmds=[118, 169, b'\xdaG\x12>\xfcQ7\x911\xbe\xf1\xbf+\xa8\xc9\x1f`\xddr\xa8', 136, 172] amount=5000000000
  ('447ca2151e0e5f3885e475330a28ce68027a0e6acb712051e2719df7c16548fc', 0): cmds=[118, 169, b'\xdaG\x12>\xfcQ7\x911\xbe\xf1\xbf+\xa8\xc9\x1f`\xddr\xa8', 136, 172] amount=5000000000
  ('b54fe50e1b590bb3a61cb9a8f19abfdb260e36e392778962ccffafd163cc76d1', 0): cmds=[118, 169, b'+\xa2\x86\x98\x08U)\xf9\n\xfe*\\\xff\xc2M"hx\xa8#', 136, 172] amount=5000000000
  ('40cb87421a58bd9ee86b73cfce28bd09a4e250f8a6d26f931cd4b037da511308', 0): cmds=[b'\x00', b'\xdaG\x12>\xfcQ7\x911\xbe\xf1\xbf+\xa8\xc9\x1f`\xddr\xa8', b'\x00\x00\x00\x00h\x06/\x1b'] amount=3000000000
  ('40cb87421a58bd9ee86b73cfce28bd09a4e250f8a6d26f931cd4b037da511308', 1): cmds=[118, 169, b'\xdaG\x12>\xfcQ7\x911\xbe\xf1\xbf+\xa8\xc9\x1f`\xddr\xa8', 136, 172] amount=2000000000
