DB Module: PROJECT_ROOT determined as: /dcs/project/algoblock/MainCode/PoWBlockchain
DB Module: Logging to: /dcs/project/algoblock/MainCode/PoWBlockchain/database.log
DB Module: PROJECT_ROOT determined as: /dcs/project/algoblock/MainCode/PoWBlockchain
DB Module: Logging to: /dcs/project/algoblock/MainCode/PoWBlockchain/database.log
Testing database connections...
  - Connected to node database: /dcs/project/algoblock/MainCode/PoWBlockchain/network_data/node_0/data/node.db
  - Connected to blockchain database: /dcs/project/algoblock/MainCode/PoWBlockchain/network_data/node_0/data/blockchain.db
  - Connected to account database: /dcs/project/algoblock/MainCode/PoWBlockchain/network_data/node_0/data/account.db
Starting node 0 on port 9000 with custom DB paths
Account details: {"public_addr": "1DPPqS7kQNQMcn28du4sYJe8YKLUH8Jrig", "privateKey": "96535626569238604192129746772702330856431841702880282095447645155889990991526", "public_key": "0248c103d04cc26840fa000d9614301fa5aee9d79b3a972e61c0712367658530b4"}
All accounts written to DB at: /dcs/project/algoblock/MainCode/PoWBlockchain/network_data/node_0/data/account.db
Account details: public_addr=1DPPqS7kQNQMcn28du4sYJe8YKLUH8Jrig, balance=None
[BlockchainDB 0] Attempting to connect to: /dcs/project/algoblock/MainCode/PoWBlockchain/network_data/node_0/data/blockchain.db
[BlockchainDB 0] Attempting to connect to: /dcs/project/algoblock/MainCode/PoWBlockchain/network_data/node_0/data/blockchain.db
[Node 0 ReorgManager] Initialised.
[Node 0 ReorgManager] Initialised.
Error initializing blockchain: name 'node_id' is not defined
[start_node 0 DEBUG] Blockchain object before syncManager init: None (Type: <class 'NoneType'>)
[SyncManager Init 0] Initialized. Listening on 127.0.0.1:9000. DB: /dcs/project/algoblock/MainCode/PoWBlockchain/network_data/node_0/data/blockchain.db
[SyncManager Init 0] Initialized. Listening on 127.0.0.1:9000. DB: /dcs/project/algoblock/MainCode/PoWBlockchain/network_data/node_0/data/blockchain.db
[NodeDB 0] Attempting to connect to: /dcs/project/algoblock/MainCode/PoWBlockchain/network_data/node_0/data/node.db
[NodeDB 0] Attempting to connect to: /dcs/project/algoblock/MainCode/PoWBlockchain/network_data/node_0/data/node.db
[SyncManager Init 0] NodeDB initialized.
[SyncManager Init 0] NodeDB initialized.
Server started on port 9000
[Node 0 Server] SERVER STARTED. LISTENING at 127.0.0.1:9000
[Node 0 Server] SERVER STARTED. LISTENING at 127.0.0.1:9000
[Startup] Node 0 syncing blockchain …
[Startup] Node 0 sync failed: 'NoneType' object has no attribute 'startSync'
Waiting for web UI at http://localhost:5900…
Starting new HTTP connection (1): localhost:5900
Starting new HTTP connection (1): localhost:5900
Starting new HTTP connection (1): localhost:5900
Starting new HTTP connection (1): localhost:5900
Starting new HTTP connection (1): localhost:5900
Starting new HTTP connection (1): localhost:5900
Starting new HTTP connection (1): localhost:5900
Starting new HTTP connection (1): localhost:5900
Starting new HTTP connection (1): localhost:5900
Starting new HTTP connection (1): localhost:5900
Starting new HTTP connection (1): localhost:5900
Starting new HTTP connection (1): localhost:5900
Starting new HTTP connection (1): localhost:5900
Starting new HTTP connection (1): localhost:5900
Starting new HTTP connection (1): localhost:5900
Starting new HTTP connection (1): localhost:5900
Starting new HTTP connection (1): localhost:5900
Starting new HTTP connection (1): localhost:5900
Starting new HTTP connection (1): localhost:5900
Starting new HTTP connection (1): localhost:5900
\nShutting down node NODE_ID gracefully...
