DB Module: PROJECT_ROOT determined as: /dcs/project/algoblock/MainCode/PoWBlockchain
DB Module: Logging to: /dcs/project/algoblock/MainCode/PoWBlockchain/database.log
DB Module: PROJECT_ROOT determined as: /dcs/project/algoblock/MainCode/PoWBlockchain
DB Module: Logging to: /dcs/project/algoblock/MainCode/PoWBlockchain/database.log
Testing database connections...
  - Connected to node database: /dcs/project/algoblock/MainCode/PoWBlockchain/network_data/node_1/data/node.db
  - Connected to blockchain database: /dcs/project/algoblock/MainCode/PoWBlockchain/network_data/node_1/data/blockchain.db
  - Connected to account database: /dcs/project/algoblock/MainCode/PoWBlockchain/network_data/node_1/data/account.db
Starting node 1 on port 9001 with custom DB paths
Account details: {"public_addr": "14yikjhubj1sepvqsvzpRv4H6LhMN43XGD", "privateKey": "101116694282830344663754055609096743199644277746685645606199809457638491163865", "public_key": "0387c964aa67e33f0b93d3221b1bdfce382746cc7772e7497ca2677826f58d901d"}
All accounts written to DB at: /dcs/project/algoblock/MainCode/PoWBlockchain/network_data/node_1/data/account.db
Account details: public_addr=14yikjhubj1sepvqsvzpRv4H6LhMN43XGD, balance=None
[BlockchainDB 1] Attempting to connect to: /dcs/project/algoblock/MainCode/PoWBlockchain/network_data/node_1/data/blockchain.db
[BlockchainDB 1] Attempting to connect to: /dcs/project/algoblock/MainCode/PoWBlockchain/network_data/node_1/data/blockchain.db
[Node 1 ReorgManager] Initialised.
[Node 1 ReorgManager] Initialised.
Error initializing blockchain: name 'node_id' is not defined
[start_node 1 DEBUG] Blockchain object before syncManager init: None (Type: <class 'NoneType'>)
[SyncManager Init 1] Initialized. Listening on 127.0.0.1:9001. DB: /dcs/project/algoblock/MainCode/PoWBlockchain/network_data/node_1/data/blockchain.db
[SyncManager Init 1] Initialized. Listening on 127.0.0.1:9001. DB: /dcs/project/algoblock/MainCode/PoWBlockchain/network_data/node_1/data/blockchain.db
[NodeDB 1] Attempting to connect to: /dcs/project/algoblock/MainCode/PoWBlockchain/network_data/node_1/data/node.db
[NodeDB 1] Attempting to connect to: /dcs/project/algoblock/MainCode/PoWBlockchain/network_data/node_1/data/node.db
[SyncManager Init 1] NodeDB initialized.
[SyncManager Init 1] NodeDB initialized.
Server started on port 9001
[Node 1 Server] SERVER STARTED. LISTENING at 127.0.0.1:9001
[Node 1 Server] SERVER STARTED. LISTENING at 127.0.0.1:9001
[Startup] Node 1 syncing blockchain …
[Startup] Node 1 sync failed: 'NoneType' object has no attribute 'startSync'
Waiting for web UI at http://localhost:5901…
Starting new HTTP connection (1): localhost:5901
Starting new HTTP connection (1): localhost:5901
Starting new HTTP connection (1): localhost:5901
Starting new HTTP connection (1): localhost:5901
Starting new HTTP connection (1): localhost:5901
Starting new HTTP connection (1): localhost:5901
Starting new HTTP connection (1): localhost:5901
Starting new HTTP connection (1): localhost:5901
Starting new HTTP connection (1): localhost:5901
Starting new HTTP connection (1): localhost:5901
Starting new HTTP connection (1): localhost:5901
Starting new HTTP connection (1): localhost:5901
Starting new HTTP connection (1): localhost:5901
Starting new HTTP connection (1): localhost:5901
Starting new HTTP connection (1): localhost:5901
Starting new HTTP connection (1): localhost:5901
\nShutting down node NODE_ID gracefully...
