Testing database connections...
  - Connected to node database: /Users/tadeatobatele/Documents/UniStuff/CS351 Project/code/PoSBlockchain/network_data/node_1/data/node.db
  - Connected to blockchain database: /Users/tadeatobatele/Documents/UniStuff/CS351 Project/code/PoSBlockchain/network_data/node_1/data/blockchain.db
  - Connected to account database: /Users/tadeatobatele/Documents/UniStuff/CS351 Project/code/PoSBlockchain/network_data/node_1/data/account.db
Starting node 1 on port 9001 with custom DB paths
Account details: {"public_addr": "14yikjhubj1sepvqsvzpRv4H6LhMN43XGD", "privateKey": "101116694282830344663754055609096743199644277746685645606199809457638491163865", "public_key": "0387c964aa67e33f0b93d3221b1bdfce382746cc7772e7497ca2677826f58d901d"}
All accounts written to DB at: /Users/tadeatobatele/Documents/UniStuff/CS351 Project/code/PoSBlockchain/network_data/node_1/data/account.db
Account details: public_addr=14yikjhubj1sepvqsvzpRv4H6LhMN43XGD, balance=None
Setting blockchain public address to: 14yikjhubj1sepvqsvzpRv4H6LhMN43XGD
Blockchain initialized successfully through BlockchainManager
Testing database connections...
  - Connected to node database: /Users/tadeatobatele/Documents/UniStuff/CS351 Project/code/PoSBlockchain/network_data/node_1/data/node.db
  - Connected to blockchain database: /Users/tadeatobatele/Documents/UniStuff/CS351 Project/code/PoSBlockchain/network_data/node_1/data/blockchain.db
  - Connected to account database: /Users/tadeatobatele/Documents/UniStuff/CS351 Project/code/PoSBlockchain/network_data/node_1/data/account.db
Frontend starting on port 5901, node network port is 9001
 * Serving Flask app 'code_node2.Blockchain.Frontend.run' (lazy loading)
 * Environment: production
   WARNING: This is a development server. Do not use it in a production deployment.
   Use a production WSGI server instead.
 * Debug mode: on
[DEBUG] AccountDB using path: data/account.db
[DEBUG] AccountDB using path: data/account.db
[DEBUG] AccountDB using path: data/account.db
Database path used: data/account.db
Account object created: address=1DPPqS7kQNQMcn28du4sYJe8YKLUH8Jrig, staked=10000000000 satoshis (100.0 coins), unspent=0 satoshis (0.0 coins), 
[DEBUG] AccountDB using path: data/account.db
[DEBUG] AccountDB using path: data/account.db
[DEBUG] AccountDB using path: data/account.db
Database path used: data/account.db
Account object created: address=1DPPqS7kQNQMcn28du4sYJe8YKLUH8Jrig, staked=10000000000 satoshis (100.0 coins), unspent=0 satoshis (0.0 coins), 
Testing database connections...
  - Connected to node database: /Users/tadeatobatele/Documents/UniStuff/CS351 Project/code/PoSBlockchain/network_data/node_1/data/node.db
  - Connected to blockchain database: /Users/tadeatobatele/Documents/UniStuff/CS351 Project/code/PoSBlockchain/network_data/node_1/data/blockchain.db
  - Connected to account database: /Users/tadeatobatele/Documents/UniStuff/CS351 Project/code/PoSBlockchain/network_data/node_1/data/account.db
[DEBUG] PID 3383 binding to ('127.0.0.1', 9001)
SERVER STARTED
LISTENING at 127.0.0.1:9001
[syncManager] Received port check magic, closing connection.
[DEBUG] NetworkEnvelope.parse: got magic bytes f9beb4d9
[syncManager] Received validator selection message.
[DEBUG] Selected validator: {'privateKey': 46707185248865296345366463593339102785859545093537333336358754291775493830931, 'public_addr': '1Lu9SwPPo7DJYrMVrZnkDXVw5y4aEeF1kz', 'public_key': '035b605b121b0382b340dd55bb960bd73c19bb5b484d61837b41beb29b1e8341b1', 'staked': 10000000000, 'unspent': 0, 'locked_until': 0, 'staking_history': '[]'}
[DEBUG] My public address: 14yikjhubj1sepvqsvzpRv4H6LhMN43XGD
[DEBUG] AccountDB using path: data/account.db
[DEBUG] AccountDB using path: data/account.db
[DEBUG] AccountDB using path: data/account.db
Database path used: data/account.db
Account object created: address=14yikjhubj1sepvqsvzpRv4H6LhMN43XGD, staked=10000000000 satoshis (100.0 coins), unspent=0 satoshis (0.0 coins), 
[syncManager] Not the selected validator: 1Lu9SwPPo7DJYrMVrZnkDXVw5y4aEeF1kz
[DEBUG] NetworkEnvelope.parse: got magic bytes f9beb4d9
Received account update from port 9002 for address: 1Lu9SwPPo7DJYrMVrZnkDXVw5y4aEeF1kz
[DEBUG] AccountDB using path: data/account.db
Successfully updated local account database for 1Lu9SwPPo7DJYrMVrZnkDXVw5y4aEeF1kz
[DEBUG] NetworkEnvelope.parse: got magic bytes f9beb4d9
[Receiver] Received envelope with command: b'block' and payload length: 272 bytes
New Block Received : 2
Blocks to process: 1
Processing block with hash: 0fc37c6f...
Signature type: <class 'Blockchain.Backend.core.EllepticCurve.EllepticCurve.Signature'>
Processed transaction with ID: 1fd1df7756e08ace535125e447af7f7b365294341e77d67dfa03081c60240592
Attempting atomic write of block to database file: /Users/tadeatobatele/Documents/UniStuff/CS351 Project/code/PoSBlockchain/network_data/node_1/data/blockchain.db
[LocalChain] Block 2 successfully integrated (atomic write).
[DEBUG] UTXO set rebuilt.
[Mempool Cleanup] No confirmed transactions found in mempool.
[DEBUG] Mempool cleaned against chain.
Testing database connections...
  - Connected to node database: /Users/tadeatobatele/Documents/UniStuff/CS351 Project/code/PoSBlockchain/network_data/node_1/data/node.db
  - Connected to blockchain database: /Users/tadeatobatele/Documents/UniStuff/CS351 Project/code/PoSBlockchain/network_data/node_1/data/blockchain.db
  - Connected to account database: /Users/tadeatobatele/Documents/UniStuff/CS351 Project/code/PoSBlockchain/network_data/node_1/data/account.db
Server started on port 9001
Waiting for web UI at http://localhost:5901…
Web UI up, starting simulation
[Sim] Transaction simulation is disabled for this node.
Node 1 active on port 9001, web: 5901
Node 1 active on port 9001, web: 5901
Node 1 active on port 9001, web: 5901
\nShutting down node 1 gracefully...
Testing database connections...
  - Connected to node database: /Users/tadeatobatele/Documents/UniStuff/CS351 Project/code/PoSBlockchain/network_data/node_1/data/node.db
  - Connected to blockchain database: /Users/tadeatobatele/Documents/UniStuff/CS351 Project/code/PoSBlockchain/network_data/node_1/data/blockchain.db
  - Connected to account database: /Users/tadeatobatele/Documents/UniStuff/CS351 Project/code/PoSBlockchain/network_data/node_1/data/account.db
[DEBUG] AccountDB using path: data/account.db
[Node Setup] Last block height is: 1
DEBUG: Starting UTXO set construction.
DEBUG: UTXO set construction complete.
[Node Setup] UTXO set constructed.
DEBUG: Starting UTXO set construction.
DEBUG: UTXO set construction complete.
DEBUG: Starting UTXO set construction.
DEBUG: UTXO set construction complete.
