[BlockchainDB 1] Attempting to connect to: /dcs/project/algoblock/MainCode/PoWBlockchain/network_data/node_1/data/blockchain.db
[BlockchainDB 1] Attempting to connect to: /dcs/project/algoblock/MainCode/PoWBlockchain/network_data/node_1/data/blockchain.db
[Node 1 ReorgManager] Initialised.
[Node 1 ReorgManager] Initialised.
[SyncManager Init 1] Initialized. Listening on 127.0.0.1:9001. DB: /dcs/project/algoblock/MainCode/PoWBlockchain/network_data/node_1/data/blockchain.db
[SyncManager Init 1] Initialized. Listening on 127.0.0.1:9001. DB: /dcs/project/algoblock/MainCode/PoWBlockchain/network_data/node_1/data/blockchain.db
[NodeDB 1] Attempting to connect to: /dcs/project/algoblock/MainCode/PoWBlockchain/network_data/node_1/data/node.db
[NodeDB 1] Attempting to connect to: /dcs/project/algoblock/MainCode/PoWBlockchain/network_data/node_1/data/node.db
[SyncManager Init 1] NodeDB initialized.
[SyncManager Init 1] NodeDB initialized.
[Node 1 Server] SERVER STARTED. LISTENING at 127.0.0.1:9001
[Node 1 Server] SERVER STARTED. LISTENING at 127.0.0.1:9001
Starting new HTTP connection (1): localhost:5901
Starting new HTTP connection (1): localhost:5901
Starting new HTTP connection (1): localhost:5901
Starting new HTTP connection (1): localhost:5901
Starting new HTTP connection (1): localhost:5901
Starting new HTTP connection (1): localhost:5901
Starting new HTTP connection (1): localhost:5901
Starting new HTTP connection (1): localhost:5901
Starting new HTTP connection (1): localhost:5901
Starting new HTTP connection (1): localhost:5901
Starting new HTTP connection (1): localhost:5901
Starting new HTTP connection (1): localhost:5901
Starting new HTTP connection (1): localhost:5901
Starting new HTTP connection (1): localhost:5901
Starting new HTTP connection (1): localhost:5901
Starting new HTTP connection (1): localhost:5901
