Testing database connections...
  - Connected to node database: /Users/tadeatobatele/Documents/UniStuff/CS351 Project/code/PoSBlockchain/network_data/node_1/node.db
  - Connected to blockchain database: /Users/tadeatobatele/Documents/UniStuff/CS351 Project/code/PoSBlockchain/network_data/node_1/blockchain.db
  - Connected to account database: /Users/tadeatobatele/Documents/UniStuff/CS351 Project/code/PoSBlockchain/network_data/node_1/account.db
Starting node 1 on port 9001 with custom DB paths
Creating account for node 1 with address: 14yikjhubj1sepvqsvzpRv4H6LhMN43XGD
Account data written directly to DB at: /Users/tadeatobatele/Documents/UniStuff/CS351 Project/code/PoSBlockchain/network_data/node_1/account.db
Account details: public_addr=14yikjhubj1sepvqsvzpRv4H6LhMN43XGD, balance=1000
Setting blockchain public address to: 14yikjhubj1sepvqsvzpRv4H6LhMN43XGD
Blockchain initialized successfully through BlockchainManager
Testing database connections...
  - Connected to node database: /Users/tadeatobatele/Documents/UniStuff/CS351 Project/code/PoSBlockchain/network_data/node_1/node.db
  - Connected to blockchain database: /Users/tadeatobatele/Documents/UniStuff/CS351 Project/code/PoSBlockchain/network_data/node_1/blockchain.db
  - Connected to account database: /Users/tadeatobatele/Documents/UniStuff/CS351 Project/code/PoSBlockchain/network_data/node_1/account.db
 * Serving Flask app 'code_node2.Blockchain.Frontend.run' (lazy loading)
 * Environment: production
   WARNING: This is a development server. Do not use it in a production deployment.
   Use a production WSGI server instead.
 * Debug mode: on
DEBUG: Total input = 5000000000, amount = 1800000000, fee = 100000000, change = 3100000000
Database path used: data/account.db
Account object created: address=14yikjhubj1sepvqsvzpRv4H6LhMN43XGD, staked=10000000000 satoshis (100.0 coins), rewards=206400000000 satoshis (2064.0 coins)
Removing spent UTXO: txid cc73cf405d5ae3ecb3102357bd8de7d03e0f831cd12faf78f9d82d0ea1456d40, index 0
Adding new transaction a95d896df2712be8eb6976d897eaf34382e74fd62d6d6717a5c325c9e3fdda85 with 2 output(s) to UTXO set.
DEBUG: Broadcasting Serialized Tx: 0100000001406d45a10e2dd8f978af2fd11c830f3ed0e78dbd572310b3ece35a5d40cf73cc000000006b4830450221008d2b75b357ff3028152c5fd61299549069ce965e0b1998a11f19520de6a0eb02022061ad1150456c97a155b876f8175105a4a5961b79d7c28046c5c23fb6846de07201210387c964aa67e33f0b93d3221b1bdfce382746cc7772e7497ca2677826f58d901dffffffff0200d2496b000000001976a91487ddb8e9146d2772a4d0f01d2d6d30307510b7d088ac003fc6b8000000001976a9142ba28698085529f90afe2a5cffc24d226878a82388ac00000000
DEBUG (Sender): TxId: a95d896df2712be8eb6976d897eaf34382e74fd62d6d6717a5c325c9e3fdda85
Trying to connect from 9000: to: 9000...
Trying to connect from 9000: to: 9002...
DEBUG: Total input = 5000000000, amount = 2700000000, fee = 100000000, change = 2200000000
Database path used: data/account.db
Account object created: address=14yikjhubj1sepvqsvzpRv4H6LhMN43XGD, staked=10000000000 satoshis (100.0 coins), rewards=206400000000 satoshis (2064.0 coins)
Removing spent UTXO: txid cc73cf405d5ae3ecb3102357bd8de7d03e0f831cd12faf78f9d82d0ea1456d40, index 0
Adding new transaction 3aebe8cba8608b5cffe291ce0b0c496c15c48a358905c71c156e28026f5ecdd4 with 2 output(s) to UTXO set.
DEBUG: Broadcasting Serialized Tx: 0100000001406d45a10e2dd8f978af2fd11c830f3ed0e78dbd572310b3ece35a5d40cf73cc000000006a473044022067e1f37807a7900ab1c1827d9301e8a18df568ff4695538ba1105d2104212eab022079596002588bb9fda6933e8de95981cf05407dc6aa0ef1de9fc0f35f3159949401210387c964aa67e33f0b93d3221b1bdfce382746cc7772e7497ca2677826f58d901dffffffff0200bbeea0000000001976a91487ddb8e9146d2772a4d0f01d2d6d30307510b7d088ac00562183000000001976a9142ba28698085529f90afe2a5cffc24d226878a82388ac00000000
DEBUG (Sender): TxId: 3aebe8cba8608b5cffe291ce0b0c496c15c48a358905c71c156e28026f5ecdd4
Trying to connect from 9000: to: 9000...
Trying to connect from 9000: to: 9002...
DEBUG: Total input = 3900000000, amount = 2900000000, fee = 100000000, change = 900000000
Database path used: data/account.db
Account object created: address=1Lu9SwPPo7DJYrMVrZnkDXVw5y4aEeF1kz, staked=10000000000 satoshis (100.0 coins), rewards=287100000000 satoshis (2871.0 coins)
Removing spent UTXO: txid 313ef0875bfb0802457f70a07b58f290053824aa7dfc7ee00b298dd1f920262a, index 0
Adding new transaction d049037c5d4ebf819bbf2bb3735f5f53f135f3d6918a7a239c73999239cf72c4 with 2 output(s) to UTXO set.
DEBUG: Broadcasting Serialized Tx: 01000000012a2620f9d18d290be07efc7daa24380590f2587ba0707f450208fb5b87f03e31000000006a473044022021a61b91c1b8f4397658c35dfadeb7f14f7eb9c1e069f5ece0e4bd6f79059c56022013b7e2e1e1b23265baf08f61008f8fba8fbe0099d11583c42dcfe3074112092a0121035b605b121b0382b340dd55bb960bd73c19bb5b484d61837b41beb29b1e8341b1ffffffff02007ddaac000000001976a91487ddb8e9146d2772a4d0f01d2d6d30307510b7d088ac00e9a435000000001976a914da47123efc51379131bef1bf2ba8c91f60dd72a888ac00000000
DEBUG (Sender): TxId: d049037c5d4ebf819bbf2bb3735f5f53f135f3d6918a7a239c73999239cf72c4
Trying to connect from 9000: to: 9000...
Trying to connect from 9000: to: 9002...
DEBUG: Total input = 1300000000, amount = 800000000, fee = 100000000, change = 400000000
Database path used: data/account.db
Account object created: address=14yikjhubj1sepvqsvzpRv4H6LhMN43XGD, staked=10000000000 satoshis (100.0 coins), rewards=211800000000 satoshis (2118.0 coins)
Removing spent UTXO: txid 005c668e3cd430c8d15eab44fb0a9d56d93ef6cdd56846de7b62ad4617d5b145, index 0
Adding new transaction 83677ad84adceab9a8d9963b4b9b904425dc008e78742f1eff6ec360698c5b08 with 2 output(s) to UTXO set.
DEBUG: Broadcasting Serialized Tx: 010000000145b1d51746ad627bde4668d5cdf63ed9569d0afb44ab5ed1c830d43c8e665c00000000006a4730440220358b63cbf31f2d567ccb0cb744e2d06e076e6137f9cbead6c7137d011d3be0ee02200c9867c7e14b998be54ea6d4849c0cb7b505a0850752f54d4dc3196e9f0743eb01210387c964aa67e33f0b93d3221b1bdfce382746cc7772e7497ca2677826f58d901dffffffff020008af2f000000001976a914da47123efc51379131bef1bf2ba8c91f60dd72a888ac0084d717000000001976a9142ba28698085529f90afe2a5cffc24d226878a82388ac00000000
DEBUG (Sender): TxId: 83677ad84adceab9a8d9963b4b9b904425dc008e78742f1eff6ec360698c5b08
Trying to connect from 9000: to: 9000...
Trying to connect from 9000: to: 9002...
DEBUG: Total input = 4300000000, amount = 2100000000, fee = 100000000, change = 2100000000
Database path used: data/account.db
Account object created: address=14yikjhubj1sepvqsvzpRv4H6LhMN43XGD, staked=10000000000 satoshis (100.0 coins), rewards=211800000000 satoshis (2118.0 coins)
Removing spent UTXO: txid 005c668e3cd430c8d15eab44fb0a9d56d93ef6cdd56846de7b62ad4617d5b145, index 0
Removing spent UTXO: txid ee5a8ca7665af859a6ba244e0bcd90b125bcca246f7ec26fd1d47df29201b76e, index 0
Adding new transaction b6c021fefe67d4f21045da127f6524924b80ee10d04d342fdd9a069ca0c4bc49 with 2 output(s) to UTXO set.
DEBUG: Broadcasting Serialized Tx: 010000000245b1d51746ad627bde4668d5cdf63ed9569d0afb44ab5ed1c830d43c8e665c00000000006a4730440220794943d577c019740caf91f2a39bcfc5161b4ad8ebcaf7b84a8c87d2accb7674022043fb829b047b4e6550b2455eae532b1268b801cfd2fa9d363b84adab804c2aba01210387c964aa67e33f0b93d3221b1bdfce382746cc7772e7497ca2677826f58d901dffffffff6eb70192f27dd4d16fc27e6f24cabc25b190cd0b4e24baa659f85a66a78c5aee000000006b483045022100c5a2a5767d57cc9b9c243ea8fdcf5b8e991d6b59af052080a761110231cd652402206445457fa567e7ce1f3108a624279b9c3698d0f9904d9ebe61540f6dd7a57fbb01210387c964aa67e33f0b93d3221b1bdfce382746cc7772e7497ca2677826f58d901dffffffff0200752b7d000000001976a914da47123efc51379131bef1bf2ba8c91f60dd72a888ac00752b7d000000001976a9142ba28698085529f90afe2a5cffc24d226878a82388ac00000000
DEBUG (Sender): TxId: b6c021fefe67d4f21045da127f6524924b80ee10d04d342fdd9a069ca0c4bc49
Trying to connect from 9000: to: 9000...
Trying to connect from 9000: to: 9002...
DEBUG: Total input = 4300000000, amount = 1500000000, fee = 100000000, change = 2700000000
Database path used: data/account.db
Account object created: address=14yikjhubj1sepvqsvzpRv4H6LhMN43XGD, staked=10000000000 satoshis (100.0 coins), rewards=211800000000 satoshis (2118.0 coins)
Removing spent UTXO: txid 005c668e3cd430c8d15eab44fb0a9d56d93ef6cdd56846de7b62ad4617d5b145, index 0
Removing spent UTXO: txid ee5a8ca7665af859a6ba244e0bcd90b125bcca246f7ec26fd1d47df29201b76e, index 0
Adding new transaction acff7de9d94f0bd80cc4477c2f3ee0907d9b8c382cc7bd030854b0cff534f7fe with 2 output(s) to UTXO set.
DEBUG: Broadcasting Serialized Tx: 010000000245b1d51746ad627bde4668d5cdf63ed9569d0afb44ab5ed1c830d43c8e665c00000000006a473044022056188d96186e634802a5ccb81b2ae6d185796d504637d38b03f9b9f3d2f5a2ac0220605ecc1f57ba1e62ead8fcac182c4f6715ec875c20ac5c0f7c40ef72d7a1a35e01210387c964aa67e33f0b93d3221b1bdfce382746cc7772e7497ca2677826f58d901dffffffff6eb70192f27dd4d16fc27e6f24cabc25b190cd0b4e24baa659f85a66a78c5aee000000006b483045022100bee36b9d5980970ea695ae63377b3edb54285e10e973b6b5a622b3c41ed6587a02207e9117774bacb099510e7861b16b5db33fb1aa25c644f0265716f35a2ff8cb2a01210387c964aa67e33f0b93d3221b1bdfce382746cc7772e7497ca2677826f58d901dffffffff02002f6859000000001976a914da47123efc51379131bef1bf2ba8c91f60dd72a888ac00bbeea0000000001976a9142ba28698085529f90afe2a5cffc24d226878a82388ac00000000
DEBUG (Sender): TxId: acff7de9d94f0bd80cc4477c2f3ee0907d9b8c382cc7bd030854b0cff534f7fe
Trying to connect from 9000: to: 9000...
Trying to connect from 9000: to: 9002...
DEBUG: Total input = 3900000000, amount = 200000000, fee = 100000000, change = 3600000000
Database path used: data/account.db
Account object created: address=1Lu9SwPPo7DJYrMVrZnkDXVw5y4aEeF1kz, staked=10000000000 satoshis (100.0 coins), rewards=292600000000 satoshis (2926.0 coins)
Removing spent UTXO: txid 313ef0875bfb0802457f70a07b58f290053824aa7dfc7ee00b298dd1f920262a, index 0
Adding new transaction f73fb487a9fa1894c536df97c1ef2f81fb976229d8569b0bab5bc62c30d8ea47 with 2 output(s) to UTXO set.
DEBUG: Broadcasting Serialized Tx: 01000000012a2620f9d18d290be07efc7daa24380590f2587ba0707f450208fb5b87f03e31000000006a473044022025e3393131614ad77453ac356d5616a3e3a44249b3de058c46c6cf0885b5e73c02201c24d4879d29ba588bd0d7d06b20a741d9b4a365bfad44e851bc8c4f4e1f55870121035b605b121b0382b340dd55bb960bd73c19bb5b484d61837b41beb29b1e8341b1ffffffff0200c2eb0b000000001976a9142ba28698085529f90afe2a5cffc24d226878a82388ac00a493d6000000001976a914da47123efc51379131bef1bf2ba8c91f60dd72a888ac00000000
DEBUG (Sender): TxId: f73fb487a9fa1894c536df97c1ef2f81fb976229d8569b0bab5bc62c30d8ea47
Trying to connect from 9000: to: 9000...
Trying to connect from 9000: to: 9002...
Testing database connections...
  - Connected to node database: /Users/tadeatobatele/Documents/UniStuff/CS351 Project/code/PoSBlockchain/network_data/node_1/node.db
  - Connected to blockchain database: /Users/tadeatobatele/Documents/UniStuff/CS351 Project/code/PoSBlockchain/network_data/node_1/blockchain.db
  - Connected to account database: /Users/tadeatobatele/Documents/UniStuff/CS351 Project/code/PoSBlockchain/network_data/node_1/account.db
SERVER STARTED
LISTENING at 127.0.0.1:9001
[syncManager] Received validator selection message.
[DEBUG] Selected validator: {'public_addr': '1DPPqS7kQNQMcn28du4sYJe8YKLUH8Jrig', 'privateKey': 96535626569238604192129746772702330856431841702880282095447645155889990991526, 'private_key': 96535626569238604192129746772702330856431841702880282095447645155889990991526, 'public_key': '0248c103d04cc26840fa000d9614301fa5aee9d79b3a972e61c0712367658530b4', 'balance': 1000, 'staked': 100, 'pending_rewards': 0, 'unspent': 100000000000, 'locked_until': 0, 'staking_history': '[]'}
[DEBUG] My public address: 14yikjhubj1sepvqsvzpRv4H6LhMN43XGD
Database path used: data/account.db
Account object created: address=14yikjhubj1sepvqsvzpRv4H6LhMN43XGD, staked=10000000000 satoshis (100.0 coins), rewards=206400000000 satoshis (2064.0 coins)
[syncManager] Not the selected validator: 1DPPqS7kQNQMcn28du4sYJe8YKLUH8Jrig
Received account update from port 9000 for address: 1DPPqS7kQNQMcn28du4sYJe8YKLUH8Jrig
Successfully updated local account database for 1DPPqS7kQNQMcn28du4sYJe8YKLUH8Jrig
[Receiver] Received envelope with command: b'block' and payload length: 273 bytes
New Block Received : 151
Blocks to process: 1
Processing block with hash: 6818ebfa...
Signature type: <class 'Blockchain.Backend.core.EllepticCurve.EllepticCurve.Signature'>
Processed transaction with ID: 2a47db2461d6b70768f42c5e64284d5ca268fcbe9733315176839ebfd099bf46
Attempting atomic write of block to database file: data/blockchain.db
[LocalChain] Block 151 successfully integrated (atomic write).
[Mempool Cleanup] No confirmed transactions found in mempool.
Transaction Received : f6899e04f9551497f8fefb4fbbc2e83da8ca14e93cf31b0ab108e56de2dc5499
Transaction Received : ae0ad902065247b0f8b2b1863ba27e2f3ba7b36b0ae0cf5ec223f9d0dfc25b46
[syncManager] Received validator selection message.
[DEBUG] Selected validator: {'public_addr': '1DPPqS7kQNQMcn28du4sYJe8YKLUH8Jrig', 'privateKey': 96535626569238604192129746772702330856431841702880282095447645155889990991526, 'private_key': 96535626569238604192129746772702330856431841702880282095447645155889990991526, 'public_key': '0248c103d04cc26840fa000d9614301fa5aee9d79b3a972e61c0712367658530b4', 'balance': 1000, 'staked': 100, 'pending_rewards': 0, 'unspent': 100000000000, 'locked_until': 0, 'staking_history': '[]'}
[DEBUG] My public address: 14yikjhubj1sepvqsvzpRv4H6LhMN43XGD
Database path used: data/account.db
Account object created: address=14yikjhubj1sepvqsvzpRv4H6LhMN43XGD, staked=10000000000 satoshis (100.0 coins), rewards=206400000000 satoshis (2064.0 coins)
[syncManager] Not the selected validator: 1DPPqS7kQNQMcn28du4sYJe8YKLUH8Jrig
Received account update from port 9000 for address: 1DPPqS7kQNQMcn28du4sYJe8YKLUH8Jrig
Successfully updated local account database for 1DPPqS7kQNQMcn28du4sYJe8YKLUH8Jrig
[Receiver] Received envelope with command: b'block' and payload length: 948 bytes
New Block Received : 152
Blocks to process: 1
Processing block with hash: 69f0bf8d...
Signature type: <class 'Blockchain.Backend.core.EllepticCurve.EllepticCurve.Signature'>
Processed transaction with ID: cf69391cc0596663396f8e066ea0325cd9eaeaadae8b5d1a0f0668ea8899b923
Processed transaction with ID: f6899e04f9551497f8fefb4fbbc2e83da8ca14e93cf31b0ab108e56de2dc5499
Processed transaction with ID: ae0ad902065247b0f8b2b1863ba27e2f3ba7b36b0ae0cf5ec223f9d0dfc25b46
Processed transaction with ID: a95d896df2712be8eb6976d897eaf34382e74fd62d6d6717a5c325c9e3fdda85
Attempting atomic write of block to database file: data/blockchain.db
[LocalChain] Block 152 successfully integrated (atomic write).
[Mempool Cleanup] Removed confirmed transactions from mempool: ['f6899e04f9551497f8fefb4fbbc2e83da8ca14e93cf31b0ab108e56de2dc5499', 'ae0ad902065247b0f8b2b1863ba27e2f3ba7b36b0ae0cf5ec223f9d0dfc25b46', 'a95d896df2712be8eb6976d897eaf34382e74fd62d6d6717a5c325c9e3fdda85']
Transaction Received : 8a0f615dec3c22510afff9166c5d23e9c0c5c60b1b7d794cbcad0c3b657026e6
Transaction Received : fa38751cc854e4388c5d0b74d7a020cbaaf37533804897baf071611fb34dc303
Transaction Received : c5d67d0be7208f6aee622e76bef60d0d81d7e2405205b1385c0200c38761e3d5
Transaction Received : aae900f5d8e0e397e8d29fa454f1a2577f9207b91c137a55f70bb0d4d2074429
Transaction Received : f6a2708eb1ff9345489ed01b8436475a043155bd698f513581c4fb4f50ea8bbf
[syncManager] Received validator selection message.
[DEBUG] Selected validator: {'public_addr': '14yikjhubj1sepvqsvzpRv4H6LhMN43XGD', 'privateKey': 101116694282830344663754055609096743199644277746685645606199809457638491163865, 'private_key': 101116694282830344663754055609096743199644277746685645606199809457638491163865, 'public_key': '0387c964aa67e33f0b93d3221b1bdfce382746cc7772e7497ca2677826f58d901d', 'balance': 1000, 'staked': 100, 'pending_rewards': 0, 'unspent': 100000000000, 'locked_until': 0, 'staking_history': '[]'}
[DEBUG] My public address: 14yikjhubj1sepvqsvzpRv4H6LhMN43XGD
Database path used: data/account.db
Account object created: address=14yikjhubj1sepvqsvzpRv4H6LhMN43XGD, staked=10000000000 satoshis (100.0 coins), rewards=206400000000 satoshis (2064.0 coins)
[syncManager] I AM THE SELECTED VALIDATOR! - Address 14yikjhubj1sepvqsvzpRv4H6LhMN43XGD Producing next block.
[syncManager] I'm selected as validator. Waiting briefly for any competing blocks...
[syncManager] I AM THE SELECTED VALIDATOR! Creating block at height 153
[syncManager] Creating block at height 153
[syncManager] Block 153 created successfully
Transaction Received : f6899e04f9551497f8fefb4fbbc2e83da8ca14e93cf31b0ab108e56de2dc5499
Transaction Received : 12ee5f4c36f018bcb7f0d35adc8bedb09ca9707860405749063d711cf7ad6c49
[syncManager] Received validator selection message.
[DEBUG] Selected validator: {'public_addr': '1Lu9SwPPo7DJYrMVrZnkDXVw5y4aEeF1kz', 'privateKey': 46707185248865296345366463593339102785859545093537333336358754291775493830931, 'private_key': 46707185248865296345366463593339102785859545093537333336358754291775493830931, 'public_key': '035b605b121b0382b340dd55bb960bd73c19bb5b484d61837b41beb29b1e8341b1', 'balance': 1000, 'staked': 100, 'pending_rewards': 0, 'unspent': 100000000000, 'locked_until': 0, 'staking_history': '[]'}
[DEBUG] My public address: 14yikjhubj1sepvqsvzpRv4H6LhMN43XGD
Database path used: data/account.db
Account object created: address=14yikjhubj1sepvqsvzpRv4H6LhMN43XGD, staked=10000000000 satoshis (100.0 coins), rewards=211800000000 satoshis (2118.0 coins)
[syncManager] Not the selected validator: 1Lu9SwPPo7DJYrMVrZnkDXVw5y4aEeF1kz
Transaction Received : 151b5a5fe6f712974b76266b46ae1c97b9f07aa1dacdb1aa7226b6e5cb1112f4
Received account update from port 9002 for address: 1Lu9SwPPo7DJYrMVrZnkDXVw5y4aEeF1kz
Successfully updated local account database for 1Lu9SwPPo7DJYrMVrZnkDXVw5y4aEeF1kz
[Receiver] Received envelope with command: b'block' and payload length: 1547 bytes
New Block Received : 154
Blocks to process: 1
Processing block with hash: 073dee61...
Signature type: <class 'Blockchain.Backend.core.EllepticCurve.EllepticCurve.Signature'>
Processed transaction with ID: 8d8bb22ad8cd1816f25efb8ff7b141c5b8eef5487eae2b3950802027e8a8350e
Processed transaction with ID: c5d67d0be7208f6aee622e76bef60d0d81d7e2405205b1385c0200c38761e3d5
Processed transaction with ID: aae900f5d8e0e397e8d29fa454f1a2577f9207b91c137a55f70bb0d4d2074429
Processed transaction with ID: f6a2708eb1ff9345489ed01b8436475a043155bd698f513581c4fb4f50ea8bbf
Processed transaction with ID: d049037c5d4ebf819bbf2bb3735f5f53f135f3d6918a7a239c73999239cf72c4
Processed transaction with ID: 83677ad84adceab9a8d9963b4b9b904425dc008e78742f1eff6ec360698c5b08
Attempting atomic write of block to database file: data/blockchain.db
[LocalChain] Block 154 successfully integrated (atomic write).
[Mempool Cleanup] Removed confirmed transactions from mempool: ['d049037c5d4ebf819bbf2bb3735f5f53f135f3d6918a7a239c73999239cf72c4', 'f6899e04f9551497f8fefb4fbbc2e83da8ca14e93cf31b0ab108e56de2dc5499', '83677ad84adceab9a8d9963b4b9b904425dc008e78742f1eff6ec360698c5b08']
Transaction Received : 7861c0400151ad3a58ff58cd7a53f44ea6a912ab8d63d9d8ffe709e7e1331d5a
Testing database connections...
  - Connected to node database: /Users/tadeatobatele/Documents/UniStuff/CS351 Project/code/PoSBlockchain/network_data/node_1/node.db
  - Connected to blockchain database: /Users/tadeatobatele/Documents/UniStuff/CS351 Project/code/PoSBlockchain/network_data/node_1/blockchain.db
  - Connected to account database: /Users/tadeatobatele/Documents/UniStuff/CS351 Project/code/PoSBlockchain/network_data/node_1/account.db
[Sim Debug 19264/6183579648] Creating AccountDB instance...
[Sim] Transaction simulator started
[Sim Debug 19264/6183579648] Instance type: <class 'code_node2.Blockchain.Backend.core.database.db.AccountDB'>
[Sim Debug 19264/6183579648] Instance HAS table_name: 'account'
[Sim Debug 19264/6183579648] Calling db_instance.read()...
[Sim Debug 19264/6183579648] db_instance.read() completed.
[Sim] Sending 23 TDC from 14yikjhubj1sepvqsvzpRv4H6LhMN43XGD to 1Lu9SwPPo7DJYrMVrZnkDXVw5y4aEeF1kz via node on web port 5902
[Sim] Network error during transaction simulation: HTTPConnectionPool(host='localhost', port=5902): Max retries exceeded with url: /wallet (Caused by NewConnectionError('<urllib3.connection.HTTPConnection object at 0x103072000>: Failed to establish a new connection: [Errno 61] Connection refused'))
Node 1 active on port 9001, web: 5901
Node 1 active on port 9001, web: 5901
Node 1 active on port 9001, web: 5901
Node 1 active on port 9001, web: 5901
Node 1 active on port 9001, web: 5901
[Sim Debug 19264/6183579648] Creating AccountDB instance...
[Sim Debug 19264/6183579648] Instance type: <class 'code_node2.Blockchain.Backend.core.database.db.AccountDB'>
[Sim Debug 19264/6183579648] Instance HAS table_name: 'account'
[Sim Debug 19264/6183579648] Calling db_instance.read()...
[Sim Debug 19264/6183579648] db_instance.read() completed.
[Sim] Sending 19 TDC from 1DPPqS7kQNQMcn28du4sYJe8YKLUH8Jrig to 1Lu9SwPPo7DJYrMVrZnkDXVw5y4aEeF1kz via node on web port 5900
Node 1 active on port 9001, web: 5901
[Sim] Transaction submitted successfully via web port 5900. Response: <!DOCTYPE html>
<html lang="en">
    <head>
        <meta charset="UTF-8">
        <meta http-equiv=...
Node 1 active on port 9001, web: 5901
Node 1 active on port 9001, web: 5901
Node 1 active on port 9001, web: 5901
[Sim Debug 19264/6183579648] Creating AccountDB instance...
[Sim Debug 19264/6183579648] Instance type: <class 'code_node2.Blockchain.Backend.core.database.db.AccountDB'>
[Sim Debug 19264/6183579648] Instance HAS table_name: 'account'
[Sim Debug 19264/6183579648] Calling db_instance.read()...
[Sim Debug 19264/6183579648] db_instance.read() completed.
[Sim] Sending 20 TDC from 1Lu9SwPPo7DJYrMVrZnkDXVw5y4aEeF1kz to 14yikjhubj1sepvqsvzpRv4H6LhMN43XGD via node on web port 5900
[Sim] Transaction submitted successfully via web port 5900. Response: <!DOCTYPE html>
<html lang="en">
    <head>
        <meta charset="UTF-8">
        <meta http-equiv=...
Node 1 active on port 9001, web: 5901
Node 1 active on port 9001, web: 5901
Node 1 active on port 9001, web: 5901
[Sim Debug 19264/6183579648] Creating AccountDB instance...
[Sim Debug 19264/6183579648] Instance type: <class 'code_node2.Blockchain.Backend.core.database.db.AccountDB'>
[Sim Debug 19264/6183579648] Instance HAS table_name: 'account'
[Sim Debug 19264/6183579648] Calling db_instance.read()...
[Sim Debug 19264/6183579648] db_instance.read() completed.
[Sim] Sending 34 TDC from 14yikjhubj1sepvqsvzpRv4H6LhMN43XGD to 1Lu9SwPPo7DJYrMVrZnkDXVw5y4aEeF1kz via node on web port 5900
[Sim] Transaction submitted successfully via web port 5900. Response: <!DOCTYPE html>
<html lang="en">
    <head>
        <meta charset="UTF-8">
        <meta http-equiv=...
Node 1 active on port 9001, web: 5901
Node 1 active on port 9001, web: 5901
Node 1 active on port 9001, web: 5901
[Sim Debug 19264/6183579648] Creating AccountDB instance...
[Sim Debug 19264/6183579648] Instance type: <class 'code_node2.Blockchain.Backend.core.database.db.AccountDB'>
[Sim Debug 19264/6183579648] Instance HAS table_name: 'account'
[Sim Debug 19264/6183579648] Calling db_instance.read()...
[Sim Debug 19264/6183579648] db_instance.read() completed.
[Sim] Sending 7 TDC from 1Lu9SwPPo7DJYrMVrZnkDXVw5y4aEeF1kz to 1DPPqS7kQNQMcn28du4sYJe8YKLUH8Jrig via node on web port 5902
[Sim] Transaction submitted successfully via web port 5902. Response: <!DOCTYPE html>
<html lang="en">
    <head>
        <meta charset="UTF-8">
        <meta http-equiv=...
Node 1 active on port 9001, web: 5901
Node 1 active on port 9001, web: 5901
Node 1 active on port 9001, web: 5901
[Sim Debug 19264/6183579648] Creating AccountDB instance...
[Sim Debug 19264/6183579648] Instance type: <class 'code_node2.Blockchain.Backend.core.database.db.AccountDB'>
[Sim Debug 19264/6183579648] Instance HAS table_name: 'account'
[Sim Debug 19264/6183579648] Calling db_instance.read()...
[Sim Debug 19264/6183579648] db_instance.read() completed.
[Sim] Sending 21 TDC from 14yikjhubj1sepvqsvzpRv4H6LhMN43XGD to 1Lu9SwPPo7DJYrMVrZnkDXVw5y4aEeF1kz via node on web port 5901
[Sim] Transaction submitted successfully via web port 5901. Response: <!DOCTYPE html>
<html lang="en">
    <head>
        <meta charset="UTF-8">
        <meta http-equiv=...
Node 1 active on port 9001, web: 5901
Node 1 active on port 9001, web: 5901
Node 1 active on port 9001, web: 5901
[Sim Debug 19264/6183579648] Creating AccountDB instance...
[Sim Debug 19264/6183579648] Instance type: <class 'code_node2.Blockchain.Backend.core.database.db.AccountDB'>
[Sim Debug 19264/6183579648] Instance HAS table_name: 'account'
[Sim Debug 19264/6183579648] Calling db_instance.read()...
[Sim Debug 19264/6183579648] db_instance.read() completed.
[Sim] Sending 33 TDC from 1Lu9SwPPo7DJYrMVrZnkDXVw5y4aEeF1kz to 14yikjhubj1sepvqsvzpRv4H6LhMN43XGD via node on web port 5902
[Sim] Transaction submitted successfully via web port 5902. Response: <!DOCTYPE html>
<html lang="en">
    <head>
        <meta charset="UTF-8">
        <meta http-equiv=...
Node 1 active on port 9001, web: 5901
\nShutting down node 1 gracefully...
\nShutting down node 1 gracefully...
Testing database connections...
  - Connected to node database: /Users/tadeatobatele/Documents/UniStuff/CS351 Project/code/PoSBlockchain/network_data/node_1/node.db
  - Connected to blockchain database: /Users/tadeatobatele/Documents/UniStuff/CS351 Project/code/PoSBlockchain/network_data/node_1/blockchain.db
  - Connected to account database: /Users/tadeatobatele/Documents/UniStuff/CS351 Project/code/PoSBlockchain/network_data/node_1/account.db
[Node Setup] Last block height is: 150
DEBUG: Starting UTXO set construction.
ERROR: Referenced transaction dc05bbd2d15965147599569338e784f39df108d30aa34afc05a2ab0d41ab6109 is missing. Skipping input processing for transaction cc73cf405d5ae3ecb3102357bd8de7d03e0f831cd12faf78f9d82d0ea1456d40.
ERROR: Referenced transaction e8f01805dfb18117fcea55ebf589b71fa6404b65ed25303a68e7df514df393a7 is missing. Skipping input processing for transaction 04a29682bd8dd22d004c48cc4fe88ac11ea1c71557550c31cd9a3249b4d7ae5b.
ERROR: Referenced transaction e8f01805dfb18117fcea55ebf589b71fa6404b65ed25303a68e7df514df393a7 is missing. Skipping input processing for transaction 04a29682bd8dd22d004c48cc4fe88ac11ea1c71557550c31cd9a3249b4d7ae5b.
ERROR: Referenced transaction fbdc3dbfca9245e1774b3650dbf606ee3eaf1ee73d0f7624c0db149edd751396 is missing. Skipping input processing for transaction 6663bc9d9918ac99350e981393c14f9548ad02c98b86ddfc90ec43f2d87eb461.
ERROR: Referenced transaction e24e0a9e0891d4a54b4a6b2174ace49e807060a27466bbbefbabc2f412f8f61a is missing. Skipping input processing for transaction bc1285ca28bdf14a1ef37a8bbbdabb3d380f933b8d65d348f7918ca5f1546ee8.
ERROR: Referenced transaction 373fae8bbd417c1410e6e918c1a88b1c0c8a64c028b463a7fdfa94fe03a1cae7 is missing. Skipping input processing for transaction edeaa5808ee94debd08102cf613b8a669548d8b3ff8eef68cf69bb9685746a0b.
ERROR: Referenced transaction e0ce01208de8234705dc514caa27879872a8278c4325a75da51bf9bfd75050f6 is missing. Skipping input processing for transaction 8b3eab6ebb008c197b75d1c9e37dceef040d9ecf429bcd839018d9c2e4906bec.
ERROR: Referenced transaction 6bb7c6e8fea480c7c45f1950af91213cb2b261d35d732054499f5dc1746f3086 is missing. Skipping input processing for transaction 298cac9cf004b3d1d26e57270b89a2d50afb88d29838324bf43f221b72e07b05.
ERROR: Referenced transaction 04a29682bd8dd22d004c48cc4fe88ac11ea1c71557550c31cd9a3249b4d7ae5b is missing. Skipping input processing for transaction 509a1cebc0cf3e9ed6ddbbbb5c263a4de80eb04e86eb7eda2053d7f68c460f39.
ERROR: Referenced transaction 69a205f9ab8fc8ed3c06551a104543c7ec1348fe015bd5f54e7f16f4a00f0bb9 is missing. Skipping input processing for transaction cc3b18e13f396b349878e787bf92d73f12dc9dcb28fea47a6b8c2dfe04ba72d7.
ERROR: Referenced transaction 6bb7c6e8fea480c7c45f1950af91213cb2b261d35d732054499f5dc1746f3086 is missing. Skipping input processing for transaction 43a8397a4933667ce7af8b5155f53815781c0839b11a5ddc67a07cf58b293333.
ERROR: Referenced transaction e0ce01208de8234705dc514caa27879872a8278c4325a75da51bf9bfd75050f6 is missing. Skipping input processing for transaction eb1902f9b008d15f15de03538fe425ec0bef602836dfbf00d5e36d23349ba6b5.
ERROR: Referenced transaction 04a29682bd8dd22d004c48cc4fe88ac11ea1c71557550c31cd9a3249b4d7ae5b is missing. Skipping input processing for transaction 806ec17b97082557a5466bff13436cf98709bf38712c928d92b537557592bd2f.
ERROR: Invalid prev_index 1 for transaction 9a0ce7bec21b13abe12fba4f55169692c18f7f54b704a00ece057f36f0282a1f.
ERROR: Invalid prev_index 1 for transaction 5b92f1de793aade763eaa3ca05f2a5a2a2a0847b0737f7c7cd2466624c31a202.
ERROR: Referenced transaction c4416d76211827ac9dbadcd83f2700e4148920e7abdd537a1279867479cc429c is missing. Skipping input processing for transaction 7e9d6ae9e8c44a25de9a14495f7e3285e16108877066cff11319aad98f34d21f.
ERROR: Referenced transaction 7a1b22dafcd662153dad630d65640a47580c51d886c2bc22ecd1fc4d21600bd0 is missing. Skipping input processing for transaction 9f94759c335226f56d1bbf2e55a46cd4f0d41d19320f06305c217ace39d0a66d.
ERROR: Referenced transaction 791c514e073ee17375de0a1285de2aaf3ebb45a70ace0de0163b4b2396a502d7 is missing. Skipping input processing for transaction 19f390766d6aff9d4f5fa722b8215809ef1f95821b14df82b5e12dca94c91335.
ERROR: Invalid prev_index 1 for transaction edeaa5808ee94debd08102cf613b8a669548d8b3ff8eef68cf69bb9685746a0b.
ERROR: Referenced transaction 85b89bd0c677f4eef12a270c8d309bf0fd08bda683ca4009e8b08a5481477353 is missing. Skipping input processing for transaction fac18b9cbb36b9efc2e64c950e37f43c50e3e467871d85700344559cd477a664.
ERROR: Referenced transaction 108879bc3061ee89afd79f9801a3c8b9c889316749fa4b55b6f55b9568ff4452 is missing. Skipping input processing for transaction 3235c05624d97f6ba45dc34d974d445e943ac81841b4dc98efd1abbbb8086051.
ERROR: Invalid prev_index 1 for transaction 0d2e2c16ef28f505268d57e3a627f13f86cf2dd13d9a573a451860b66d68eba7.
WARNING: The following transactions reference missing inputs:
  Transaction cc73cf405d5ae3ecb3102357bd8de7d03e0f831cd12faf78f9d82d0ea1456d40 references missing transaction dc05bbd2d15965147599569338e784f39df108d30aa34afc05a2ab0d41ab6109.
  Transaction 04a29682bd8dd22d004c48cc4fe88ac11ea1c71557550c31cd9a3249b4d7ae5b references missing transaction e8f01805dfb18117fcea55ebf589b71fa6404b65ed25303a68e7df514df393a7.
  Transaction 04a29682bd8dd22d004c48cc4fe88ac11ea1c71557550c31cd9a3249b4d7ae5b references missing transaction e8f01805dfb18117fcea55ebf589b71fa6404b65ed25303a68e7df514df393a7.
  Transaction 6663bc9d9918ac99350e981393c14f9548ad02c98b86ddfc90ec43f2d87eb461 references missing transaction fbdc3dbfca9245e1774b3650dbf606ee3eaf1ee73d0f7624c0db149edd751396.
  Transaction bc1285ca28bdf14a1ef37a8bbbdabb3d380f933b8d65d348f7918ca5f1546ee8 references missing transaction e24e0a9e0891d4a54b4a6b2174ace49e807060a27466bbbefbabc2f412f8f61a.
  Transaction edeaa5808ee94debd08102cf613b8a669548d8b3ff8eef68cf69bb9685746a0b references missing transaction 373fae8bbd417c1410e6e918c1a88b1c0c8a64c028b463a7fdfa94fe03a1cae7.
  Transaction 8b3eab6ebb008c197b75d1c9e37dceef040d9ecf429bcd839018d9c2e4906bec references missing transaction e0ce01208de8234705dc514caa27879872a8278c4325a75da51bf9bfd75050f6.
  Transaction 298cac9cf004b3d1d26e57270b89a2d50afb88d29838324bf43f221b72e07b05 references missing transaction 6bb7c6e8fea480c7c45f1950af91213cb2b261d35d732054499f5dc1746f3086.
  Transaction 509a1cebc0cf3e9ed6ddbbbb5c263a4de80eb04e86eb7eda2053d7f68c460f39 references missing transaction 04a29682bd8dd22d004c48cc4fe88ac11ea1c71557550c31cd9a3249b4d7ae5b.
  Transaction cc3b18e13f396b349878e787bf92d73f12dc9dcb28fea47a6b8c2dfe04ba72d7 references missing transaction 69a205f9ab8fc8ed3c06551a104543c7ec1348fe015bd5f54e7f16f4a00f0bb9.
  Transaction 43a8397a4933667ce7af8b5155f53815781c0839b11a5ddc67a07cf58b293333 references missing transaction 6bb7c6e8fea480c7c45f1950af91213cb2b261d35d732054499f5dc1746f3086.
  Transaction eb1902f9b008d15f15de03538fe425ec0bef602836dfbf00d5e36d23349ba6b5 references missing transaction e0ce01208de8234705dc514caa27879872a8278c4325a75da51bf9bfd75050f6.
  Transaction 806ec17b97082557a5466bff13436cf98709bf38712c928d92b537557592bd2f references missing transaction 04a29682bd8dd22d004c48cc4fe88ac11ea1c71557550c31cd9a3249b4d7ae5b.
  Transaction 7e9d6ae9e8c44a25de9a14495f7e3285e16108877066cff11319aad98f34d21f references missing transaction c4416d76211827ac9dbadcd83f2700e4148920e7abdd537a1279867479cc429c.
  Transaction 9f94759c335226f56d1bbf2e55a46cd4f0d41d19320f06305c217ace39d0a66d references missing transaction 7a1b22dafcd662153dad630d65640a47580c51d886c2bc22ecd1fc4d21600bd0.
  Transaction 19f390766d6aff9d4f5fa722b8215809ef1f95821b14df82b5e12dca94c91335 references missing transaction 791c514e073ee17375de0a1285de2aaf3ebb45a70ace0de0163b4b2396a502d7.
  Transaction fac18b9cbb36b9efc2e64c950e37f43c50e3e467871d85700344559cd477a664 references missing transaction 85b89bd0c677f4eef12a270c8d309bf0fd08bda683ca4009e8b08a5481477353.
  Transaction 3235c05624d97f6ba45dc34d974d445e943ac81841b4dc98efd1abbbb8086051 references missing transaction 108879bc3061ee89afd79f9801a3c8b9c889316749fa4b55b6f55b9568ff4452.
DEBUG: UTXO set construction complete.
[Node Setup] UTXO set constructed.
Starting download...
Error while downloading or uploading the Blockchain 
[Errno 48] Address already in use
Starting download...
Error while downloading or uploading the Blockchain 
[Errno 48] Address already in use
[Node Setup] Sync service started. Node is now ready and waiting for validator selection.
Selected Validator: 14yikjhubj1sepvqsvzpRv4H6LhMN43XGD with stake 100 PRINTED FROM ADD BLOCK
Looking up validator account: 14yikjhubj1sepvqsvzpRv4H6LhMN43XGD
Standard lookup failed, trying direct database access
Detected node_id 1
Trying database path: /Users/tadeatobatele/Documents/UniStuff/CS351 Project/code/PoSBlockchain/network_data/node_1/data/account.db
Found account in /Users/tadeatobatele/Documents/UniStuff/CS351 Project/code/PoSBlockchain/network_data/node_1/data/account.db!
Creating coinbase reward for address: 14yikjhubj1sepvqsvzpRv4H6LhMN43XGD sent to 1CJL7mvokNjrs2D48jM3EEHoRhQiWCbxCh
Looking up validator account: 14yikjhubj1sepvqsvzpRv4H6LhMN43XGD
Standard lookup failed, trying direct database access
Detected node_id 1
Trying database path: /Users/tadeatobatele/Documents/UniStuff/CS351 Project/code/PoSBlockchain/network_data/node_1/data/account.db
Found account in /Users/tadeatobatele/Documents/UniStuff/CS351 Project/code/PoSBlockchain/network_data/node_1/data/account.db!
Validator 14yikjhubj1sepvqsvzpRv4H6LhMN43XGD credited with 5400000000 TDC.
New pending rewards: 211800000000
Saving validator account changes
Account updated successfully in /Users/tadeatobatele/Documents/UniStuff/CS351 Project/code/PoSBlockchain/network_data/node_1/data/account.db
Broadcasting account update to node at port 9000
Publishing account update for 14yikjhubj1sepvqsvzpRv4H6LhMN43XGD to node at port 9000
Trying to connect from 9001: to: 9000...
Connected to host at port 9000
Account update for 14yikjhubj1sepvqsvzpRv4H6LhMN43XGD sent to port 9000
Broadcasting account update to node at port 9002
Publishing account update for 14yikjhubj1sepvqsvzpRv4H6LhMN43XGD to node at port 9002
Trying to connect from 9001: to: 9002...
Connected to host at port 9002
Account update for 14yikjhubj1sepvqsvzpRv4H6LhMN43XGD sent to port 9002
Account update broadcast to 2 nodes
[Sender] Sending Block: <Blockchain.Backend.core.block.Block object at 0x101f2a5d0> to 9000
Trying to connect from 9001: to: 9000...
Connected to host
[Sender] Sending Block: <Blockchain.Backend.core.block.Block object at 0x101f2a5d0> to 9002
Trying to connect from 9001: to: 9002...
Connected to host
 Spent Transaction removed 8b5a22fb51012962e12cd89884c85381421912b6b59ea143d59f5916cb4631a8 
 Spent Transaction removed cc73cf405d5ae3ecb3102357bd8de7d03e0f831cd12faf78f9d82d0ea1456d40 
 Spent Transaction removed 5b92f1de793aade763eaa3ca05f2a5a2a2a0847b0737f7c7cd2466624c31a202 
 Spent Transaction removed edeaa5808ee94debd08102cf613b8a669548d8b3ff8eef68cf69bb9685746a0b 
Block 153 created successfully by Validator 14yikjhubj1sepvqsvzpRv4H6LhMN43XGD with Signature 3045022100af59f833cdee5acb52ea20f8f7f848f1d1b743f2482ba5e715606bab665bb5720220107debea96abcd35cb91384e68ad312840a416a04998b4bdc8eaab2c864e4f79 with BlockHash d08e63cc31fa054c484572414e32c880de56b499161ebcdf9ed86e14364d7ced
