Testing database connections...
  - Connected to node database: /Users/tadeatobatele/Documents/UniStuff/CS351 Project/code/PoSBlockchain/network_data/node_0/node.db
  - Connected to blockchain database: /Users/tadeatobatele/Documents/UniStuff/CS351 Project/code/PoSBlockchain/network_data/node_0/blockchain.db
  - Connected to account database: /Users/tadeatobatele/Documents/UniStuff/CS351 Project/code/PoSBlockchain/network_data/node_0/account.db
Starting node 0 on port 9000 with custom DB paths
Creating account for node 0 with address: 1DPPqS7kQNQMcn28du4sYJe8YKLUH8Jrig
Account data written directly to DB at: /Users/tadeatobatele/Documents/UniStuff/CS351 Project/code/PoSBlockchain/network_data/node_0/account.db
Account details: public_addr=1DPPqS7kQNQMcn28du4sYJe8YKLUH8Jrig, balance=1000
Setting blockchain public address to: 1DPPqS7kQNQMcn28du4sYJe8YKLUH8Jrig
Blockchain initialized successfully through BlockchainManager
Testing database connections...
  - Connected to node database: /Users/tadeatobatele/Documents/UniStuff/CS351 Project/code/PoSBlockchain/network_data/node_0/node.db
  - Connected to blockchain database: /Users/tadeatobatele/Documents/UniStuff/CS351 Project/code/PoSBlockchain/network_data/node_0/blockchain.db
  - Connected to account database: /Users/tadeatobatele/Documents/UniStuff/CS351 Project/code/PoSBlockchain/network_data/node_0/account.db
 * Serving Flask app 'code_node2.Blockchain.Frontend.run' (lazy loading)
 * Environment: production
   WARNING: This is a development server. Do not use it in a production deployment.
   Use a production WSGI server instead.
 * Debug mode: on
DEBUG: Total input = 5000000000, amount = 1700000000, fee = 100000000, change = 3200000000
Database path used: data/account.db
Account object created: address=14yikjhubj1sepvqsvzpRv4H6LhMN43XGD, staked=10000000000 satoshis (100.0 coins), rewards=201200000000 satoshis (2012.0 coins)
Removing spent UTXO: txid f455da2043a1233baa54e1a353595bc97a1777ed696e1870552416c9f38bf448, index 0
Adding new transaction a5c18aa0b4f6144ae3330178703109b98734cefedef9ccda485818369ce6a720 with 2 output(s) to UTXO set.
DEBUG: Broadcasting Serialized Tx: 010000000148f48bf3c916245570186e69ed77177ac95b5953a3e154aa3b23a14320da55f4000000006a47304402200a98aa81aa9fbac0743d68bb4a5308a80bc2e2b788ded56f4f2ce0644ae3ccbe02201a4a40a1af14c2c366bc7b90794311f9198078487929b5da9e58284320779fc001210387c964aa67e33f0b93d3221b1bdfce382746cc7772e7497ca2677826f58d901dffffffff0200f15365000000001976a914da47123efc51379131bef1bf2ba8c91f60dd72a888ac0020bcbe000000001976a9142ba28698085529f90afe2a5cffc24d226878a82388ac00000000
DEBUG (Sender): TxId: a5c18aa0b4f6144ae3330178703109b98734cefedef9ccda485818369ce6a720
Trying to connect from 8999: to: 9001...
Trying to connect from 8999: to: 9002...
DEBUG: Total input = 1800000000, amount = 1100000000, fee = 100000000, change = 600000000
Database path used: data/account.db
Account object created: address=1DPPqS7kQNQMcn28du4sYJe8YKLUH8Jrig, staked=10000000000 satoshis (100.0 coins), rewards=272100000000 satoshis (2721.0 coins)
Removing spent UTXO: txid 0d2e2c16ef28f505268d57e3a627f13f86cf2dd13d9a573a451860b66d68eba7, index 1
Adding new transaction 4758e9a69074b24e16e03c9828c253c9a8cc0746c32de69bb37c7c5fe30c5ec8 with 2 output(s) to UTXO set.
DEBUG: Broadcasting Serialized Tx: 0100000001a7eb686db66018453a579a3dd12dcf863ff127a6e3578d2605f528ef162c2e0d010000006b4830450221009335471c13a75e035607e070c67ac53795d6721063e836968dbcd3c95e9ff4e202204df810090f0bc1b333fbc9afd24f6462adaf41246d2901d52e04f0e07c34b4c701210248c103d04cc26840fa000d9614301fa5aee9d79b3a972e61c0712367658530b4ffffffff0200ab9041000000001976a9142ba28698085529f90afe2a5cffc24d226878a82388ac0046c323000000001976a91487ddb8e9146d2772a4d0f01d2d6d30307510b7d088ac00000000
DEBUG (Sender): TxId: 4758e9a69074b24e16e03c9828c253c9a8cc0746c32de69bb37c7c5fe30c5ec8
Trying to connect from 8999: to: 9001...
Trying to connect from 8999: to: 9002...
DEBUG: Total input = 5000000000, amount = 900000000, fee = 100000000, change = 4000000000
Database path used: data/account.db
Account object created: address=14yikjhubj1sepvqsvzpRv4H6LhMN43XGD, staked=10000000000 satoshis (100.0 coins), rewards=206400000000 satoshis (2064.0 coins)
Removing spent UTXO: txid f455da2043a1233baa54e1a353595bc97a1777ed696e1870552416c9f38bf448, index 0
Adding new transaction 8e220540a73fb4aef45a29e0235881cb230d564084272f6b82e392796bc78874 with 2 output(s) to UTXO set.
DEBUG: Broadcasting Serialized Tx: 010000000148f48bf3c916245570186e69ed77177ac95b5953a3e154aa3b23a14320da55f4000000006b483045022100ef8789ac83044a1973234f4119326f4aff11884f1d8acfc5d17eae11b0108f7702202b74fb2d7acecc50b9befff5ccf597589b71c978197993f99a1b43ca5db9df6b01210387c964aa67e33f0b93d3221b1bdfce382746cc7772e7497ca2677826f58d901dffffffff0200e9a435000000001976a914da47123efc51379131bef1bf2ba8c91f60dd72a888ac00286bee000000001976a9142ba28698085529f90afe2a5cffc24d226878a82388ac00000000
DEBUG (Sender): TxId: 8e220540a73fb4aef45a29e0235881cb230d564084272f6b82e392796bc78874
Trying to connect from 8999: to: 9001...
Trying to connect from 8999: to: 9002...
DEBUG: Total input = 5000000000, amount = 1300000000, fee = 100000000, change = 3600000000
Database path used: data/account.db
Account object created: address=14yikjhubj1sepvqsvzpRv4H6LhMN43XGD, staked=10000000000 satoshis (100.0 coins), rewards=206400000000 satoshis (2064.0 coins)
Removing spent UTXO: txid f455da2043a1233baa54e1a353595bc97a1777ed696e1870552416c9f38bf448, index 0
Adding new transaction 8203ff860142b2c27d27cd678e0e041cbb39451ef6d33cf161f057d109a9778f with 2 output(s) to UTXO set.
DEBUG: Broadcasting Serialized Tx: 010000000148f48bf3c916245570186e69ed77177ac95b5953a3e154aa3b23a14320da55f4000000006a47304402204f22fd1f8ee8ea64bdce2d0c0e6c1241f96a24199485069d705a41eda064ea1602200bc31b21127078a8487c6087a7a5d2f863b2aaaf8a874372e96127af9ad9e1fe01210387c964aa67e33f0b93d3221b1bdfce382746cc7772e7497ca2677826f58d901dffffffff02006d7c4d000000001976a914da47123efc51379131bef1bf2ba8c91f60dd72a888ac00a493d6000000001976a9142ba28698085529f90afe2a5cffc24d226878a82388ac00000000
DEBUG (Sender): TxId: 8203ff860142b2c27d27cd678e0e041cbb39451ef6d33cf161f057d109a9778f
Trying to connect from 8999: to: 9001...
Trying to connect from 8999: to: 9002...
Testing database connections...
  - Connected to node database: /Users/tadeatobatele/Documents/UniStuff/CS351 Project/code/PoSBlockchain/network_data/node_0/node.db
  - Connected to blockchain database: /Users/tadeatobatele/Documents/UniStuff/CS351 Project/code/PoSBlockchain/network_data/node_0/blockchain.db
  - Connected to account database: /Users/tadeatobatele/Documents/UniStuff/CS351 Project/code/PoSBlockchain/network_data/node_0/account.db
SERVER STARTED
LISTENING at 127.0.0.1:9000
[syncManager] Received validator selection message.
[DEBUG] Selected validator: {'public_addr': '1Lu9SwPPo7DJYrMVrZnkDXVw5y4aEeF1kz', 'privateKey': 46707185248865296345366463593339102785859545093537333336358754291775493830931, 'private_key': 46707185248865296345366463593339102785859545093537333336358754291775493830931, 'public_key': '035b605b121b0382b340dd55bb960bd73c19bb5b484d61837b41beb29b1e8341b1', 'balance': 1000, 'staked': 100, 'pending_rewards': 0, 'unspent': 100000000000, 'locked_until': 0, 'staking_history': '[]'}
[DEBUG] My public address: 1DPPqS7kQNQMcn28du4sYJe8YKLUH8Jrig
Database path used: data/account.db
Account object created: address=1DPPqS7kQNQMcn28du4sYJe8YKLUH8Jrig, staked=10000000000 satoshis (100.0 coins), rewards=272100000000 satoshis (2721.0 coins)
[syncManager] Not the selected validator: 1Lu9SwPPo7DJYrMVrZnkDXVw5y4aEeF1kz
Received account update from port 9002 for address: 1Lu9SwPPo7DJYrMVrZnkDXVw5y4aEeF1kz
Successfully updated local account database for 1Lu9SwPPo7DJYrMVrZnkDXVw5y4aEeF1kz
[Receiver] Received envelope with command: b'block' and payload length: 498 bytes
New Block Received : 148
Blocks to process: 1
Processing block with hash: 96193b20...
Signature type: <class 'Blockchain.Backend.core.EllepticCurve.EllepticCurve.Signature'>
Processed transaction with ID: aab893d34ac0ed1f2e7503943d1c8f2a66d06270df169935fcb148121a4ce9c7
Processed transaction with ID: a5c18aa0b4f6144ae3330178703109b98734cefedef9ccda485818369ce6a720
Attempting atomic write of block to database file: data/blockchain.db
[LocalChain] Block 148 successfully integrated (atomic write).
[Mempool Cleanup] Removed confirmed transactions from mempool: ['a5c18aa0b4f6144ae3330178703109b98734cefedef9ccda485818369ce6a720']
Transaction Received : 4758e9a69074b24e16e03c9828c253c9a8cc0746c32de69bb37c7c5fe30c5ec8
Transaction Received : 3235c05624d97f6ba45dc34d974d445e943ac81841b4dc98efd1abbbb8086051
Transaction Received : 689959c3a4b19ba33fec21502532d25af086560b910ca472ca923e8acba2aa9c
[syncManager] Received validator selection message.
[DEBUG] Selected validator: {'public_addr': '14yikjhubj1sepvqsvzpRv4H6LhMN43XGD', 'privateKey': 101116694282830344663754055609096743199644277746685645606199809457638491163865, 'private_key': 101116694282830344663754055609096743199644277746685645606199809457638491163865, 'public_key': '0387c964aa67e33f0b93d3221b1bdfce382746cc7772e7497ca2677826f58d901d', 'balance': 1000, 'staked': 100, 'pending_rewards': 0, 'unspent': 100000000000, 'locked_until': 0, 'staking_history': '[]'}
[DEBUG] My public address: 1DPPqS7kQNQMcn28du4sYJe8YKLUH8Jrig
Database path used: data/account.db
Account object created: address=1DPPqS7kQNQMcn28du4sYJe8YKLUH8Jrig, staked=10000000000 satoshis (100.0 coins), rewards=272100000000 satoshis (2721.0 coins)
[syncManager] Not the selected validator: 14yikjhubj1sepvqsvzpRv4H6LhMN43XGD
Received account update from port 9001 for address: 14yikjhubj1sepvqsvzpRv4H6LhMN43XGD
Successfully updated local account database for 14yikjhubj1sepvqsvzpRv4H6LhMN43XGD
[Receiver] Received envelope with command: b'block' and payload length: 724 bytes
New Block Received : 149
Blocks to process: 1
Processing block with hash: 043e15a1...
Signature type: <class 'Blockchain.Backend.core.EllepticCurve.EllepticCurve.Signature'>
Processed transaction with ID: 7cc22687c3b73d062b8f5f1b176cc7caaafa6a10bd33029d076d5f4fd993303d
Processed transaction with ID: 4758e9a69074b24e16e03c9828c253c9a8cc0746c32de69bb37c7c5fe30c5ec8
Processed transaction with ID: 689959c3a4b19ba33fec21502532d25af086560b910ca472ca923e8acba2aa9c
Attempting atomic write of block to database file: data/blockchain.db
[LocalChain] Block 149 successfully integrated (atomic write).
[Mempool Cleanup] Removed confirmed transactions from mempool: ['4758e9a69074b24e16e03c9828c253c9a8cc0746c32de69bb37c7c5fe30c5ec8', '689959c3a4b19ba33fec21502532d25af086560b910ca472ca923e8acba2aa9c']
Transaction Received : eab1110ddb2af57772a79dbcbf973a09081cf0f39fe0374b463715a0c778aa78
Transaction Received : 3235c05624d97f6ba45dc34d974d445e943ac81841b4dc98efd1abbbb8086051
Transaction Received : 1a6264ea598ce84d60d48437cf6f4e6f0934f1fbdbc799efa72653df582c7677
Transaction Received : 72fe2ef129dd01c227270d1c82525217be556f4849bf0fdb93c0704e16ae784b
[syncManager] Received validator selection message.
[DEBUG] Selected validator: {'public_addr': '1Lu9SwPPo7DJYrMVrZnkDXVw5y4aEeF1kz', 'privateKey': 46707185248865296345366463593339102785859545093537333336358754291775493830931, 'private_key': 46707185248865296345366463593339102785859545093537333336358754291775493830931, 'public_key': '035b605b121b0382b340dd55bb960bd73c19bb5b484d61837b41beb29b1e8341b1', 'balance': 1000, 'staked': 100, 'pending_rewards': 0, 'unspent': 100000000000, 'locked_until': 0, 'staking_history': '[]'}
[DEBUG] My public address: 1DPPqS7kQNQMcn28du4sYJe8YKLUH8Jrig
Database path used: data/account.db
Account object created: address=1DPPqS7kQNQMcn28du4sYJe8YKLUH8Jrig, staked=10000000000 satoshis (100.0 coins), rewards=272100000000 satoshis (2721.0 coins)
[syncManager] Not the selected validator: 1Lu9SwPPo7DJYrMVrZnkDXVw5y4aEeF1kz
Transaction Received : 1535d449edbd9542a28cc775faca594a587788d7fb0ca3195195cfde1ca31235
Received account update from port 9002 for address: 1Lu9SwPPo7DJYrMVrZnkDXVw5y4aEeF1kz
Successfully updated local account database for 1Lu9SwPPo7DJYrMVrZnkDXVw5y4aEeF1kz
[Receiver] Received envelope with command: b'block' and payload length: 1538 bytes
New Block Received : 150
Blocks to process: 1
Processing block with hash: 17c0e327...
Signature type: <class 'Blockchain.Backend.core.EllepticCurve.EllepticCurve.Signature'>
Processed transaction with ID: 1e92bdbdcebc5ad69bbb3f8c4f8d078d7a8f3c31d5be8c086733456d1d3b2fab
Processed transaction with ID: 3235c05624d97f6ba45dc34d974d445e943ac81841b4dc98efd1abbbb8086051
Processed transaction with ID: eab1110ddb2af57772a79dbcbf973a09081cf0f39fe0374b463715a0c778aa78
Processed transaction with ID: 1535d449edbd9542a28cc775faca594a587788d7fb0ca3195195cfde1ca31235
Attempting atomic write of block to database file: data/blockchain.db
[LocalChain] Block 150 successfully integrated (atomic write).
[Mempool Cleanup] Removed confirmed transactions from mempool: ['3235c05624d97f6ba45dc34d974d445e943ac81841b4dc98efd1abbbb8086051']
Transaction Received : 2848f8b9dec16de4323e857402bc6ff554bb72f0980dd336c48d834a5121ba6f
Transaction Received : a2ddb47b82490bbf4e6a0594c72a182413a22ed39aa8af16c3955224132ecad2
Transaction Received : eab1110ddb2af57772a79dbcbf973a09081cf0f39fe0374b463715a0c778aa78
Transaction Received : b1681c46ed5beb9de90b06affc08676659ad454542a052ddf6716c7c0240b091
[syncManager] Received validator selection message.
[DEBUG] Selected validator: {'public_addr': '1Lu9SwPPo7DJYrMVrZnkDXVw5y4aEeF1kz', 'privateKey': 46707185248865296345366463593339102785859545093537333336358754291775493830931, 'private_key': 46707185248865296345366463593339102785859545093537333336358754291775493830931, 'public_key': '035b605b121b0382b340dd55bb960bd73c19bb5b484d61837b41beb29b1e8341b1', 'balance': 1000, 'staked': 100, 'pending_rewards': 0, 'unspent': 100000000000, 'locked_until': 0, 'staking_history': '[]'}
[DEBUG] My public address: 1DPPqS7kQNQMcn28du4sYJe8YKLUH8Jrig
Database path used: data/account.db
Account object created: address=1DPPqS7kQNQMcn28du4sYJe8YKLUH8Jrig, staked=10000000000 satoshis (100.0 coins), rewards=272100000000 satoshis (2721.0 coins)
[syncManager] Not the selected validator: 1Lu9SwPPo7DJYrMVrZnkDXVw5y4aEeF1kz
Transaction Received : a464805696fbbc092935f78bb1e58302cae5d0b6cec87bc9109a60e756649fea
Testing database connections...
  - Connected to node database: /Users/tadeatobatele/Documents/UniStuff/CS351 Project/code/PoSBlockchain/network_data/node_0/node.db
  - Connected to blockchain database: /Users/tadeatobatele/Documents/UniStuff/CS351 Project/code/PoSBlockchain/network_data/node_0/blockchain.db
  - Connected to account database: /Users/tadeatobatele/Documents/UniStuff/CS351 Project/code/PoSBlockchain/network_data/node_0/account.db
[Sim Debug 18931/6183759872] Creating AccountDB instance...
[Sim] Transaction simulator started
[Sim Debug 18931/6183759872] Instance type: <class 'code_node2.Blockchain.Backend.core.database.db.AccountDB'>
[Sim Debug 18931/6183759872] Instance HAS table_name: 'account'
[Sim Debug 18931/6183759872] Calling db_instance.read()...
[Sim Debug 18931/6183759872] db_instance.read() completed.
[Sim] Sending 21 TDC from 1Lu9SwPPo7DJYrMVrZnkDXVw5y4aEeF1kz to 1DPPqS7kQNQMcn28du4sYJe8YKLUH8Jrig via node on web port 5902
[Sim] Network error during transaction simulation: HTTPConnectionPool(host='localhost', port=5902): Max retries exceeded with url: /wallet (Caused by NewConnectionError('<urllib3.connection.HTTPConnection object at 0x10ba514f0>: Failed to establish a new connection: [Errno 61] Connection refused'))
Node 0 active on port 9000, web: 5900
Node 0 active on port 9000, web: 5900
Node 0 active on port 9000, web: 5900
Node 0 active on port 9000, web: 5900
Node 0 active on port 9000, web: 5900
[Sim Debug 18931/6183759872] Creating AccountDB instance...
[Sim Debug 18931/6183759872] Instance type: <class 'code_node2.Blockchain.Backend.core.database.db.AccountDB'>
[Sim Debug 18931/6183759872] Instance HAS table_name: 'account'
[Sim Debug 18931/6183759872] Calling db_instance.read()...
[Sim Debug 18931/6183759872] db_instance.read() completed.
[Sim] Sending 11 TDC from 1DPPqS7kQNQMcn28du4sYJe8YKLUH8Jrig to 14yikjhubj1sepvqsvzpRv4H6LhMN43XGD via node on web port 5901
Node 0 active on port 9000, web: 5900
[Sim] Transaction submitted successfully via web port 5901. Response: <!DOCTYPE html>
<html lang="en">
    <head>
        <meta charset="UTF-8">
        <meta http-equiv=...
Node 0 active on port 9000, web: 5900
Node 0 active on port 9000, web: 5900
Node 0 active on port 9000, web: 5900
[Sim Debug 18931/6183759872] Creating AccountDB instance...
[Sim Debug 18931/6183759872] Instance type: <class 'code_node2.Blockchain.Backend.core.database.db.AccountDB'>
[Sim Debug 18931/6183759872] Instance HAS table_name: 'account'
[Sim Debug 18931/6183759872] Calling db_instance.read()...
[Sim Debug 18931/6183759872] db_instance.read() completed.
[Sim] Sending 27 TDC from 1Lu9SwPPo7DJYrMVrZnkDXVw5y4aEeF1kz to 1DPPqS7kQNQMcn28du4sYJe8YKLUH8Jrig via node on web port 5901
[Sim] Transaction submitted successfully via web port 5901. Response: <!DOCTYPE html>
<html lang="en">
    <head>
        <meta charset="UTF-8">
        <meta http-equiv=...
Node 0 active on port 9000, web: 5900
Node 0 active on port 9000, web: 5900
Node 0 active on port 9000, web: 5900
[Sim Debug 18931/6183759872] Creating AccountDB instance...
[Sim Debug 18931/6183759872] Instance type: <class 'code_node2.Blockchain.Backend.core.database.db.AccountDB'>
[Sim Debug 18931/6183759872] Instance HAS table_name: 'account'
[Sim Debug 18931/6183759872] Calling db_instance.read()...
[Sim Debug 18931/6183759872] db_instance.read() completed.
[Sim] Sending 15 TDC from 1Lu9SwPPo7DJYrMVrZnkDXVw5y4aEeF1kz to 1DPPqS7kQNQMcn28du4sYJe8YKLUH8Jrig via node on web port 5901
[Sim] Transaction submitted successfully via web port 5901. Response: <!DOCTYPE html>
<html lang="en">
    <head>
        <meta charset="UTF-8">
        <meta http-equiv=...
Node 0 active on port 9000, web: 5900
Node 0 active on port 9000, web: 5900
Node 0 active on port 9000, web: 5900
[Sim Debug 18931/6183759872] Creating AccountDB instance...
[Sim Debug 18931/6183759872] Instance type: <class 'code_node2.Blockchain.Backend.core.database.db.AccountDB'>
[Sim Debug 18931/6183759872] Instance HAS table_name: 'account'
[Sim Debug 18931/6183759872] Calling db_instance.read()...
[Sim Debug 18931/6183759872] db_instance.read() completed.
[Sim] Sending 13 TDC from 14yikjhubj1sepvqsvzpRv4H6LhMN43XGD to 1Lu9SwPPo7DJYrMVrZnkDXVw5y4aEeF1kz via node on web port 5902
[Sim] Transaction submitted successfully via web port 5902. Response: <!DOCTYPE html>
<html lang="en">
    <head>
        <meta charset="UTF-8">
        <meta http-equiv=...
Node 0 active on port 9000, web: 5900
Node 0 active on port 9000, web: 5900
Node 0 active on port 9000, web: 5900
[Sim Debug 18931/6183759872] Creating AccountDB instance...
[Sim Debug 18931/6183759872] Instance type: <class 'code_node2.Blockchain.Backend.core.database.db.AccountDB'>
[Sim Debug 18931/6183759872] Instance HAS table_name: 'account'
[Sim Debug 18931/6183759872] Calling db_instance.read()...
[Sim Debug 18931/6183759872] db_instance.read() completed.
[Sim] Sending 8 TDC from 14yikjhubj1sepvqsvzpRv4H6LhMN43XGD to 1Lu9SwPPo7DJYrMVrZnkDXVw5y4aEeF1kz via node on web port 5901
[Sim] Transaction submitted successfully via web port 5901. Response: <!DOCTYPE html>
<html lang="en">
    <head>
        <meta charset="UTF-8">
        <meta http-equiv=...
Node 0 active on port 9000, web: 5900
\nShutting down node 0 gracefully...
\nShutting down node 0 gracefully...
Testing database connections...
  - Connected to node database: /Users/tadeatobatele/Documents/UniStuff/CS351 Project/code/PoSBlockchain/network_data/node_0/node.db
  - Connected to blockchain database: /Users/tadeatobatele/Documents/UniStuff/CS351 Project/code/PoSBlockchain/network_data/node_0/blockchain.db
  - Connected to account database: /Users/tadeatobatele/Documents/UniStuff/CS351 Project/code/PoSBlockchain/network_data/node_0/account.db
[Node Setup] Last block height is: 147
DEBUG: Starting UTXO set construction.
ERROR: Referenced transaction dc05bbd2d15965147599569338e784f39df108d30aa34afc05a2ab0d41ab6109 is missing. Skipping input processing for transaction cc73cf405d5ae3ecb3102357bd8de7d03e0f831cd12faf78f9d82d0ea1456d40.
ERROR: Referenced transaction e8f01805dfb18117fcea55ebf589b71fa6404b65ed25303a68e7df514df393a7 is missing. Skipping input processing for transaction 04a29682bd8dd22d004c48cc4fe88ac11ea1c71557550c31cd9a3249b4d7ae5b.
ERROR: Referenced transaction e8f01805dfb18117fcea55ebf589b71fa6404b65ed25303a68e7df514df393a7 is missing. Skipping input processing for transaction 04a29682bd8dd22d004c48cc4fe88ac11ea1c71557550c31cd9a3249b4d7ae5b.
ERROR: Referenced transaction fbdc3dbfca9245e1774b3650dbf606ee3eaf1ee73d0f7624c0db149edd751396 is missing. Skipping input processing for transaction 6663bc9d9918ac99350e981393c14f9548ad02c98b86ddfc90ec43f2d87eb461.
ERROR: Referenced transaction e24e0a9e0891d4a54b4a6b2174ace49e807060a27466bbbefbabc2f412f8f61a is missing. Skipping input processing for transaction bc1285ca28bdf14a1ef37a8bbbdabb3d380f933b8d65d348f7918ca5f1546ee8.
ERROR: Referenced transaction 373fae8bbd417c1410e6e918c1a88b1c0c8a64c028b463a7fdfa94fe03a1cae7 is missing. Skipping input processing for transaction edeaa5808ee94debd08102cf613b8a669548d8b3ff8eef68cf69bb9685746a0b.
ERROR: Referenced transaction e0ce01208de8234705dc514caa27879872a8278c4325a75da51bf9bfd75050f6 is missing. Skipping input processing for transaction 8b3eab6ebb008c197b75d1c9e37dceef040d9ecf429bcd839018d9c2e4906bec.
ERROR: Referenced transaction 6bb7c6e8fea480c7c45f1950af91213cb2b261d35d732054499f5dc1746f3086 is missing. Skipping input processing for transaction 298cac9cf004b3d1d26e57270b89a2d50afb88d29838324bf43f221b72e07b05.
ERROR: Referenced transaction 04a29682bd8dd22d004c48cc4fe88ac11ea1c71557550c31cd9a3249b4d7ae5b is missing. Skipping input processing for transaction 509a1cebc0cf3e9ed6ddbbbb5c263a4de80eb04e86eb7eda2053d7f68c460f39.
ERROR: Referenced transaction 69a205f9ab8fc8ed3c06551a104543c7ec1348fe015bd5f54e7f16f4a00f0bb9 is missing. Skipping input processing for transaction cc3b18e13f396b349878e787bf92d73f12dc9dcb28fea47a6b8c2dfe04ba72d7.
ERROR: Referenced transaction 6bb7c6e8fea480c7c45f1950af91213cb2b261d35d732054499f5dc1746f3086 is missing. Skipping input processing for transaction 43a8397a4933667ce7af8b5155f53815781c0839b11a5ddc67a07cf58b293333.
ERROR: Referenced transaction e0ce01208de8234705dc514caa27879872a8278c4325a75da51bf9bfd75050f6 is missing. Skipping input processing for transaction eb1902f9b008d15f15de03538fe425ec0bef602836dfbf00d5e36d23349ba6b5.
ERROR: Referenced transaction 04a29682bd8dd22d004c48cc4fe88ac11ea1c71557550c31cd9a3249b4d7ae5b is missing. Skipping input processing for transaction 806ec17b97082557a5466bff13436cf98709bf38712c928d92b537557592bd2f.
ERROR: Invalid prev_index 1 for transaction 9a0ce7bec21b13abe12fba4f55169692c18f7f54b704a00ece057f36f0282a1f.
ERROR: Invalid prev_index 1 for transaction 5b92f1de793aade763eaa3ca05f2a5a2a2a0847b0737f7c7cd2466624c31a202.
ERROR: Referenced transaction c4416d76211827ac9dbadcd83f2700e4148920e7abdd537a1279867479cc429c is missing. Skipping input processing for transaction 7e9d6ae9e8c44a25de9a14495f7e3285e16108877066cff11319aad98f34d21f.
ERROR: Referenced transaction 7a1b22dafcd662153dad630d65640a47580c51d886c2bc22ecd1fc4d21600bd0 is missing. Skipping input processing for transaction 9f94759c335226f56d1bbf2e55a46cd4f0d41d19320f06305c217ace39d0a66d.
ERROR: Referenced transaction 791c514e073ee17375de0a1285de2aaf3ebb45a70ace0de0163b4b2396a502d7 is missing. Skipping input processing for transaction 19f390766d6aff9d4f5fa722b8215809ef1f95821b14df82b5e12dca94c91335.
ERROR: Invalid prev_index 1 for transaction edeaa5808ee94debd08102cf613b8a669548d8b3ff8eef68cf69bb9685746a0b.
ERROR: Referenced transaction 85b89bd0c677f4eef12a270c8d309bf0fd08bda683ca4009e8b08a5481477353 is missing. Skipping input processing for transaction fac18b9cbb36b9efc2e64c950e37f43c50e3e467871d85700344559cd477a664.
WARNING: The following transactions reference missing inputs:
  Transaction cc73cf405d5ae3ecb3102357bd8de7d03e0f831cd12faf78f9d82d0ea1456d40 references missing transaction dc05bbd2d15965147599569338e784f39df108d30aa34afc05a2ab0d41ab6109.
  Transaction 04a29682bd8dd22d004c48cc4fe88ac11ea1c71557550c31cd9a3249b4d7ae5b references missing transaction e8f01805dfb18117fcea55ebf589b71fa6404b65ed25303a68e7df514df393a7.
  Transaction 04a29682bd8dd22d004c48cc4fe88ac11ea1c71557550c31cd9a3249b4d7ae5b references missing transaction e8f01805dfb18117fcea55ebf589b71fa6404b65ed25303a68e7df514df393a7.
  Transaction 6663bc9d9918ac99350e981393c14f9548ad02c98b86ddfc90ec43f2d87eb461 references missing transaction fbdc3dbfca9245e1774b3650dbf606ee3eaf1ee73d0f7624c0db149edd751396.
  Transaction bc1285ca28bdf14a1ef37a8bbbdabb3d380f933b8d65d348f7918ca5f1546ee8 references missing transaction e24e0a9e0891d4a54b4a6b2174ace49e807060a27466bbbefbabc2f412f8f61a.
  Transaction edeaa5808ee94debd08102cf613b8a669548d8b3ff8eef68cf69bb9685746a0b references missing transaction 373fae8bbd417c1410e6e918c1a88b1c0c8a64c028b463a7fdfa94fe03a1cae7.
  Transaction 8b3eab6ebb008c197b75d1c9e37dceef040d9ecf429bcd839018d9c2e4906bec references missing transaction e0ce01208de8234705dc514caa27879872a8278c4325a75da51bf9bfd75050f6.
  Transaction 298cac9cf004b3d1d26e57270b89a2d50afb88d29838324bf43f221b72e07b05 references missing transaction 6bb7c6e8fea480c7c45f1950af91213cb2b261d35d732054499f5dc1746f3086.
  Transaction 509a1cebc0cf3e9ed6ddbbbb5c263a4de80eb04e86eb7eda2053d7f68c460f39 references missing transaction 04a29682bd8dd22d004c48cc4fe88ac11ea1c71557550c31cd9a3249b4d7ae5b.
  Transaction cc3b18e13f396b349878e787bf92d73f12dc9dcb28fea47a6b8c2dfe04ba72d7 references missing transaction 69a205f9ab8fc8ed3c06551a104543c7ec1348fe015bd5f54e7f16f4a00f0bb9.
  Transaction 43a8397a4933667ce7af8b5155f53815781c0839b11a5ddc67a07cf58b293333 references missing transaction 6bb7c6e8fea480c7c45f1950af91213cb2b261d35d732054499f5dc1746f3086.
  Transaction eb1902f9b008d15f15de03538fe425ec0bef602836dfbf00d5e36d23349ba6b5 references missing transaction e0ce01208de8234705dc514caa27879872a8278c4325a75da51bf9bfd75050f6.
  Transaction 806ec17b97082557a5466bff13436cf98709bf38712c928d92b537557592bd2f references missing transaction 04a29682bd8dd22d004c48cc4fe88ac11ea1c71557550c31cd9a3249b4d7ae5b.
  Transaction 7e9d6ae9e8c44a25de9a14495f7e3285e16108877066cff11319aad98f34d21f references missing transaction c4416d76211827ac9dbadcd83f2700e4148920e7abdd537a1279867479cc429c.
  Transaction 9f94759c335226f56d1bbf2e55a46cd4f0d41d19320f06305c217ace39d0a66d references missing transaction 7a1b22dafcd662153dad630d65640a47580c51d886c2bc22ecd1fc4d21600bd0.
  Transaction 19f390766d6aff9d4f5fa722b8215809ef1f95821b14df82b5e12dca94c91335 references missing transaction 791c514e073ee17375de0a1285de2aaf3ebb45a70ace0de0163b4b2396a502d7.
  Transaction fac18b9cbb36b9efc2e64c950e37f43c50e3e467871d85700344559cd477a664 references missing transaction 85b89bd0c677f4eef12a270c8d309bf0fd08bda683ca4009e8b08a5481477353.
DEBUG: UTXO set construction complete.
[Node Setup] UTXO set constructed.
Starting download...
Error while downloading or uploading the Blockchain 
[Errno 61] Connection refused
Starting download...
Error while downloading or uploading the Blockchain 
[Errno 61] Connection refused
[Node Setup] Sync service started. Node is now ready and waiting for validator selection.
