Testing database connections...
  - Connected to node database: /Users/tadeatobatele/Documents/UniStuff/CS351 Project/code/PoSBlockchain/network_data/node_0/node.db
  - Connected to blockchain database: /Users/tadeatobatele/Documents/UniStuff/CS351 Project/code/PoSBlockchain/network_data/node_0/blockchain.db
  - Connected to account database: /Users/tadeatobatele/Documents/UniStuff/CS351 Project/code/PoSBlockchain/network_data/node_0/account.db
Starting node 0 on port 9000 with custom DB paths
Creating account for node 0 with address: 1DPPqS7kQNQMcn28du4sYJe8YKLUH8Jrig
Account data written directly to DB at: /Users/tadeatobatele/Documents/UniStuff/CS351 Project/code/PoSBlockchain/network_data/node_0/account.db
Account details: public_addr=1DPPqS7kQNQMcn28du4sYJe8YKLUH8Jrig, balance=1000
Setting blockchain public address to: 1DPPqS7kQNQMcn28du4sYJe8YKLUH8Jrig
Blockchain initialized successfully through BlockchainManager
Testing database connections...
  - Connected to node database: /Users/tadeatobatele/Documents/UniStuff/CS351 Project/code/PoSBlockchain/network_data/node_0/node.db
  - Connected to blockchain database: /Users/tadeatobatele/Documents/UniStuff/CS351 Project/code/PoSBlockchain/network_data/node_0/blockchain.db
  - Connected to account database: /Users/tadeatobatele/Documents/UniStuff/CS351 Project/code/PoSBlockchain/network_data/node_0/account.db
 * Serving Flask app 'code_node2.Blockchain.Frontend.run' (lazy loading)
 * Environment: production
   WARNING: This is a development server. Do not use it in a production deployment.
   Use a production WSGI server instead.
 * Debug mode: on
DEBUG: Total input = 2900000000, amount = 1900000000, fee = 100000000, change = 900000000
Database path used: data/account.db
Account object created: address=1DPPqS7kQNQMcn28du4sYJe8YKLUH8Jrig, staked=10000000000 satoshis (100.0 coins), rewards=277100000000 satoshis (2771.0 coins)
Removing spent UTXO: txid 0fbee61d1eda11b05cc68f56dd0fe7a1ba0dd46eae12c816f0a48ab803466d5b, index 0
Adding new transaction ae0ad902065247b0f8b2b1863ba27e2f3ba7b36b0ae0cf5ec223f9d0dfc25b46 with 2 output(s) to UTXO set.
DEBUG: Broadcasting Serialized Tx: 01000000015b6d4603b88aa4f016c812ae6ed40dbaa1e70fdd568fc65cb011da1e1de6be0f000000006a47304402205de7662b1f87975f098e92a053eb1664c346f7f798f0a2c87c301a2219c7bd0c02200ea62c241da31fcf9ee0018aad666f7cae2018a6683359b31dde2e0f31ed846301210248c103d04cc26840fa000d9614301fa5aee9d79b3a972e61c0712367658530b4ffffffff0200b33f71000000001976a914da47123efc51379131bef1bf2ba8c91f60dd72a888ac00e9a435000000001976a91487ddb8e9146d2772a4d0f01d2d6d30307510b7d088ac00000000
DEBUG (Sender): TxId: ae0ad902065247b0f8b2b1863ba27e2f3ba7b36b0ae0cf5ec223f9d0dfc25b46
Trying to connect from 8999: to: 9001...
Trying to connect from 8999: to: 9002...
DEBUG: Total input = 2500000000, amount = 2200000000, fee = 100000000, change = 200000000
Database path used: data/account.db
Account object created: address=1DPPqS7kQNQMcn28du4sYJe8YKLUH8Jrig, staked=10000000000 satoshis (100.0 coins), rewards=282400000000 satoshis (2824.0 coins)
Removing spent UTXO: txid 0d5b333c420a31a709efdf218729d93fa105e24b85a9546ab1cd8f37056dac81, index 1
Adding new transaction 8a0f615dec3c22510afff9166c5d23e9c0c5c60b1b7d794cbcad0c3b657026e6 with 2 output(s) to UTXO set.
DEBUG: Broadcasting Serialized Tx: 010000000181ac6d05378fcdb16a54a9854be205a13fd9298721dfef09a7310a423c335b0d010000006a4730440220362fa25b647cb791bbfd9d36b00824ffdbb558522c9486e0708560459690462b022055c07a3400c465b77cf6085e8d4bcb025d0ef49d249127db6066009b8745dfe901210248c103d04cc26840fa000d9614301fa5aee9d79b3a972e61c0712367658530b4ffffffff0200562183000000001976a9142ba28698085529f90afe2a5cffc24d226878a82388ac00c2eb0b000000001976a91487ddb8e9146d2772a4d0f01d2d6d30307510b7d088ac00000000
DEBUG (Sender): TxId: 8a0f615dec3c22510afff9166c5d23e9c0c5c60b1b7d794cbcad0c3b657026e6
Trying to connect from 8999: to: 9001...
Trying to connect from 8999: to: 9002...
DEBUG: Total input = 2800000000, amount = 2000000000, fee = 100000000, change = 700000000
Database path used: data/account.db
Account object created: address=1Lu9SwPPo7DJYrMVrZnkDXVw5y4aEeF1kz, staked=10000000000 satoshis (100.0 coins), rewards=287100000000 satoshis (2871.0 coins)
Removing spent UTXO: txid 8b5a22fb51012962e12cd89884c85381421912b6b59ea143d59f5916cb4631a8, index 0
Adding new transaction fa38751cc854e4388c5d0b74d7a020cbaaf37533804897baf071611fb34dc303 with 2 output(s) to UTXO set.
DEBUG: Broadcasting Serialized Tx: 0100000001a83146cb16599fd543a19eb5b61219428153c88498d82ce162290151fb225a8b000000006a47304402203df32841f47cbceb2cfb6aad4dc83779b12bf5a6114930e057a9ba6beb00e4560220071a7fd745f0f7f6e2d61a87b4c3b7b2e4af81524711931f804febcddc604f3f0121035b605b121b0382b340dd55bb960bd73c19bb5b484d61837b41beb29b1e8341b1ffffffff0200943577000000001976a9142ba28698085529f90afe2a5cffc24d226878a82388ac0027b929000000001976a914da47123efc51379131bef1bf2ba8c91f60dd72a888ac00000000
DEBUG (Sender): TxId: fa38751cc854e4388c5d0b74d7a020cbaaf37533804897baf071611fb34dc303
Trying to connect from 8999: to: 9001...
Trying to connect from 8999: to: 9002...
DEBUG: Total input = 2500000000, amount = 1400000000, fee = 100000000, change = 1000000000
Database path used: data/account.db
Account object created: address=1DPPqS7kQNQMcn28du4sYJe8YKLUH8Jrig, staked=10000000000 satoshis (100.0 coins), rewards=282400000000 satoshis (2824.0 coins)
Removing spent UTXO: txid 0d5b333c420a31a709efdf218729d93fa105e24b85a9546ab1cd8f37056dac81, index 1
Adding new transaction c5d67d0be7208f6aee622e76bef60d0d81d7e2405205b1385c0200c38761e3d5 with 2 output(s) to UTXO set.
DEBUG: Broadcasting Serialized Tx: 010000000181ac6d05378fcdb16a54a9854be205a13fd9298721dfef09a7310a423c335b0d010000006b4830450221009d3e31f79372fbf01fc27fec3d907738318f1bd55e9c22d5338cf70a5471f5e002200f181aad6ebad813054ac79b68b396a8b5d8722ef5d0f1c84c95f11563a9197f01210248c103d04cc26840fa000d9614301fa5aee9d79b3a972e61c0712367658530b4ffffffff02004e7253000000001976a9142ba28698085529f90afe2a5cffc24d226878a82388ac00ca9a3b000000001976a91487ddb8e9146d2772a4d0f01d2d6d30307510b7d088ac00000000
DEBUG (Sender): TxId: c5d67d0be7208f6aee622e76bef60d0d81d7e2405205b1385c0200c38761e3d5
Trying to connect from 8999: to: 9001...
Trying to connect from 8999: to: 9002...
DEBUG: Total input = 5800000000, amount = 3400000000, fee = 100000000, change = 2300000000
Database path used: data/account.db
Account object created: address=14yikjhubj1sepvqsvzpRv4H6LhMN43XGD, staked=10000000000 satoshis (100.0 coins), rewards=206400000000 satoshis (2064.0 coins)
Removing spent UTXO: txid 5b92f1de793aade763eaa3ca05f2a5a2a2a0847b0737f7c7cd2466624c31a202, index 0
Removing spent UTXO: txid edeaa5808ee94debd08102cf613b8a669548d8b3ff8eef68cf69bb9685746a0b, index 0
Adding new transaction aae900f5d8e0e397e8d29fa454f1a2577f9207b91c137a55f70bb0d4d2074429 with 2 output(s) to UTXO set.
DEBUG: Broadcasting Serialized Tx: 010000000202a2314c626624cdc7f737077b84a0a2a2a5f205caa3ea63e7ad3a79def1925b000000006a473044022017d0c9f6d0c26c027aab7d8766361ff1f35f37852446daae74024b7aedd766d902201594535c305c61d7f2ef6f32ee70077a82f1f06b5e784ea79997f94c392c438b01210387c964aa67e33f0b93d3221b1bdfce382746cc7772e7497ca2677826f58d901dffffffff0b6a748596bb69cf68ef8effb3d84895668a3b61cf0281d0eb4de98e80a5eaed000000006a473044022065b9936a98258454957714487edff29ec6865343ce88dfb984e03a87f3b529e30220686037dd967c93d8d6bf30f23abb56f822e136cc8530b8d6880aa2a4a92e062301210387c964aa67e33f0b93d3221b1bdfce382746cc7772e7497ca2677826f58d901dffffffff0200e2a7ca000000001976a914da47123efc51379131bef1bf2ba8c91f60dd72a888ac00371789000000001976a9142ba28698085529f90afe2a5cffc24d226878a82388ac00000000
DEBUG (Sender): TxId: aae900f5d8e0e397e8d29fa454f1a2577f9207b91c137a55f70bb0d4d2074429
Trying to connect from 8999: to: 9001...
Trying to connect from 8999: to: 9002...
DEBUG: Total input = 2500000000, amount = 500000000, fee = 100000000, change = 1900000000
Database path used: data/account.db
Account object created: address=1DPPqS7kQNQMcn28du4sYJe8YKLUH8Jrig, staked=10000000000 satoshis (100.0 coins), rewards=282400000000 satoshis (2824.0 coins)
Removing spent UTXO: txid 0d5b333c420a31a709efdf218729d93fa105e24b85a9546ab1cd8f37056dac81, index 1
Adding new transaction 12ee5f4c36f018bcb7f0d35adc8bedb09ca9707860405749063d711cf7ad6c49 with 2 output(s) to UTXO set.
DEBUG: Broadcasting Serialized Tx: 010000000181ac6d05378fcdb16a54a9854be205a13fd9298721dfef09a7310a423c335b0d010000006b48304502210098f69f97cfbaa0909d479ee915fb56e0ad4a878b0c7cbf13d96c2ec488558afb0220304981a4d6c0db0e4ecdf53291ad0e442abd00e51208f3a2bfa176a672419b1c01210248c103d04cc26840fa000d9614301fa5aee9d79b3a972e61c0712367658530b4ffffffff020065cd1d000000001976a914da47123efc51379131bef1bf2ba8c91f60dd72a888ac00b33f71000000001976a91487ddb8e9146d2772a4d0f01d2d6d30307510b7d088ac00000000
DEBUG (Sender): TxId: 12ee5f4c36f018bcb7f0d35adc8bedb09ca9707860405749063d711cf7ad6c49
Trying to connect from 8999: to: 9001...
Trying to connect from 8999: to: 9002...
Testing database connections...
  - Connected to node database: /Users/tadeatobatele/Documents/UniStuff/CS351 Project/code/PoSBlockchain/network_data/node_0/node.db
  - Connected to blockchain database: /Users/tadeatobatele/Documents/UniStuff/CS351 Project/code/PoSBlockchain/network_data/node_0/blockchain.db
  - Connected to account database: /Users/tadeatobatele/Documents/UniStuff/CS351 Project/code/PoSBlockchain/network_data/node_0/account.db
SERVER STARTED
LISTENING at 127.0.0.1:9000
[syncManager] Received validator selection message.
[DEBUG] Selected validator: {'public_addr': '1DPPqS7kQNQMcn28du4sYJe8YKLUH8Jrig', 'privateKey': 96535626569238604192129746772702330856431841702880282095447645155889990991526, 'private_key': 96535626569238604192129746772702330856431841702880282095447645155889990991526, 'public_key': '0248c103d04cc26840fa000d9614301fa5aee9d79b3a972e61c0712367658530b4', 'balance': 1000, 'staked': 100, 'pending_rewards': 0, 'unspent': 100000000000, 'locked_until': 0, 'staking_history': '[]'}
[DEBUG] My public address: 1DPPqS7kQNQMcn28du4sYJe8YKLUH8Jrig
Database path used: data/account.db
Account object created: address=1DPPqS7kQNQMcn28du4sYJe8YKLUH8Jrig, staked=10000000000 satoshis (100.0 coins), rewards=272100000000 satoshis (2721.0 coins)
[syncManager] I AM THE SELECTED VALIDATOR! - Address 1DPPqS7kQNQMcn28du4sYJe8YKLUH8Jrig Producing next block.
[syncManager] I'm selected as validator. Waiting briefly for any competing blocks...
[syncManager] I AM THE SELECTED VALIDATOR! Creating block at height 151
[syncManager] Creating block at height 151
[syncManager] Block 151 created successfully
Transaction Received : f6899e04f9551497f8fefb4fbbc2e83da8ca14e93cf31b0ab108e56de2dc5499
Transaction Received : a95d896df2712be8eb6976d897eaf34382e74fd62d6d6717a5c325c9e3fdda85
[syncManager] Received validator selection message.
[DEBUG] Selected validator: {'public_addr': '1DPPqS7kQNQMcn28du4sYJe8YKLUH8Jrig', 'privateKey': 96535626569238604192129746772702330856431841702880282095447645155889990991526, 'private_key': 96535626569238604192129746772702330856431841702880282095447645155889990991526, 'public_key': '0248c103d04cc26840fa000d9614301fa5aee9d79b3a972e61c0712367658530b4', 'balance': 1000, 'staked': 100, 'pending_rewards': 0, 'unspent': 100000000000, 'locked_until': 0, 'staking_history': '[]'}
[DEBUG] My public address: 1DPPqS7kQNQMcn28du4sYJe8YKLUH8Jrig
Database path used: data/account.db
Account object created: address=1DPPqS7kQNQMcn28du4sYJe8YKLUH8Jrig, staked=10000000000 satoshis (100.0 coins), rewards=277100000000 satoshis (2771.0 coins)
[syncManager] I AM THE SELECTED VALIDATOR! - Address 1DPPqS7kQNQMcn28du4sYJe8YKLUH8Jrig Producing next block.
[syncManager] I'm selected as validator. Waiting briefly for any competing blocks...
[syncManager] I AM THE SELECTED VALIDATOR! Creating block at height 152
[syncManager] Creating block at height 152
[syncManager] Block 152 created successfully
Transaction Received : 3aebe8cba8608b5cffe291ce0b0c496c15c48a358905c71c156e28026f5ecdd4
Transaction Received : f6a2708eb1ff9345489ed01b8436475a043155bd698f513581c4fb4f50ea8bbf
[syncManager] Received validator selection message.
[DEBUG] Selected validator: {'public_addr': '14yikjhubj1sepvqsvzpRv4H6LhMN43XGD', 'privateKey': 101116694282830344663754055609096743199644277746685645606199809457638491163865, 'private_key': 101116694282830344663754055609096743199644277746685645606199809457638491163865, 'public_key': '0387c964aa67e33f0b93d3221b1bdfce382746cc7772e7497ca2677826f58d901d', 'balance': 1000, 'staked': 100, 'pending_rewards': 0, 'unspent': 100000000000, 'locked_until': 0, 'staking_history': '[]'}
[DEBUG] My public address: 1DPPqS7kQNQMcn28du4sYJe8YKLUH8Jrig
Database path used: data/account.db
Account object created: address=1DPPqS7kQNQMcn28du4sYJe8YKLUH8Jrig, staked=10000000000 satoshis (100.0 coins), rewards=282400000000 satoshis (2824.0 coins)
[syncManager] Not the selected validator: 14yikjhubj1sepvqsvzpRv4H6LhMN43XGD
Received account update from port 9001 for address: 14yikjhubj1sepvqsvzpRv4H6LhMN43XGD
Successfully updated local account database for 14yikjhubj1sepvqsvzpRv4H6LhMN43XGD
[Receiver] Received envelope with command: b'block' and payload length: 1320 bytes
New Block Received : 153
Blocks to process: 1
Processing block with hash: d08e63cc...
Signature type: <class 'Blockchain.Backend.core.EllepticCurve.EllepticCurve.Signature'>
Processed transaction with ID: 56349c24ff3ee0022f1432d306cf268cfd5ec6f1762a67dadbcddbc7b46590df
Processed transaction with ID: 8a0f615dec3c22510afff9166c5d23e9c0c5c60b1b7d794cbcad0c3b657026e6
Processed transaction with ID: fa38751cc854e4388c5d0b74d7a020cbaaf37533804897baf071611fb34dc303
Processed transaction with ID: 3aebe8cba8608b5cffe291ce0b0c496c15c48a358905c71c156e28026f5ecdd4
Processed transaction with ID: aae900f5d8e0e397e8d29fa454f1a2577f9207b91c137a55f70bb0d4d2074429
Attempting atomic write of block to database file: data/blockchain.db
[LocalChain] Block 153 successfully integrated (atomic write).
[Mempool Cleanup] Removed confirmed transactions from mempool: ['8a0f615dec3c22510afff9166c5d23e9c0c5c60b1b7d794cbcad0c3b657026e6', 'fa38751cc854e4388c5d0b74d7a020cbaaf37533804897baf071611fb34dc303', '3aebe8cba8608b5cffe291ce0b0c496c15c48a358905c71c156e28026f5ecdd4']
Transaction Received : d049037c5d4ebf819bbf2bb3735f5f53f135f3d6918a7a239c73999239cf72c4
Transaction Received : f6899e04f9551497f8fefb4fbbc2e83da8ca14e93cf31b0ab108e56de2dc5499
Transaction Received : 83677ad84adceab9a8d9963b4b9b904425dc008e78742f1eff6ec360698c5b08
Transaction Received : b6c021fefe67d4f21045da127f6524924b80ee10d04d342fdd9a069ca0c4bc49
[syncManager] Received validator selection message.
[DEBUG] Selected validator: {'public_addr': '1Lu9SwPPo7DJYrMVrZnkDXVw5y4aEeF1kz', 'privateKey': 46707185248865296345366463593339102785859545093537333336358754291775493830931, 'private_key': 46707185248865296345366463593339102785859545093537333336358754291775493830931, 'public_key': '035b605b121b0382b340dd55bb960bd73c19bb5b484d61837b41beb29b1e8341b1', 'balance': 1000, 'staked': 100, 'pending_rewards': 0, 'unspent': 100000000000, 'locked_until': 0, 'staking_history': '[]'}
[DEBUG] My public address: 1DPPqS7kQNQMcn28du4sYJe8YKLUH8Jrig
Database path used: data/account.db
Account object created: address=1DPPqS7kQNQMcn28du4sYJe8YKLUH8Jrig, staked=10000000000 satoshis (100.0 coins), rewards=282400000000 satoshis (2824.0 coins)
[syncManager] Not the selected validator: 1Lu9SwPPo7DJYrMVrZnkDXVw5y4aEeF1kz
Transaction Received : 151b5a5fe6f712974b76266b46ae1c97b9f07aa1dacdb1aa7226b6e5cb1112f4
Received account update from port 9002 for address: 1Lu9SwPPo7DJYrMVrZnkDXVw5y4aEeF1kz
Successfully updated local account database for 1Lu9SwPPo7DJYrMVrZnkDXVw5y4aEeF1kz
[Receiver] Received envelope with command: b'block' and payload length: 1547 bytes
New Block Received : 154
Blocks to process: 1
Processing block with hash: 073dee61...
Signature type: <class 'Blockchain.Backend.core.EllepticCurve.EllepticCurve.Signature'>
Processed transaction with ID: 8d8bb22ad8cd1816f25efb8ff7b141c5b8eef5487eae2b3950802027e8a8350e
Processed transaction with ID: c5d67d0be7208f6aee622e76bef60d0d81d7e2405205b1385c0200c38761e3d5
Processed transaction with ID: aae900f5d8e0e397e8d29fa454f1a2577f9207b91c137a55f70bb0d4d2074429
Processed transaction with ID: f6a2708eb1ff9345489ed01b8436475a043155bd698f513581c4fb4f50ea8bbf
Processed transaction with ID: d049037c5d4ebf819bbf2bb3735f5f53f135f3d6918a7a239c73999239cf72c4
Processed transaction with ID: 83677ad84adceab9a8d9963b4b9b904425dc008e78742f1eff6ec360698c5b08
Attempting atomic write of block to database file: data/blockchain.db
[LocalChain] Block 154 successfully integrated (atomic write).
[Mempool Cleanup] Removed confirmed transactions from mempool: ['c5d67d0be7208f6aee622e76bef60d0d81d7e2405205b1385c0200c38761e3d5', 'f6a2708eb1ff9345489ed01b8436475a043155bd698f513581c4fb4f50ea8bbf', 'd049037c5d4ebf819bbf2bb3735f5f53f135f3d6918a7a239c73999239cf72c4', 'f6899e04f9551497f8fefb4fbbc2e83da8ca14e93cf31b0ab108e56de2dc5499', '83677ad84adceab9a8d9963b4b9b904425dc008e78742f1eff6ec360698c5b08']
Transaction Received : acff7de9d94f0bd80cc4477c2f3ee0907d9b8c382cc7bd030854b0cff534f7fe
Transaction Received : 7861c0400151ad3a58ff58cd7a53f44ea6a912ab8d63d9d8ffe709e7e1331d5a
Transaction Received : f73fb487a9fa1894c536df97c1ef2f81fb976229d8569b0bab5bc62c30d8ea47
Testing database connections...
  - Connected to node database: /Users/tadeatobatele/Documents/UniStuff/CS351 Project/code/PoSBlockchain/network_data/node_0/node.db
  - Connected to blockchain database: /Users/tadeatobatele/Documents/UniStuff/CS351 Project/code/PoSBlockchain/network_data/node_0/blockchain.db
  - Connected to account database: /Users/tadeatobatele/Documents/UniStuff/CS351 Project/code/PoSBlockchain/network_data/node_0/account.db
[Sim Debug 19264/6173372416] Creating AccountDB instance...
[Sim] Transaction simulator started
[Sim Debug 19264/6173372416] Instance type: <class 'code_node2.Blockchain.Backend.core.database.db.AccountDB'>
[Sim Debug 19264/6173372416] Instance HAS table_name: 'account'
[Sim Debug 19264/6173372416] Calling db_instance.read()...
[Sim Debug 19264/6173372416] db_instance.read() completed.
[Sim] Sending 17 TDC from 14yikjhubj1sepvqsvzpRv4H6LhMN43XGD to 1DPPqS7kQNQMcn28du4sYJe8YKLUH8Jrig via node on web port 5902
[Sim] Network error during transaction simulation: HTTPConnectionPool(host='localhost', port=5902): Max retries exceeded with url: /wallet (Caused by NewConnectionError('<urllib3.connection.HTTPConnection object at 0x1043e1550>: Failed to establish a new connection: [Errno 61] Connection refused'))
Node 0 active on port 9000, web: 5900
Node 0 active on port 9000, web: 5900
Node 0 active on port 9000, web: 5900
Node 0 active on port 9000, web: 5900
Node 0 active on port 9000, web: 5900
[Sim Debug 19264/6173372416] Creating AccountDB instance...
[Sim Debug 19264/6173372416] Instance type: <class 'code_node2.Blockchain.Backend.core.database.db.AccountDB'>
[Sim Debug 19264/6173372416] Instance HAS table_name: 'account'
[Sim Debug 19264/6173372416] Calling db_instance.read()...
[Sim Debug 19264/6173372416] db_instance.read() completed.
[Sim] Sending 7 TDC from 1Lu9SwPPo7DJYrMVrZnkDXVw5y4aEeF1kz to 1DPPqS7kQNQMcn28du4sYJe8YKLUH8Jrig via node on web port 5902
Node 0 active on port 9000, web: 5900
[Sim] Transaction submitted successfully via web port 5902. Response: <!DOCTYPE html>
<html lang="en">
    <head>
        <meta charset="UTF-8">
        <meta http-equiv=...
Node 0 active on port 9000, web: 5900
Node 0 active on port 9000, web: 5900
Node 0 active on port 9000, web: 5900
[Sim Debug 19264/6173372416] Creating AccountDB instance...
[Sim Debug 19264/6173372416] Instance type: <class 'code_node2.Blockchain.Backend.core.database.db.AccountDB'>
[Sim Debug 19264/6173372416] Instance HAS table_name: 'account'
[Sim Debug 19264/6173372416] Calling db_instance.read()...
[Sim Debug 19264/6173372416] db_instance.read() completed.
[Sim] Sending 22 TDC from 1DPPqS7kQNQMcn28du4sYJe8YKLUH8Jrig to 14yikjhubj1sepvqsvzpRv4H6LhMN43XGD via node on web port 5900
[Sim] Transaction submitted successfully via web port 5900. Response: <!DOCTYPE html>
<html lang="en">
    <head>
        <meta charset="UTF-8">
        <meta http-equiv=...
Node 0 active on port 9000, web: 5900
Node 0 active on port 9000, web: 5900
Node 0 active on port 9000, web: 5900
[Sim Debug 19264/6173372416] Creating AccountDB instance...
[Sim Debug 19264/6173372416] Instance type: <class 'code_node2.Blockchain.Backend.core.database.db.AccountDB'>
[Sim Debug 19264/6173372416] Instance HAS table_name: 'account'
[Sim Debug 19264/6173372416] Calling db_instance.read()...
[Sim Debug 19264/6173372416] db_instance.read() completed.
[Sim] Sending 27 TDC from 14yikjhubj1sepvqsvzpRv4H6LhMN43XGD to 1DPPqS7kQNQMcn28du4sYJe8YKLUH8Jrig via node on web port 5901
[Sim] Transaction submitted successfully via web port 5901. Response: <!DOCTYPE html>
<html lang="en">
    <head>
        <meta charset="UTF-8">
        <meta http-equiv=...
Node 0 active on port 9000, web: 5900
Node 0 active on port 9000, web: 5900
Node 0 active on port 9000, web: 5900
[Sim Debug 19264/6173372416] Creating AccountDB instance...
[Sim Debug 19264/6173372416] Instance type: <class 'code_node2.Blockchain.Backend.core.database.db.AccountDB'>
[Sim Debug 19264/6173372416] Instance HAS table_name: 'account'
[Sim Debug 19264/6173372416] Calling db_instance.read()...
[Sim Debug 19264/6173372416] db_instance.read() completed.
[Sim] Sending 29 TDC from 1Lu9SwPPo7DJYrMVrZnkDXVw5y4aEeF1kz to 1DPPqS7kQNQMcn28du4sYJe8YKLUH8Jrig via node on web port 5901
[Sim] Transaction submitted successfully via web port 5901. Response: <!DOCTYPE html>
<html lang="en">
    <head>
        <meta charset="UTF-8">
        <meta http-equiv=...
Node 0 active on port 9000, web: 5900
Node 0 active on port 9000, web: 5900
Node 0 active on port 9000, web: 5900
[Sim Debug 19264/6173372416] Creating AccountDB instance...
[Sim Debug 19264/6173372416] Instance type: <class 'code_node2.Blockchain.Backend.core.database.db.AccountDB'>
[Sim Debug 19264/6173372416] Instance HAS table_name: 'account'
[Sim Debug 19264/6173372416] Calling db_instance.read()...
[Sim Debug 19264/6173372416] db_instance.read() completed.
[Sim] Sending 8 TDC from 14yikjhubj1sepvqsvzpRv4H6LhMN43XGD to 1Lu9SwPPo7DJYrMVrZnkDXVw5y4aEeF1kz via node on web port 5901
[Sim] Transaction submitted successfully via web port 5901. Response: <!DOCTYPE html>
<html lang="en">
    <head>
        <meta charset="UTF-8">
        <meta http-equiv=...
Node 0 active on port 9000, web: 5900
Node 0 active on port 9000, web: 5900
Node 0 active on port 9000, web: 5900
[Sim Debug 19264/6173372416] Creating AccountDB instance...
[Sim Debug 19264/6173372416] Instance type: <class 'code_node2.Blockchain.Backend.core.database.db.AccountDB'>
[Sim Debug 19264/6173372416] Instance HAS table_name: 'account'
[Sim Debug 19264/6173372416] Calling db_instance.read()...
[Sim Debug 19264/6173372416] db_instance.read() completed.
[Sim] Sending 15 TDC from 14yikjhubj1sepvqsvzpRv4H6LhMN43XGD to 1Lu9SwPPo7DJYrMVrZnkDXVw5y4aEeF1kz via node on web port 5901
[Sim] Transaction submitted successfully via web port 5901. Response: <!DOCTYPE html>
<html lang="en">
    <head>
        <meta charset="UTF-8">
        <meta http-equiv=...
Node 0 active on port 9000, web: 5900
Node 0 active on port 9000, web: 5900
\nShutting down node 0 gracefully...
\nShutting down node 0 gracefully...
Testing database connections...
  - Connected to node database: /Users/tadeatobatele/Documents/UniStuff/CS351 Project/code/PoSBlockchain/network_data/node_0/node.db
  - Connected to blockchain database: /Users/tadeatobatele/Documents/UniStuff/CS351 Project/code/PoSBlockchain/network_data/node_0/blockchain.db
  - Connected to account database: /Users/tadeatobatele/Documents/UniStuff/CS351 Project/code/PoSBlockchain/network_data/node_0/account.db
[Node Setup] Last block height is: 150
DEBUG: Starting UTXO set construction.
ERROR: Referenced transaction dc05bbd2d15965147599569338e784f39df108d30aa34afc05a2ab0d41ab6109 is missing. Skipping input processing for transaction cc73cf405d5ae3ecb3102357bd8de7d03e0f831cd12faf78f9d82d0ea1456d40.
ERROR: Referenced transaction e8f01805dfb18117fcea55ebf589b71fa6404b65ed25303a68e7df514df393a7 is missing. Skipping input processing for transaction 04a29682bd8dd22d004c48cc4fe88ac11ea1c71557550c31cd9a3249b4d7ae5b.
ERROR: Referenced transaction e8f01805dfb18117fcea55ebf589b71fa6404b65ed25303a68e7df514df393a7 is missing. Skipping input processing for transaction 04a29682bd8dd22d004c48cc4fe88ac11ea1c71557550c31cd9a3249b4d7ae5b.
ERROR: Referenced transaction fbdc3dbfca9245e1774b3650dbf606ee3eaf1ee73d0f7624c0db149edd751396 is missing. Skipping input processing for transaction 6663bc9d9918ac99350e981393c14f9548ad02c98b86ddfc90ec43f2d87eb461.
ERROR: Referenced transaction e24e0a9e0891d4a54b4a6b2174ace49e807060a27466bbbefbabc2f412f8f61a is missing. Skipping input processing for transaction bc1285ca28bdf14a1ef37a8bbbdabb3d380f933b8d65d348f7918ca5f1546ee8.
ERROR: Referenced transaction 373fae8bbd417c1410e6e918c1a88b1c0c8a64c028b463a7fdfa94fe03a1cae7 is missing. Skipping input processing for transaction edeaa5808ee94debd08102cf613b8a669548d8b3ff8eef68cf69bb9685746a0b.
ERROR: Referenced transaction e0ce01208de8234705dc514caa27879872a8278c4325a75da51bf9bfd75050f6 is missing. Skipping input processing for transaction 8b3eab6ebb008c197b75d1c9e37dceef040d9ecf429bcd839018d9c2e4906bec.
ERROR: Referenced transaction 6bb7c6e8fea480c7c45f1950af91213cb2b261d35d732054499f5dc1746f3086 is missing. Skipping input processing for transaction 298cac9cf004b3d1d26e57270b89a2d50afb88d29838324bf43f221b72e07b05.
ERROR: Referenced transaction 04a29682bd8dd22d004c48cc4fe88ac11ea1c71557550c31cd9a3249b4d7ae5b is missing. Skipping input processing for transaction 509a1cebc0cf3e9ed6ddbbbb5c263a4de80eb04e86eb7eda2053d7f68c460f39.
ERROR: Referenced transaction 69a205f9ab8fc8ed3c06551a104543c7ec1348fe015bd5f54e7f16f4a00f0bb9 is missing. Skipping input processing for transaction cc3b18e13f396b349878e787bf92d73f12dc9dcb28fea47a6b8c2dfe04ba72d7.
ERROR: Referenced transaction 6bb7c6e8fea480c7c45f1950af91213cb2b261d35d732054499f5dc1746f3086 is missing. Skipping input processing for transaction 43a8397a4933667ce7af8b5155f53815781c0839b11a5ddc67a07cf58b293333.
ERROR: Referenced transaction e0ce01208de8234705dc514caa27879872a8278c4325a75da51bf9bfd75050f6 is missing. Skipping input processing for transaction eb1902f9b008d15f15de03538fe425ec0bef602836dfbf00d5e36d23349ba6b5.
ERROR: Referenced transaction 04a29682bd8dd22d004c48cc4fe88ac11ea1c71557550c31cd9a3249b4d7ae5b is missing. Skipping input processing for transaction 806ec17b97082557a5466bff13436cf98709bf38712c928d92b537557592bd2f.
ERROR: Invalid prev_index 1 for transaction 9a0ce7bec21b13abe12fba4f55169692c18f7f54b704a00ece057f36f0282a1f.
ERROR: Invalid prev_index 1 for transaction 5b92f1de793aade763eaa3ca05f2a5a2a2a0847b0737f7c7cd2466624c31a202.
ERROR: Referenced transaction c4416d76211827ac9dbadcd83f2700e4148920e7abdd537a1279867479cc429c is missing. Skipping input processing for transaction 7e9d6ae9e8c44a25de9a14495f7e3285e16108877066cff11319aad98f34d21f.
ERROR: Referenced transaction 7a1b22dafcd662153dad630d65640a47580c51d886c2bc22ecd1fc4d21600bd0 is missing. Skipping input processing for transaction 9f94759c335226f56d1bbf2e55a46cd4f0d41d19320f06305c217ace39d0a66d.
ERROR: Referenced transaction 791c514e073ee17375de0a1285de2aaf3ebb45a70ace0de0163b4b2396a502d7 is missing. Skipping input processing for transaction 19f390766d6aff9d4f5fa722b8215809ef1f95821b14df82b5e12dca94c91335.
ERROR: Invalid prev_index 1 for transaction edeaa5808ee94debd08102cf613b8a669548d8b3ff8eef68cf69bb9685746a0b.
ERROR: Referenced transaction 85b89bd0c677f4eef12a270c8d309bf0fd08bda683ca4009e8b08a5481477353 is missing. Skipping input processing for transaction fac18b9cbb36b9efc2e64c950e37f43c50e3e467871d85700344559cd477a664.
ERROR: Referenced transaction 108879bc3061ee89afd79f9801a3c8b9c889316749fa4b55b6f55b9568ff4452 is missing. Skipping input processing for transaction 3235c05624d97f6ba45dc34d974d445e943ac81841b4dc98efd1abbbb8086051.
ERROR: Invalid prev_index 1 for transaction 0d2e2c16ef28f505268d57e3a627f13f86cf2dd13d9a573a451860b66d68eba7.
WARNING: The following transactions reference missing inputs:
  Transaction cc73cf405d5ae3ecb3102357bd8de7d03e0f831cd12faf78f9d82d0ea1456d40 references missing transaction dc05bbd2d15965147599569338e784f39df108d30aa34afc05a2ab0d41ab6109.
  Transaction 04a29682bd8dd22d004c48cc4fe88ac11ea1c71557550c31cd9a3249b4d7ae5b references missing transaction e8f01805dfb18117fcea55ebf589b71fa6404b65ed25303a68e7df514df393a7.
  Transaction 04a29682bd8dd22d004c48cc4fe88ac11ea1c71557550c31cd9a3249b4d7ae5b references missing transaction e8f01805dfb18117fcea55ebf589b71fa6404b65ed25303a68e7df514df393a7.
  Transaction 6663bc9d9918ac99350e981393c14f9548ad02c98b86ddfc90ec43f2d87eb461 references missing transaction fbdc3dbfca9245e1774b3650dbf606ee3eaf1ee73d0f7624c0db149edd751396.
  Transaction bc1285ca28bdf14a1ef37a8bbbdabb3d380f933b8d65d348f7918ca5f1546ee8 references missing transaction e24e0a9e0891d4a54b4a6b2174ace49e807060a27466bbbefbabc2f412f8f61a.
  Transaction edeaa5808ee94debd08102cf613b8a669548d8b3ff8eef68cf69bb9685746a0b references missing transaction 373fae8bbd417c1410e6e918c1a88b1c0c8a64c028b463a7fdfa94fe03a1cae7.
  Transaction 8b3eab6ebb008c197b75d1c9e37dceef040d9ecf429bcd839018d9c2e4906bec references missing transaction e0ce01208de8234705dc514caa27879872a8278c4325a75da51bf9bfd75050f6.
  Transaction 298cac9cf004b3d1d26e57270b89a2d50afb88d29838324bf43f221b72e07b05 references missing transaction 6bb7c6e8fea480c7c45f1950af91213cb2b261d35d732054499f5dc1746f3086.
  Transaction 509a1cebc0cf3e9ed6ddbbbb5c263a4de80eb04e86eb7eda2053d7f68c460f39 references missing transaction 04a29682bd8dd22d004c48cc4fe88ac11ea1c71557550c31cd9a3249b4d7ae5b.
  Transaction cc3b18e13f396b349878e787bf92d73f12dc9dcb28fea47a6b8c2dfe04ba72d7 references missing transaction 69a205f9ab8fc8ed3c06551a104543c7ec1348fe015bd5f54e7f16f4a00f0bb9.
  Transaction 43a8397a4933667ce7af8b5155f53815781c0839b11a5ddc67a07cf58b293333 references missing transaction 6bb7c6e8fea480c7c45f1950af91213cb2b261d35d732054499f5dc1746f3086.
  Transaction eb1902f9b008d15f15de03538fe425ec0bef602836dfbf00d5e36d23349ba6b5 references missing transaction e0ce01208de8234705dc514caa27879872a8278c4325a75da51bf9bfd75050f6.
  Transaction 806ec17b97082557a5466bff13436cf98709bf38712c928d92b537557592bd2f references missing transaction 04a29682bd8dd22d004c48cc4fe88ac11ea1c71557550c31cd9a3249b4d7ae5b.
  Transaction 7e9d6ae9e8c44a25de9a14495f7e3285e16108877066cff11319aad98f34d21f references missing transaction c4416d76211827ac9dbadcd83f2700e4148920e7abdd537a1279867479cc429c.
  Transaction 9f94759c335226f56d1bbf2e55a46cd4f0d41d19320f06305c217ace39d0a66d references missing transaction 7a1b22dafcd662153dad630d65640a47580c51d886c2bc22ecd1fc4d21600bd0.
  Transaction 19f390766d6aff9d4f5fa722b8215809ef1f95821b14df82b5e12dca94c91335 references missing transaction 791c514e073ee17375de0a1285de2aaf3ebb45a70ace0de0163b4b2396a502d7.
  Transaction fac18b9cbb36b9efc2e64c950e37f43c50e3e467871d85700344559cd477a664 references missing transaction 85b89bd0c677f4eef12a270c8d309bf0fd08bda683ca4009e8b08a5481477353.
  Transaction 3235c05624d97f6ba45dc34d974d445e943ac81841b4dc98efd1abbbb8086051 references missing transaction 108879bc3061ee89afd79f9801a3c8b9c889316749fa4b55b6f55b9568ff4452.
DEBUG: UTXO set construction complete.
[Node Setup] UTXO set constructed.
Starting download...
Error while downloading or uploading the Blockchain 
[Errno 61] Connection refused
Starting download...
Error while downloading or uploading the Blockchain 
[Errno 61] Connection refused
[Node Setup] Sync service started. Node is now ready and waiting for validator selection.
Selected Validator: 1DPPqS7kQNQMcn28du4sYJe8YKLUH8Jrig with stake 100 PRINTED FROM ADD BLOCK
Looking up validator account: 1DPPqS7kQNQMcn28du4sYJe8YKLUH8Jrig
Standard lookup failed, trying direct database access
Detected node_id 0
Trying database path: /Users/tadeatobatele/Documents/UniStuff/CS351 Project/code/PoSBlockchain/network_data/node_0/data/account.db
Found account in /Users/tadeatobatele/Documents/UniStuff/CS351 Project/code/PoSBlockchain/network_data/node_0/data/account.db!
Creating coinbase reward for address: 1DPPqS7kQNQMcn28du4sYJe8YKLUH8Jrig sent to 1CJL7mvokNjrs2D48jM3EEHoRhQiWCbxCh
Looking up validator account: 1DPPqS7kQNQMcn28du4sYJe8YKLUH8Jrig
Standard lookup failed, trying direct database access
Detected node_id 0
Trying database path: /Users/tadeatobatele/Documents/UniStuff/CS351 Project/code/PoSBlockchain/network_data/node_0/data/account.db
Found account in /Users/tadeatobatele/Documents/UniStuff/CS351 Project/code/PoSBlockchain/network_data/node_0/data/account.db!
Validator 1DPPqS7kQNQMcn28du4sYJe8YKLUH8Jrig credited with 5000000000 TDC.
New pending rewards: 277100000000
Saving validator account changes
Account updated successfully in /Users/tadeatobatele/Documents/UniStuff/CS351 Project/code/PoSBlockchain/network_data/node_0/data/account.db
Broadcasting account update to node at port 9001
Publishing account update for 1DPPqS7kQNQMcn28du4sYJe8YKLUH8Jrig to node at port 9001
Trying to connect from 9000: to: 9001...
Connected to host at port 9001
Account update for 1DPPqS7kQNQMcn28du4sYJe8YKLUH8Jrig sent to port 9001
Broadcasting account update to node at port 9002
Publishing account update for 1DPPqS7kQNQMcn28du4sYJe8YKLUH8Jrig to node at port 9002
Trying to connect from 9000: to: 9002...
Connected to host at port 9002
Account update for 1DPPqS7kQNQMcn28du4sYJe8YKLUH8Jrig sent to port 9002
Account update broadcast to 2 nodes
[Sender] Sending Block: <Blockchain.Backend.core.block.Block object at 0x11049ec60> to 9001
Trying to connect from 9000: to: 9001...
Connected to host
[Sender] Sending Block: <Blockchain.Backend.core.block.Block object at 0x11049ec60> to 9002
Trying to connect from 9000: to: 9002...
Connected to host
Block 151 created successfully by Validator 1DPPqS7kQNQMcn28du4sYJe8YKLUH8Jrig with Signature 3045022100e0c1cb03b41002d7ebc19171bd05073e435bf6694a32fbf9d4bd8354bad8c237022076db925ceee349f99ff5baaec2d32b739c1debdeae170758e06a7f94a4ec11fb with BlockHash 6818ebfa6797f3a65d33c934d3bb864e7a358202559065621319a7b3fcd41025
Selected Validator: 1DPPqS7kQNQMcn28du4sYJe8YKLUH8Jrig with stake 100 PRINTED FROM ADD BLOCK
Looking up validator account: 1DPPqS7kQNQMcn28du4sYJe8YKLUH8Jrig
Standard lookup failed, trying direct database access
Detected node_id 0
Trying database path: /Users/tadeatobatele/Documents/UniStuff/CS351 Project/code/PoSBlockchain/network_data/node_0/data/account.db
Found account in /Users/tadeatobatele/Documents/UniStuff/CS351 Project/code/PoSBlockchain/network_data/node_0/data/account.db!
Creating coinbase reward for address: 1DPPqS7kQNQMcn28du4sYJe8YKLUH8Jrig sent to 1CJL7mvokNjrs2D48jM3EEHoRhQiWCbxCh
Looking up validator account: 1DPPqS7kQNQMcn28du4sYJe8YKLUH8Jrig
Standard lookup failed, trying direct database access
Detected node_id 0
Trying database path: /Users/tadeatobatele/Documents/UniStuff/CS351 Project/code/PoSBlockchain/network_data/node_0/data/account.db
Found account in /Users/tadeatobatele/Documents/UniStuff/CS351 Project/code/PoSBlockchain/network_data/node_0/data/account.db!
Validator 1DPPqS7kQNQMcn28du4sYJe8YKLUH8Jrig credited with 5300000000 TDC.
New pending rewards: 282400000000
Saving validator account changes
Account updated successfully in /Users/tadeatobatele/Documents/UniStuff/CS351 Project/code/PoSBlockchain/network_data/node_0/data/account.db
Broadcasting account update to node at port 9001
Publishing account update for 1DPPqS7kQNQMcn28du4sYJe8YKLUH8Jrig to node at port 9001
Trying to connect from 9000: to: 9001...
Connected to host at port 9001
Account update for 1DPPqS7kQNQMcn28du4sYJe8YKLUH8Jrig sent to port 9001
Broadcasting account update to node at port 9002
Publishing account update for 1DPPqS7kQNQMcn28du4sYJe8YKLUH8Jrig to node at port 9002
Trying to connect from 9000: to: 9002...
Connected to host at port 9002
Account update for 1DPPqS7kQNQMcn28du4sYJe8YKLUH8Jrig sent to port 9002
Account update broadcast to 2 nodes
[Sender] Sending Block: <Blockchain.Backend.core.block.Block object at 0x1104dfad0> to 9001
Trying to connect from 9000: to: 9001...
Connected to host
[Sender] Sending Block: <Blockchain.Backend.core.block.Block object at 0x1104dfad0> to 9002
Trying to connect from 9000: to: 9002...
Connected to host
 Spent Transaction removed 313ef0875bfb0802457f70a07b58f290053824aa7dfc7ee00b298dd1f920262a 
 Spent Transaction removed cc73cf405d5ae3ecb3102357bd8de7d03e0f831cd12faf78f9d82d0ea1456d40 
Block 152 created successfully by Validator 1DPPqS7kQNQMcn28du4sYJe8YKLUH8Jrig with Signature 30440220731685cf6faff181b2454c244916f4660de972b4a87fd18c2e1916d99e90dea102201ac0db72d267c316caed4e0820e3b7b1138c67461685bc34078a6c64697a4bf0 with BlockHash 69f0bf8d6ba1719069af72ba879148513ff6ccd4ca4af891802327633db8f8e8
