Starting node 0 on port 9000
Using account: 1CJL7mvokNjrs2D48jM3EEHoRhQiWCbxCh with stake 100
[Node Setup] No existing blockchain found. Creating Genesis Block...
Error in setup_node: No validators available. Ensure at least one account has a stake.
 * Serving Flask app 'code_node2.Blockchain.Frontend.run' (lazy loading)
 * Environment: production
   WARNING: This is a development server. Do not use it in a production deployment.
   Use a production WSGI server instead.
 * Debug mode: on
SERVER STARTED
LISTENING at 127.0.0.1:9000
[syncManager] Received validator selection message.
[syncManager] Received produce_block, but I'm not the selected validator.
Metrics: {'timestamp': 1744217869.920136, 'node_id': 0, 'mem_pool_size': 0, 'utxo_count': 0}
Node 0 active on port 9000, web: 5900
Metrics: {'timestamp': 1744217879.95814, 'node_id': 0, 'mem_pool_size': 0, 'utxo_count': 0}
Node 0 active on port 9000, web: 5900
Metrics: {'timestamp': 1744217889.969779, 'node_id': 0, 'mem_pool_size': 0, 'utxo_count': 0}
Node 0 active on port 9000, web: 5900
Metrics: {'timestamp': 1744217900.0083652, 'node_id': 0, 'mem_pool_size': 0, 'utxo_count': 0}

Shutting down node 0 gracefully...
