Testing database connections...
  - Connected to node database: /Users/tadeatobatele/Documents/UniStuff/CS351 Project/code/PoSBlockchain/network_data/node_2/node.db
  - Connected to blockchain database: /Users/tadeatobatele/Documents/UniStuff/CS351 Project/code/PoSBlockchain/network_data/node_2/blockchain.db
  - Connected to account database: /Users/tadeatobatele/Documents/UniStuff/CS351 Project/code/PoSBlockchain/network_data/node_2/account.db
Starting node 2 on port 9002 with custom DB paths
Creating account for node 2 with address: 1Lu9SwPPo7DJYrMVrZnkDXVw5y4aEeF1kz
Account data written directly to DB at: /Users/tadeatobatele/Documents/UniStuff/CS351 Project/code/PoSBlockchain/network_data/node_2/account.db
Account details: public_addr=1Lu9SwPPo7DJYrMVrZnkDXVw5y4aEeF1kz, balance=1000
Setting blockchain public address to: 1Lu9SwPPo7DJYrMVrZnkDXVw5y4aEeF1kz
Blockchain initialized successfully through BlockchainManager
Testing database connections...
  - Connected to node database: /Users/tadeatobatele/Documents/UniStuff/CS351 Project/code/PoSBlockchain/network_data/node_2/node.db
  - Connected to blockchain database: /Users/tadeatobatele/Documents/UniStuff/CS351 Project/code/PoSBlockchain/network_data/node_2/blockchain.db
  - Connected to account database: /Users/tadeatobatele/Documents/UniStuff/CS351 Project/code/PoSBlockchain/network_data/node_2/account.db
 * Serving Flask app 'code_node2.Blockchain.Frontend.run' (lazy loading)
 * Environment: production
   WARNING: This is a development server. Do not use it in a production deployment.
   Use a production WSGI server instead.
 * Debug mode: on
Testing database connections...
  - Connected to node database: /Users/tadeatobatele/Documents/UniStuff/CS351 Project/code/PoSBlockchain/network_data/node_2/node.db
  - Connected to blockchain database: /Users/tadeatobatele/Documents/UniStuff/CS351 Project/code/PoSBlockchain/network_data/node_2/blockchain.db
  - Connected to account database: /Users/tadeatobatele/Documents/UniStuff/CS351 Project/code/PoSBlockchain/network_data/node_2/account.db
[Node Setup] Last block height is: 143
DEBUG: Starting UTXO set construction.
ERROR: Referenced transaction dc05bbd2d15965147599569338e784f39df108d30aa34afc05a2ab0d41ab6109 is missing. Skipping input processing for transaction cc73cf405d5ae3ecb3102357bd8de7d03e0f831cd12faf78f9d82d0ea1456d40.
ERROR: Referenced transaction e8f01805dfb18117fcea55ebf589b71fa6404b65ed25303a68e7df514df393a7 is missing. Skipping input processing for transaction 04a29682bd8dd22d004c48cc4fe88ac11ea1c71557550c31cd9a3249b4d7ae5b.
ERROR: Referenced transaction e8f01805dfb18117fcea55ebf589b71fa6404b65ed25303a68e7df514df393a7 is missing. Skipping input processing for transaction 04a29682bd8dd22d004c48cc4fe88ac11ea1c71557550c31cd9a3249b4d7ae5b.
ERROR: Referenced transaction fbdc3dbfca9245e1774b3650dbf606ee3eaf1ee73d0f7624c0db149edd751396 is missing. Skipping input processing for transaction 6663bc9d9918ac99350e981393c14f9548ad02c98b86ddfc90ec43f2d87eb461.
ERROR: Referenced transaction e24e0a9e0891d4a54b4a6b2174ace49e807060a27466bbbefbabc2f412f8f61a is missing. Skipping input processing for transaction bc1285ca28bdf14a1ef37a8bbbdabb3d380f933b8d65d348f7918ca5f1546ee8.
ERROR: Referenced transaction 373fae8bbd417c1410e6e918c1a88b1c0c8a64c028b463a7fdfa94fe03a1cae7 is missing. Skipping input processing for transaction edeaa5808ee94debd08102cf613b8a669548d8b3ff8eef68cf69bb9685746a0b.
ERROR: Referenced transaction e0ce01208de8234705dc514caa27879872a8278c4325a75da51bf9bfd75050f6 is missing. Skipping input processing for transaction 8b3eab6ebb008c197b75d1c9e37dceef040d9ecf429bcd839018d9c2e4906bec.
ERROR: Referenced transaction 6bb7c6e8fea480c7c45f1950af91213cb2b261d35d732054499f5dc1746f3086 is missing. Skipping input processing for transaction 298cac9cf004b3d1d26e57270b89a2d50afb88d29838324bf43f221b72e07b05.
ERROR: Referenced transaction 04a29682bd8dd22d004c48cc4fe88ac11ea1c71557550c31cd9a3249b4d7ae5b is missing. Skipping input processing for transaction 509a1cebc0cf3e9ed6ddbbbb5c263a4de80eb04e86eb7eda2053d7f68c460f39.
ERROR: Referenced transaction 69a205f9ab8fc8ed3c06551a104543c7ec1348fe015bd5f54e7f16f4a00f0bb9 is missing. Skipping input processing for transaction cc3b18e13f396b349878e787bf92d73f12dc9dcb28fea47a6b8c2dfe04ba72d7.
ERROR: Referenced transaction 6bb7c6e8fea480c7c45f1950af91213cb2b261d35d732054499f5dc1746f3086 is missing. Skipping input processing for transaction 43a8397a4933667ce7af8b5155f53815781c0839b11a5ddc67a07cf58b293333.
ERROR: Referenced transaction e0ce01208de8234705dc514caa27879872a8278c4325a75da51bf9bfd75050f6 is missing. Skipping input processing for transaction eb1902f9b008d15f15de03538fe425ec0bef602836dfbf00d5e36d23349ba6b5.
ERROR: Referenced transaction 04a29682bd8dd22d004c48cc4fe88ac11ea1c71557550c31cd9a3249b4d7ae5b is missing. Skipping input processing for transaction 806ec17b97082557a5466bff13436cf98709bf38712c928d92b537557592bd2f.
ERROR: Invalid prev_index 1 for transaction 9a0ce7bec21b13abe12fba4f55169692c18f7f54b704a00ece057f36f0282a1f.
ERROR: Invalid prev_index 1 for transaction 5b92f1de793aade763eaa3ca05f2a5a2a2a0847b0737f7c7cd2466624c31a202.
ERROR: Referenced transaction c4416d76211827ac9dbadcd83f2700e4148920e7abdd537a1279867479cc429c is missing. Skipping input processing for transaction 7e9d6ae9e8c44a25de9a14495f7e3285e16108877066cff11319aad98f34d21f.
ERROR: Referenced transaction 7a1b22dafcd662153dad630d65640a47580c51d886c2bc22ecd1fc4d21600bd0 is missing. Skipping input processing for transaction 9f94759c335226f56d1bbf2e55a46cd4f0d41d19320f06305c217ace39d0a66d.
ERROR: Referenced transaction 791c514e073ee17375de0a1285de2aaf3ebb45a70ace0de0163b4b2396a502d7 is missing. Skipping input processing for transaction 19f390766d6aff9d4f5fa722b8215809ef1f95821b14df82b5e12dca94c91335.
ERROR: Invalid prev_index 1 for transaction edeaa5808ee94debd08102cf613b8a669548d8b3ff8eef68cf69bb9685746a0b.
ERROR: Referenced transaction 85b89bd0c677f4eef12a270c8d309bf0fd08bda683ca4009e8b08a5481477353 is missing. Skipping input processing for transaction fac18b9cbb36b9efc2e64c950e37f43c50e3e467871d85700344559cd477a664.
WARNING: The following transactions reference missing inputs:
  Transaction cc73cf405d5ae3ecb3102357bd8de7d03e0f831cd12faf78f9d82d0ea1456d40 references missing transaction dc05bbd2d15965147599569338e784f39df108d30aa34afc05a2ab0d41ab6109.
  Transaction 04a29682bd8dd22d004c48cc4fe88ac11ea1c71557550c31cd9a3249b4d7ae5b references missing transaction e8f01805dfb18117fcea55ebf589b71fa6404b65ed25303a68e7df514df393a7.
  Transaction 04a29682bd8dd22d004c48cc4fe88ac11ea1c71557550c31cd9a3249b4d7ae5b references missing transaction e8f01805dfb18117fcea55ebf589b71fa6404b65ed25303a68e7df514df393a7.
  Transaction 6663bc9d9918ac99350e981393c14f9548ad02c98b86ddfc90ec43f2d87eb461 references missing transaction fbdc3dbfca9245e1774b3650dbf606ee3eaf1ee73d0f7624c0db149edd751396.
  Transaction bc1285ca28bdf14a1ef37a8bbbdabb3d380f933b8d65d348f7918ca5f1546ee8 references missing transaction e24e0a9e0891d4a54b4a6b2174ace49e807060a27466bbbefbabc2f412f8f61a.
  Transaction edeaa5808ee94debd08102cf613b8a669548d8b3ff8eef68cf69bb9685746a0b references missing transaction 373fae8bbd417c1410e6e918c1a88b1c0c8a64c028b463a7fdfa94fe03a1cae7.
  Transaction 8b3eab6ebb008c197b75d1c9e37dceef040d9ecf429bcd839018d9c2e4906bec references missing transaction e0ce01208de8234705dc514caa27879872a8278c4325a75da51bf9bfd75050f6.
  Transaction 298cac9cf004b3d1d26e57270b89a2d50afb88d29838324bf43f221b72e07b05 references missing transaction 6bb7c6e8fea480c7c45f1950af91213cb2b261d35d732054499f5dc1746f3086.
  Transaction 509a1cebc0cf3e9ed6ddbbbb5c263a4de80eb04e86eb7eda2053d7f68c460f39 references missing transaction 04a29682bd8dd22d004c48cc4fe88ac11ea1c71557550c31cd9a3249b4d7ae5b.
  Transaction cc3b18e13f396b349878e787bf92d73f12dc9dcb28fea47a6b8c2dfe04ba72d7 references missing transaction 69a205f9ab8fc8ed3c06551a104543c7ec1348fe015bd5f54e7f16f4a00f0bb9.
  Transaction 43a8397a4933667ce7af8b5155f53815781c0839b11a5ddc67a07cf58b293333 references missing transaction 6bb7c6e8fea480c7c45f1950af91213cb2b261d35d732054499f5dc1746f3086.
  Transaction eb1902f9b008d15f15de03538fe425ec0bef602836dfbf00d5e36d23349ba6b5 references missing transaction e0ce01208de8234705dc514caa27879872a8278c4325a75da51bf9bfd75050f6.
  Transaction 806ec17b97082557a5466bff13436cf98709bf38712c928d92b537557592bd2f references missing transaction 04a29682bd8dd22d004c48cc4fe88ac11ea1c71557550c31cd9a3249b4d7ae5b.
  Transaction 7e9d6ae9e8c44a25de9a14495f7e3285e16108877066cff11319aad98f34d21f references missing transaction c4416d76211827ac9dbadcd83f2700e4148920e7abdd537a1279867479cc429c.
  Transaction 9f94759c335226f56d1bbf2e55a46cd4f0d41d19320f06305c217ace39d0a66d references missing transaction 7a1b22dafcd662153dad630d65640a47580c51d886c2bc22ecd1fc4d21600bd0.
  Transaction 19f390766d6aff9d4f5fa722b8215809ef1f95821b14df82b5e12dca94c91335 references missing transaction 791c514e073ee17375de0a1285de2aaf3ebb45a70ace0de0163b4b2396a502d7.
  Transaction fac18b9cbb36b9efc2e64c950e37f43c50e3e467871d85700344559cd477a664 references missing transaction 85b89bd0c677f4eef12a270c8d309bf0fd08bda683ca4009e8b08a5481477353.
DEBUG: UTXO set construction complete.
[Node Setup] UTXO set constructed.
Starting download...
Error while downloading or uploading the Blockchain 
[Errno 48] Address already in use
Starting download...
Error while downloading or uploading the Blockchain 
[Errno 48] Address already in use
[Node Setup] Sync service started. Node is now ready and waiting for validator selection.
Selected Validator: 1Lu9SwPPo7DJYrMVrZnkDXVw5y4aEeF1kz with stake 100 PRINTED FROM ADD BLOCK
Looking up validator account: 1Lu9SwPPo7DJYrMVrZnkDXVw5y4aEeF1kz
Standard lookup failed, trying direct database access
Detected node_id 2
Trying database path: /Users/tadeatobatele/Documents/UniStuff/CS351 Project/code/PoSBlockchain/network_data/node_2/data/account.dbTesting database connections...
  - Connected to node database: /Users/tadeatobatele/Documents/UniStuff/CS351 Project/code/PoSBlockchain/network_data/node_2/node.db
  - Connected to blockchain database: /Users/tadeatobatele/Documents/UniStuff/CS351 Project/code/PoSBlockchain/network_data/node_2/blockchain.db
  - Connected to account database: /Users/tadeatobatele/Documents/UniStuff/CS351 Project/code/PoSBlockchain/network_data/node_2/account.db
SERVER STARTED
LISTENING at 127.0.0.1:9002
[syncManager] Received validator selection message.
[DEBUG] Selected validator: {'public_addr': '1Lu9SwPPo7DJYrMVrZnkDXVw5y4aEeF1kz', 'privateKey': 46707185248865296345366463593339102785859545093537333336358754291775493830931, 'private_key': 46707185248865296345366463593339102785859545093537333336358754291775493830931, 'public_key': '035b605b121b0382b340dd55bb960bd73c19bb5b484d61837b41beb29b1e8341b1', 'balance': 1000, 'staked': 100, 'pending_rewards': 0, 'unspent': 100000000000, 'locked_until': 0, 'staking_history': '[]'}
[DEBUG] My public address: 1Lu9SwPPo7DJYrMVrZnkDXVw5y4aEeF1kz
Database path used: data/account.db
Account object created: address=1Lu9SwPPo7DJYrMVrZnkDXVw5y4aEeF1kz, staked=10000000000 satoshis (100.0 coins), rewards=266500000000 satoshis (2665.0 coins)
[syncManager] I AM THE SELECTED VALIDATOR! - Address 1Lu9SwPPo7DJYrMVrZnkDXVw5y4aEeF1kz Producing next block.
[syncManager] I'm selected as validator. Waiting briefly for any competing blocks...
[syncManager] I AM THE SELECTED VALIDATOR! Creating block at height 144
[syncManager] Creating block at height 144
[syncManager] Block 144 created successfully
Testing database connections...
  - Connected to node database: /Users/tadeatobatele/Documents/UniStuff/CS351 Project/code/PoSBlockchain/network_data/node_2/node.db
  - Connected to blockchain database: /Users/tadeatobatele/Documents/UniStuff/CS351 Project/code/PoSBlockchain/network_data/node_2/blockchain.db
  - Connected to account database: /Users/tadeatobatele/Documents/UniStuff/CS351 Project/code/PoSBlockchain/network_data/node_2/account.db
