[BlockchainDB 0] Attempting to connect to: /dcs/project/algoblock/MainCode/PoWBlockchain/network_data/node_0/data/blockchain.db
[BlockchainDB 0] Attempting to connect to: /dcs/project/algoblock/MainCode/PoWBlockchain/network_data/node_0/data/blockchain.db
[Node 0 ReorgManager] Initialised.
[Node 0 ReorgManager] Initialised.
[SyncManager Init 0] Initialized. Listening on 127.0.0.1:9000. DB: /dcs/project/algoblock/MainCode/PoWBlockchain/network_data/node_0/data/blockchain.db
[SyncManager Init 0] Initialized. Listening on 127.0.0.1:9000. DB: /dcs/project/algoblock/MainCode/PoWBlockchain/network_data/node_0/data/blockchain.db
[NodeDB 0] Attempting to connect to: /dcs/project/algoblock/MainCode/PoWBlockchain/network_data/node_0/data/node.db
[NodeDB 0] Attempting to connect to: /dcs/project/algoblock/MainCode/PoWBlockchain/network_data/node_0/data/node.db
[SyncManager Init 0] NodeDB initialized.
[SyncManager Init 0] NodeDB initialized.
[Node 0 Server] SERVER STARTED. LISTENING at 127.0.0.1:9000
[Node 0 Server] SERVER STARTED. LISTENING at 127.0.0.1:9000
Starting new HTTP connection (1): localhost:5900
Starting new HTTP connection (1): localhost:5900
Starting new HTTP connection (1): localhost:5900
Starting new HTTP connection (1): localhost:5900
Starting new HTTP connection (1): localhost:5900
Starting new HTTP connection (1): localhost:5900
Starting new HTTP connection (1): localhost:5900
Starting new HTTP connection (1): localhost:5900
Starting new HTTP connection (1): localhost:5900
Starting new HTTP connection (1): localhost:5900
Starting new HTTP connection (1): localhost:5900
Starting new HTTP connection (1): localhost:5900
Starting new HTTP connection (1): localhost:5900
Starting new HTTP connection (1): localhost:5900
Starting new HTTP connection (1): localhost:5900
Starting new HTTP connection (1): localhost:5900
Starting new HTTP connection (1): localhost:5900
Starting new HTTP connection (1): localhost:5900
Starting new HTTP connection (1): localhost:5900
Starting new HTTP connection (1): localhost:5900
