[BlockchainDB 2] Attempting to connect to: /dcs/project/algoblock/MainCode/PoWBlockchain/network_data/node_2/data/blockchain.db
[BlockchainDB 2] Attempting to connect to: /dcs/project/algoblock/MainCode/PoWBlockchain/network_data/node_2/data/blockchain.db
[Node 2 ReorgManager] Initialised.
[Node 2 ReorgManager] Initialised.
[SyncManager Init 2] Initialized. Listening on 127.0.0.1:9002. DB: /dcs/project/algoblock/MainCode/PoWBlockchain/network_data/node_2/data/blockchain.db
[SyncManager Init 2] Initialized. Listening on 127.0.0.1:9002. DB: /dcs/project/algoblock/MainCode/PoWBlockchain/network_data/node_2/data/blockchain.db
[NodeDB 2] Attempting to connect to: /dcs/project/algoblock/MainCode/PoWBlockchain/network_data/node_2/data/node.db
[NodeDB 2] Attempting to connect to: /dcs/project/algoblock/MainCode/PoWBlockchain/network_data/node_2/data/node.db
[SyncManager Init 2] NodeDB initialized.
[SyncManager Init 2] NodeDB initialized.
[Node 2 Server] SERVER STARTED. LISTENING at 127.0.0.1:9002
[Node 2 Server] SERVER STARTED. LISTENING at 127.0.0.1:9002
Starting new HTTP connection (1): localhost:5902
Starting new HTTP connection (1): localhost:5902
Starting new HTTP connection (1): localhost:5902
Starting new HTTP connection (1): localhost:5902
Starting new HTTP connection (1): localhost:5902
Starting new HTTP connection (1): localhost:5902
Starting new HTTP connection (1): localhost:5902
Starting new HTTP connection (1): localhost:5902
Starting new HTTP connection (1): localhost:5902
Starting new HTTP connection (1): localhost:5902
Starting new HTTP connection (1): localhost:5902
Starting new HTTP connection (1): localhost:5902
