DB Module: PROJECT_ROOT determined as: /dcs/project/algoblock/MainCode/PoWBlockchain
DB Module: Logging to: /dcs/project/algoblock/MainCode/PoWBlockchain/database.log
DB Module: PROJECT_ROOT determined as: /dcs/project/algoblock/MainCode/PoWBlockchain
DB Module: Logging to: /dcs/project/algoblock/MainCode/PoWBlockchain/database.log
Testing database connections...
  - Connected to node database: /dcs/project/algoblock/MainCode/PoWBlockchain/network_data/node_2/data/node.db
  - Connected to blockchain database: /dcs/project/algoblock/MainCode/PoWBlockchain/network_data/node_2/data/blockchain.db
  - Connected to account database: /dcs/project/algoblock/MainCode/PoWBlockchain/network_data/node_2/data/account.db
Starting node 2 on port 9002 with custom DB paths
Account details: {"public_addr": "1Lu9SwPPo7DJYrMVrZnkDXVw5y4aEeF1kz", "privateKey": "46707185248865296345366463593339102785859545093537333336358754291775493830931", "public_key": "035b605b121b0382b340dd55bb960bd73c19bb5b484d61837b41beb29b1e8341b1"}
All accounts written to DB at: /dcs/project/algoblock/MainCode/PoWBlockchain/network_data/node_2/data/account.db
Account details: public_addr=1Lu9SwPPo7DJYrMVrZnkDXVw5y4aEeF1kz, balance=None
[BlockchainDB 2] Attempting to connect to: /dcs/project/algoblock/MainCode/PoWBlockchain/network_data/node_2/data/blockchain.db
[BlockchainDB 2] Attempting to connect to: /dcs/project/algoblock/MainCode/PoWBlockchain/network_data/node_2/data/blockchain.db
[Node 2 ReorgManager] Initialised.
[Node 2 ReorgManager] Initialised.
Error initializing blockchain: name 'node_id' is not defined
[start_node 2 DEBUG] Blockchain object before syncManager init: None (Type: <class 'NoneType'>)
[SyncManager Init 2] Initialized. Listening on 127.0.0.1:9002. DB: /dcs/project/algoblock/MainCode/PoWBlockchain/network_data/node_2/data/blockchain.db
[SyncManager Init 2] Initialized. Listening on 127.0.0.1:9002. DB: /dcs/project/algoblock/MainCode/PoWBlockchain/network_data/node_2/data/blockchain.db
[NodeDB 2] Attempting to connect to: /dcs/project/algoblock/MainCode/PoWBlockchain/network_data/node_2/data/node.db
[NodeDB 2] Attempting to connect to: /dcs/project/algoblock/MainCode/PoWBlockchain/network_data/node_2/data/node.db
[SyncManager Init 2] NodeDB initialized.
[SyncManager Init 2] NodeDB initialized.
Server started on port 9002
[Node 2 Server] SERVER STARTED. LISTENING at 127.0.0.1:9002
[Node 2 Server] SERVER STARTED. LISTENING at 127.0.0.1:9002
[Startup] Node 2 syncing blockchain …
[Startup] Node 2 sync failed: 'NoneType' object has no attribute 'startSync'
Waiting for web UI at http://localhost:5902…
Starting new HTTP connection (1): localhost:5902
Starting new HTTP connection (1): localhost:5902
Starting new HTTP connection (1): localhost:5902
Starting new HTTP connection (1): localhost:5902
Starting new HTTP connection (1): localhost:5902
Starting new HTTP connection (1): localhost:5902
Starting new HTTP connection (1): localhost:5902
Starting new HTTP connection (1): localhost:5902
Starting new HTTP connection (1): localhost:5902
Starting new HTTP connection (1): localhost:5902
Starting new HTTP connection (1): localhost:5902
Starting new HTTP connection (1): localhost:5902
\nShutting down node NODE_ID gracefully...
